/opt/matlab/2016b/bin/glnxa64/MATLAB: /usr/lib64/libstdc++.so.6: version `GLIBCXX_3.4.20' not found (required by /opt/matlab/2016b/bin/glnxa64/libmwi18n.so)
/opt/matlab/2016b/bin/glnxa64/MATLAB: /usr/lib64/libstdc++.so.6: version `CXXABI_1.3.8' not found (required by /opt/matlab/2016b/bin/glnxa64/libmwi18n.so)
/opt/matlab/2016b/bin/glnxa64/MATLAB: /usr/lib64/libstdc++.so.6: version `GLIBCXX_3.4.15' not found (required by /opt/matlab/2016b/bin/glnxa64/libmwi18n.so)
/opt/matlab/2016b/bin/glnxa64/MATLAB: /usr/lib64/libstdc++.so.6: version `GLIBCXX_3.4.14' not found (required by /opt/matlab/2016b/bin/glnxa64/libmwmvm.so)
/opt/matlab/2016b/bin/glnxa64/MATLAB: /usr/lib64/libstdc++.so.6: version `CXXABI_1.3.8' not found (required by /opt/matlab/2016b/bin/glnxa64/libmwmvm.so)
/opt/matlab/2016b/bin/glnxa64/MATLAB: /usr/lib64/libstdc++.so.6: version `GLIBCXX_3.4.20' not found (required by /opt/matlab/2016b/bin/glnxa64/libmwmvm.so)
/opt/matlab/2016b/bin/glnxa64/MATLAB: /usr/lib64/libstdc++.so.6: version `GLIBCXX_3.4.15' not found (required by /opt/matlab/2016b/bin/glnxa64/libmwmvm.so)
/opt/matlab/2016b/bin/glnxa64/MATLAB: /usr/lib64/libstdc++.so.6: version `CXXABI_1.3.8' not found (required by /opt/matlab/2016b/bin/glnxa64/libmwservices.so)
/opt/matlab/2016b/bin/glnxa64/MATLAB: /usr/lib64/libstdc++.so.6: version `GLIBCXX_3.4.14' not found (required by /opt/matlab/2016b/bin/glnxa64/libmwservices.so)
/opt/matlab/2016b/bin/glnxa64/MATLAB: /usr/lib64/libstdc++.so.6: version `GLIBCXX_3.4.19' not found (required by /opt/matlab/2016b/bin/glnxa64/libmwservices.so)
/opt/matlab/2016b/bin/glnxa64/MATLAB: /usr/lib64/libstdc++.so.6: version `GLIBCXX_3.4.15' not found (required by /opt/matlab/2016b/bin/glnxa64/libmwservices.so)
/opt/matlab/2016b/bin/glnxa64/MATLAB: /usr/lib64/libstdc++.so.6: version `GLIBCXX_3.4.20' not found (required by /opt/matlab/2016b/bin/glnxa64/libmwservices.so)
/opt/matlab/2016b/bin/glnxa64/MATLAB: /usr/lib64/libstdc++.so.6: version `GLIBCXX_3.4.20' not found (required by /opt/matlab/2016b/bin/glnxa64/libmwcpp11compat.so)
/opt/matlab/2016b/bin/glnxa64/MATLAB: /usr/lib64/libstdc++.so.6: version `GLIBCXX_3.4.15' not found (required by /opt/matlab/2016b/bin/glnxa64/libboost_date_time.so.1.56.0)
/opt/matlab/2016b/bin/glnxa64/MATLAB: /usr/lib64/libstdc++.so.6: version `CXXABI_1.3.8' not found (required by /opt/matlab/2016b/bin/glnxa64/libboost_filesystem.so.1.56.0)
/opt/matlab/2016b/bin/glnxa64/MATLAB: /usr/lib64/libstdc++.so.6: version `GLIBCXX_3.4.20' not found (required by /opt/matlab/2016b/bin/glnxa64/libboost_filesystem.so.1.56.0)
/opt/matlab/2016b/bin/glnxa64/MATLAB: /usr/lib64/libstdc++.so.6: version `CXXABI_1.3.8' not found (required by /opt/matlab/2016b/bin/glnxa64/libicuuc.so.56)
/opt/matlab/2016b/bin/glnxa64/MATLAB: /usr/lib64/libstdc++.so.6: version `CXXABI_1.3.8' not found (required by /opt/matlab/2016b/bin/glnxa64/libicui18n.so.56)
/opt/matlab/2016b/bin/glnxa64/MATLAB: /usr/lib64/libstdc++.so.6: version `CXXABI_1.3.8' not found (required by /opt/matlab/2016b/bin/glnxa64/libmwms.so)
/opt/matlab/2016b/bin/glnxa64/MATLAB: /usr/lib64/libstdc++.so.6: version `GLIBCXX_3.4.14' not found (required by /opt/matlab/2016b/bin/glnxa64/libmwms.so)
/opt/matlab/2016b/bin/glnxa64/MATLAB: /usr/lib64/libstdc++.so.6: version `GLIBCXX_3.4.15' not found (required by /opt/matlab/2016b/bin/glnxa64/libmwms.so)
/opt/matlab/2016b/bin/glnxa64/MATLAB: /usr/lib64/libstdc++.so.6: version `GLIBCXX_3.4.20' not found (required by /opt/matlab/2016b/bin/glnxa64/libut.so)
/opt/matlab/2016b/bin/glnxa64/MATLAB: /usr/lib64/libstdc++.so.6: version `CXXABI_1.3.8' not found (required by /opt/matlab/2016b/bin/glnxa64/libut.so)
/opt/matlab/2016b/bin/glnxa64/MATLAB: /usr/lib64/libstdc++.so.6: version `GLIBCXX_3.4.15' not found (required by /opt/matlab/2016b/bin/glnxa64/libut.so)
/opt/matlab/2016b/bin/glnxa64/MATLAB: /usr/lib64/libstdc++.so.6: version `GLIBCXX_3.4.20' not found (required by /opt/matlab/2016b/bin/glnxa64/libmwfl.so)
/opt/matlab/2016b/bin/glnxa64/MATLAB: /usr/lib64/libstdc++.so.6: version `CXXABI_1.3.8' not found (required by /opt/matlab/2016b/bin/glnxa64/libmwfl.so)
/opt/matlab/2016b/bin/glnxa64/MATLAB: /usr/lib64/libstdc++.so.6: version `GLIBCXX_3.4.14' not found (required by /opt/matlab/2016b/bin/glnxa64/libmwfl.so)
/opt/matlab/2016b/bin/glnxa64/MATLAB: /usr/lib64/libstdc++.so.6: version `GLIBCXX_3.4.15' not found (required by /opt/matlab/2016b/bin/glnxa64/libmwfl.so)
/opt/matlab/2016b/bin/glnxa64/MATLAB: /usr/lib64/libstdc++.so.6: version `CXXABI_1.3.8' not found (required by /opt/matlab/2016b/bin/glnxa64/libmx.so)
/opt/matlab/2016b/bin/glnxa64/MATLAB: /usr/lib64/libstdc++.so.6: version `GLIBCXX_3.4.14' not found (required by /opt/matlab/2016b/bin/glnxa64/libmx.so)
/opt/matlab/2016b/bin/glnxa64/MATLAB: /usr/lib64/libstdc++.so.6: version `CXXABI_1.3.8' not found (required by /opt/matlab/2016b/bin/glnxa64/libmwmlutil.so)
/opt/matlab/2016b/bin/glnxa64/MATLAB: /usr/lib64/libstdc++.so.6: version `GLIBCXX_3.4.14' not found (required by /opt/matlab/2016b/bin/glnxa64/libmwmlutil.so)
/opt/matlab/2016b/bin/glnxa64/MATLAB: /usr/lib64/libstdc++.so.6: version `GLIBCXX_3.4.19' not found (required by /opt/matlab/2016b/bin/glnxa64/libmwmlutil.so)
/opt/matlab/2016b/bin/glnxa64/MATLAB: /usr/lib64/libstdc++.so.6: version `CXXABI_1.3.5' not found (required by /opt/matlab/2016b/bin/glnxa64/libmwmlutil.so)
/opt/matlab/2016b/bin/glnxa64/MATLAB: /usr/lib64/libstdc++.so.6: version `GLIBCXX_3.4.15' not found (required by /opt/matlab/2016b/bin/glnxa64/libmwmlutil.so)
/opt/matlab/2016b/bin/glnxa64/MATLAB: /usr/lib64/libstdc++.so.6: version `GLIBCXX_3.4.20' not found (required by /opt/matlab/2016b/bin/glnxa64/libboost_log.so.1.56.0)
/opt/matlab/2016b/bin/glnxa64/MATLAB: /usr/lib64/libstdc++.so.6: version `GLIBCXX_3.4.15' not found (required by /opt/matlab/2016b/bin/glnxa64/libboost_log.so.1.56.0)
/opt/matlab/2016b/bin/glnxa64/MATLAB: /usr/lib64/libstdc++.so.6: version `GLIBCXX_3.4.20' not found (required by /opt/matlab/2016b/bin/glnxa64/libboost_regex.so.1.56.0)
/opt/matlab/2016b/bin/glnxa64/MATLAB: /usr/lib64/libstdc++.so.6: version `CXXABI_1.3.8' not found (required by /opt/matlab/2016b/bin/glnxa64/libboost_regex.so.1.56.0)
/opt/matlab/2016b/bin/glnxa64/MATLAB: /usr/lib64/libstdc++.so.6: version `GLIBCXX_3.4.15' not found (required by /opt/matlab/2016b/bin/glnxa64/libboost_regex.so.1.56.0)
/opt/matlab/2016b/bin/glnxa64/MATLAB: /usr/lib64/libstdc++.so.6: version `GLIBCXX_3.4.20' not found (required by /opt/matlab/2016b/bin/glnxa64/libboost_serialization.so.1.56.0)
/opt/matlab/2016b/bin/glnxa64/MATLAB: /usr/lib64/libstdc++.so.6: version `GLIBCXX_3.4.20' not found (required by /opt/matlab/2016b/bin/glnxa64/libmwregexp.so)
/opt/matlab/2016b/bin/glnxa64/MATLAB: /usr/lib64/libstdc++.so.6: version `GLIBCXX_3.4.18' not found (required by /opt/matlab/2016b/bin/glnxa64/libmwmpath.so)
/opt/matlab/2016b/bin/glnxa64/MATLAB: /usr/lib64/libstdc++.so.6: version `GLIBCXX_3.4.15' not found (required by /opt/matlab/2016b/bin/glnxa64/libmwmpath.so)
/opt/matlab/2016b/bin/glnxa64/MATLAB: /usr/lib64/libstdc++.so.6: version `CXXABI_1.3.5' not found (required by /opt/matlab/2016b/bin/glnxa64/libmwmpath.so)
/opt/matlab/2016b/bin/glnxa64/MATLAB: /usr/lib64/libstdc++.so.6: version `GLIBCXX_3.4.20' not found (required by /opt/matlab/2016b/bin/glnxa64/libmwmpath.so)
/opt/matlab/2016b/bin/glnxa64/MATLAB: /usr/lib64/libstdc++.so.6: version `CXXABI_1.3.8' not found (required by /opt/matlab/2016b/bin/glnxa64/libmwsettingscore.so)
/opt/matlab/2016b/bin/glnxa64/MATLAB: /usr/lib64/libstdc++.so.6: version `GLIBCXX_3.4.15' not found (required by /opt/matlab/2016b/bin/glnxa64/libmwsettingscore.so)
/opt/matlab/2016b/bin/glnxa64/MATLAB: /usr/lib64/libstdc++.so.6: version `GLIBCXX_3.4.20' not found (required by /opt/matlab/2016b/bin/glnxa64/libmwsettingscore.so)
/opt/matlab/2016b/bin/glnxa64/MATLAB: /usr/lib64/libstdc++.so.6: version `GLIBCXX_3.4.15' not found (required by /opt/matlab/2016b/bin/glnxa64/libmwopccore.so)
/opt/matlab/2016b/bin/glnxa64/MATLAB: /usr/lib64/libstdc++.so.6: version `GLIBCXX_3.4.20' not found (required by /opt/matlab/2016b/bin/glnxa64/libmwopcmodel.so)
/opt/matlab/2016b/bin/glnxa64/MATLAB: /usr/lib64/libstdc++.so.6: version `GLIBCXX_3.4.15' not found (required by /opt/matlab/2016b/bin/glnxa64/libmwopcmodel.so)
/opt/matlab/2016b/bin/glnxa64/MATLAB: /usr/lib64/libstdc++.so.6: version `GLIBCXX_3.4.14' not found (required by /opt/matlab/2016b/bin/glnxa64/libmwopczippackage.so)
/opt/matlab/2016b/bin/glnxa64/MATLAB: /usr/lib64/libstdc++.so.6: version `GLIBCXX_3.4.15' not found (required by /opt/matlab/2016b/bin/glnxa64/libmwopczippackage.so)
/opt/matlab/2016b/bin/glnxa64/MATLAB: /usr/lib64/libstdc++.so.6: version `GLIBCXX_3.4.20' not found (required by /opt/matlab/2016b/bin/glnxa64/libmwopczippackage.so)
/opt/matlab/2016b/bin/glnxa64/MATLAB: /usr/lib64/libstdc++.so.6: version `GLIBCXX_3.4.20' not found (required by /opt/matlab/2016b/bin/glnxa64/libmwopcmwservices.so)
/opt/matlab/2016b/bin/glnxa64/MATLAB: /usr/lib64/libstdc++.so.6: version `GLIBCXX_3.4.20' not found (required by /opt/matlab/2016b/bin/glnxa64/libmwwebproxy.so)
/opt/matlab/2016b/bin/glnxa64/MATLAB: /usr/lib64/libstdc++.so.6: version `GLIBCXX_3.4.18' not found (required by /opt/matlab/2016b/bin/glnxa64/libCppMicroServices.so.2.1.0)
/opt/matlab/2016b/bin/glnxa64/MATLAB: /usr/lib64/libstdc++.so.6: version `CXXABI_1.3.5' not found (required by /opt/matlab/2016b/bin/glnxa64/libCppMicroServices.so.2.1.0)
/opt/matlab/2016b/bin/glnxa64/MATLAB: /usr/lib64/libstdc++.so.6: version `GLIBCXX_3.4.14' not found (required by /opt/matlab/2016b/bin/glnxa64/libCppMicroServices.so.2.1.0)
/opt/matlab/2016b/bin/glnxa64/MATLAB: /usr/lib64/libstdc++.so.6: version `GLIBCXX_3.4.20' not found (required by /opt/matlab/2016b/bin/glnxa64/libCppMicroServices.so.2.1.0)
/opt/matlab/2016b/bin/glnxa64/MATLAB: /usr/lib64/libstdc++.so.6: version `GLIBCXX_3.4.15' not found (required by /opt/matlab/2016b/bin/glnxa64/libCppMicroServices.so.2.1.0)
/opt/matlab/2016b/bin/glnxa64/MATLAB: /usr/lib64/libstdc++.so.6: version `GLIBCXX_3.4.15' not found (required by /opt/matlab/2016b/bin/glnxa64/libPocoFoundation.so.31)
/opt/matlab/2016b/bin/glnxa64/MATLAB: /usr/lib64/libstdc++.so.6: version `GLIBCXX_3.4.15' not found (required by /opt/matlab/2016b/bin/glnxa64/libPocoNet.so.31)
/opt/matlab/2016b/bin/glnxa64/MATLAB: /usr/lib64/libstdc++.so.6: version `GLIBCXX_3.4.15' not found (required by /opt/matlab/2016b/bin/glnxa64/libPocoUtil.so.31)
/opt/matlab/2016b/bin/glnxa64/MATLAB: /usr/lib64/libstdc++.so.6: version `GLIBCXX_3.4.15' not found (required by /opt/matlab/2016b/bin/glnxa64/libPocoXML.so.31)
/opt/matlab/2016b/bin/glnxa64/MATLAB: /usr/lib64/libstdc++.so.6: version `GLIBCXX_3.4.15' not found (required by /opt/matlab/2016b/bin/glnxa64/libboost_signals.so.1.56.0)
/opt/matlab/2016b/bin/glnxa64/MATLAB: /usr/lib64/libstdc++.so.6: version `GLIBCXX_3.4.15' not found (required by /opt/matlab/2016b/bin/glnxa64/libmwflnetwork.so)
/opt/matlab/2016b/bin/glnxa64/MATLAB: /usr/lib64/libstdc++.so.6: version `GLIBCXX_3.4.20' not found (required by /opt/matlab/2016b/bin/glnxa64/libmwflnetwork.so)
/opt/matlab/2016b/bin/glnxa64/MATLAB: /usr/lib64/libstdc++.so.6: version `GLIBCXX_3.4.18' not found (required by /opt/matlab/2016b/bin/glnxa64/libmwflnetwork.so)
/opt/matlab/2016b/bin/glnxa64/MATLAB: /usr/lib64/libstdc++.so.6: version `CXXABI_1.3.5' not found (required by /opt/matlab/2016b/bin/glnxa64/libmwflnetwork.so)
/opt/matlab/2016b/bin/glnxa64/MATLAB: /usr/lib64/libstdc++.so.6: version `GLIBCXX_3.4.20' not found (required by /opt/matlab/2016b/bin/glnxa64/libmwflstoragevfs.so)
/opt/matlab/2016b/bin/glnxa64/MATLAB: /usr/lib64/libstdc++.so.6: version `GLIBCXX_3.4.14' not found (required by /opt/matlab/2016b/bin/glnxa64/libmwflstoragevfs.so)
/opt/matlab/2016b/bin/glnxa64/MATLAB: /usr/lib64/libstdc++.so.6: version `GLIBCXX_3.4.15' not found (required by /opt/matlab/2016b/bin/glnxa64/libmwflstoragevfs.so)
/opt/matlab/2016b/bin/glnxa64/MATLAB: /usr/lib64/libstdc++.so.6: version `GLIBCXX_3.4.15' not found (required by /opt/matlab/2016b/bin/glnxa64/libmwflstorageprovider.so)
/opt/matlab/2016b/bin/glnxa64/MATLAB: /usr/lib64/libstdc++.so.6: version `GLIBCXX_3.4.14' not found (required by /opt/matlab/2016b/bin/glnxa64/libmwflstorageprovider.so)
/opt/matlab/2016b/bin/glnxa64/MATLAB: /usr/lib64/libstdc++.so.6: version `GLIBCXX_3.4.20' not found (required by /opt/matlab/2016b/bin/glnxa64/libmwstoragefileprovider.so)
/opt/matlab/2016b/bin/glnxa64/MATLAB: /usr/lib64/libstdc++.so.6: version `GLIBCXX_3.4.15' not found (required by /opt/matlab/2016b/bin/glnxa64/libmwstoragefileprovider.so)
/opt/matlab/2016b/bin/glnxa64/MATLAB: /usr/lib64/libstdc++.so.6: version `GLIBCXX_3.4.14' not found (required by /opt/matlab/2016b/bin/glnxa64/libmwstoragefileprovider.so)
/opt/matlab/2016b/bin/glnxa64/MATLAB: /usr/lib64/libstdc++.so.6: version `GLIBCXX_3.4.14' not found (required by /opt/matlab/2016b/bin/glnxa64/libmwstorageshlibstoragesys.so)
/opt/matlab/2016b/bin/glnxa64/MATLAB: /usr/lib64/libstdc++.so.6: version `GLIBCXX_3.4.15' not found (required by /opt/matlab/2016b/bin/glnxa64/libmwstorageshlibstoragesys.so)
/opt/matlab/2016b/bin/glnxa64/MATLAB: /usr/lib64/libstdc++.so.6: version `CXXABI_1.3.8' not found (required by /opt/matlab/2016b/bin/glnxa64/libmwxmlcore.so)
