
                            < M A T L A B (R) >
                  Copyright 1984-2016 The MathWorks, Inc.
                   R2016b (9.1.0.441655) 64-bit (glnxa64)
                             September 7, 2016

 
To get started, type one of these: helpwin, helpdesk, or demo.
For product information, visit www.mathworks.com.
 
Building with 'g++'.
MEX completed successfully.
Building with 'g++'.
MEX completed successfully.
Building with 'g++'.
MEX completed successfully.
Building with 'g++'.
MEX completed successfully.
Building with 'g++'.
MEX completed successfully.
Building with 'g++'.
MEX completed successfully.
Building with 'g++'.
MEX completed successfully.
Building with 'g++'.
MEX completed successfully.
Building with 'g++'.
MEX completed successfully.
Building with 'g++'.
MEX completed successfully.
Building with 'g++'.
MEX completed successfully.
Building with 'g++'.
MEX completed successfully.
Building with 'g++'.
MEX completed successfully.
Building with 'g++'.
MEX completed successfully.
Building with 'g++'.
MEX completed successfully.
Building with 'g++'.
MEX completed successfully.
Building with 'g++'.
In file included from /home/enijkamp/coop-ADELM/matconvnet-1.0-beta16/matlab/src/bits/impl/imread_libjpeg.cpp:14:0:
/home/enijkamp/coop-ADELM/matconvnet-1.0-beta16/matlab/src/bits/impl/imread_helpers.hpp:35:2: warning: #warning "SSSE3 instruction set not enabled. Using slower image conversion routines." [-Wcpp]
 #warning "SSSE3 instruction set not enabled. Using slower image conversion routines."
  ^

MEX completed successfully.
Building with 'g++'.
MEX completed successfully.
Building with 'g++'.
MEX completed successfully.
Building with 'g++'.
MEX completed successfully.
Building with 'g++'.
MEX completed successfully.
Building with 'g++'.
MEX completed successfully.
Building with 'g++'.
MEX completed successfully.
Building with 'gcc'.
MEX completed successfully.
Building with 'gcc'.
MEX completed successfully.
Building with 'gcc'.
MEX completed successfully.
Building with 'gcc'.
MEX completed successfully.
Building with 'gcc'.
MEX completed successfully.
Building with 'gcc'.
MEX completed successfully.
Starting parallel pool (parpool) using the 'comet1' profile ... [Warning: The system time zone setting, 'US/Pacific-New', does not specify a
single time zone unambiguously. It will be treated as 'America/Los_Angeles'.
See the <a href="matlab:doc('datetime.TimeZone')">datetime.TimeZone
property</a> for details about specifying time zones.] 
[> In verifyTimeZone (line 23)
  In datetime (line 503)
  In parallel.internal.cluster.DefaultProperties.getNewJobPropStruct (line 16)
  In parallel.internal.cluster.CJSSupport/buildJob (line 151)
  In parallel.cluster.CJSCluster/buildCommunicatingJob (line 452)
  In parallel.Cluster/createCommunicatingJob (line 89)
  In parallel.internal.pool.InteractiveClient>iCreateCommunicatingJob (line 714)
  In parallel.internal.pool.InteractiveClient/start (line 325)
  In parallel.Pool>iStartClient (line 567)
  In parallel.Pool.hBuildPool (line 446)
  In parallel.internal.pool.doParpool (line 15)
  In parpool (line 89)
  In ivy_all_4_2_1_barmat_1 (line 14)] 
connected to 24 workers.
get_AD_order -> par = 63, parfor toc = 1.9236, max toc = 0.63603
get_AD_order -> par = 63, parfor toc = 1.5125, max toc = 0.2657
get_AD_order -> par = 63, parfor toc = 1.4494, max toc = 0.26715
get_AD_order -> par = 63, parfor toc = 1.4913, max toc = 0.27267
get_AD_order -> par = 63, parfor toc = 1.5013, max toc = 0.28206
get_AD_order -> par = 63, parfor toc = 1.5966, max toc = 0.34795
get_AD_order -> par = 63, parfor toc = 1.4499, max toc = 0.31912
get_AD_order -> par = 63, parfor toc = 1.4762, max toc = 0.28501
get_AD_order -> par = 63, parfor toc = 1.5217, max toc = 0.39037
get_AD_order -> par = 63, parfor toc = 1.4461, max toc = 0.3171
get_AD_order -> par = 63, parfor toc = 1.4703, max toc = 0.31709
get_AD_order -> par = 63, parfor toc = 1.4459, max toc = 0.28869
get_AD_order -> par = 63, parfor toc = 1.5026, max toc = 0.31592
get_AD_order -> par = 63, parfor toc = 1.4434, max toc = 0.3113
get_AD_order -> par = 63, parfor toc = 1.4659, max toc = 0.38613
get_AD_order -> par = 63, parfor toc = 1.4807, max toc = 0.30928
get_AD_order -> par = 63, parfor toc = 1.463, max toc = 0.31909
get_AD_order -> par = 63, parfor toc = 1.3832, max toc = 0.26958
get_AD_order -> par = 63, parfor toc = 1.4985, max toc = 0.28969
get_AD_order -> par = 63, parfor toc = 1.4764, max toc = 0.27995
get_AD_order -> par = 63, parfor toc = 1.5208, max toc = 0.30143
get_AD_order -> par = 63, parfor toc = 1.4673, max toc = 0.27717
get_AD_order -> par = 63, parfor toc = 1.4677, max toc = 0.3136
get_AD_order -> par = 63, parfor toc = 1.4552, max toc = 0.29785
get_AD_order -> par = 63, parfor toc = 1.4512, max toc = 0.2542
get_AD_order -> par = 63, parfor toc = 1.4548, max toc = 0.35008
get_AD_order -> par = 63, parfor toc = 1.4676, max toc = 0.25616
get_AD_order -> par = 63, parfor toc = 1.4053, max toc = 0.27494
get_AD_order -> par = 63, parfor toc = 1.4709, max toc = 0.24927
get_AD_order -> par = 63, parfor toc = 1.4171, max toc = 0.30373
get_AD_order -> par = 63, parfor toc = 1.4808, max toc = 0.30918
get_AD_order -> par = 63, parfor toc = 1.4793, max toc = 0.26904
get_AD_order -> par = 63, parfor toc = 1.4402, max toc = 0.25766
get_AD_order -> par = 63, parfor toc = 1.5049, max toc = 0.32789
get_AD_order -> par = 63, parfor toc = 1.3989, max toc = 0.34429
get_AD_order -> par = 63, parfor toc = 1.4246, max toc = 0.29111
get_AD_order -> par = 63, parfor toc = 1.5137, max toc = 0.34798
get_AD_order -> par = 63, parfor toc = 1.484, max toc = 0.29314
get_AD_order -> par = 63, parfor toc = 1.3898, max toc = 0.3097
get_AD_order -> par = 63, parfor toc = 1.4102, max toc = 0.26441
get_AD_order -> par = 63, parfor toc = 1.4298, max toc = 0.33294
get_AD_order -> par = 63, parfor toc = 1.453, max toc = 0.33911
get_AD_order -> par = 63, parfor toc = 1.4063, max toc = 0.3682
get_AD_order -> par = 63, parfor toc = 1.4219, max toc = 0.27892
get_AD_order -> par = 63, parfor toc = 1.4194, max toc = 0.24729
get_AD_order -> par = 63, parfor toc = 1.3835, max toc = 0.29064
get_AD_order -> par = 63, parfor toc = 1.4653, max toc = 0.28736
get_AD_order -> par = 63, parfor toc = 1.4403, max toc = 0.28509
get_AD_order -> par = 63, parfor toc = 1.3961, max toc = 0.27975
get_AD_order -> par = 63, parfor toc = 1.4167, max toc = 0.3248
get_AD_order -> par = 63, parfor toc = 1.5633, max toc = 0.38122
get_AD_order -> par = 63, parfor toc = 1.4056, max toc = 0.24815
get_AD_order -> par = 63, parfor toc = 1.424, max toc = 0.25334
get_AD_order -> par = 63, parfor toc = 1.4304, max toc = 0.25524
get_AD_order -> par = 63, parfor toc = 1.4616, max toc = 0.27332
get_AD_order -> par = 63, parfor toc = 1.4275, max toc = 0.28978
get_AD_order -> par = 63, parfor toc = 1.35, max toc = 0.25067
get_AD_order -> par = 63, parfor toc = 1.3603, max toc = 0.28692
get_AD_order -> par = 63, parfor toc = 1.483, max toc = 0.3014
get_AD_order -> par = 63, parfor toc = 1.3722, max toc = 0.30065
get_AD_order -> par = 63, parfor toc = 1.4283, max toc = 0.26654
get_AD_order -> par = 63, parfor toc = 1.425, max toc = 0.33048
get_AD_order -> par = 63, parfor toc = 1.4176, max toc = 0.27556
get_AD_order -> par = 63, parfor toc = 1.4321, max toc = 0.29507
51 ****
51 330587
51 min_bar=9007199254740992
251 ****
251 1626587
251 min_bar=-8793924
68 ****
68 421587
68 min_bar=-8571436
361 ****
361 2532587
361 min_bar=-8345148
305 ****
305 2043587
305 min_bar=9007199254740992
187 ****
187 1126587
187 min_bar=-8598479
340 ****
340 2346587
340 min_bar=-8349350
119 ****
119 645587
119 min_bar=-8294812
85 ****
85 57587
85 min_bar=-8554666
351 ****
351 2437587
351 min_bar=-7842904
265 ****
265 1743587
265 min_bar=-8839562
153 ****
153 914587
153 min_bar=-8375669
102 ****
102 548587
102 min_bar=-8475565
236 ****
236 1454587
236 min_bar=-8166708
17 ****
17 164587
17 min_bar=-8030672
50 ****
50 326587
50 min_bar=-8741439
204 ****
204 1240587
204 min_bar=-8315708
329 ****
329 2252587
329 min_bar=-8090679
220 ****
220 1350587
220 min_bar=9007199254740992
170 ****
170 1012587
170 min_bar=-8163042.5
317 ****
317 2163587
317 min_bar=-8450276
136 ****
136 753587
136 min_bar=-7778885
292 ****
292 1933587
292 min_bar=-8304530
251 k+1=2
251 min_bar=-8793924
279 ****
279 1839587
279 min_bar=-7947374.5
304 ****
304 2026587
304 min_bar=-8518016
34 ****
34 245587
34 min_bar=-8460725
340 k+1=2
340 min_bar=-8349350
68 k+1=2
68 min_bar=-8709898
187 k+1=2
187 min_bar=-8731509
50 k+1=2
50 min_bar=-8775331
361 k+1=2
361 min_bar=-8417424
85 k+1=2
85 min_bar=-8554666
265 k+1=2
265 min_bar=-8839562
351 k+1=2
351 min_bar=-7842904
251 k+1=3
251 min_bar=-8795778
340 k+1=3
340 min_bar=-8349350
329 k+1=2
329 min_bar=-8090679
17 k+1=2
17 min_bar=-8030672
136 k+1=2
136 min_bar=-7778885
102 k+1=2
102 min_bar=-8475565
119 k+1=2
119 min_bar=-8294812
34 k+1=2
34 min_bar=-8460725
153 k+1=2
153 min_bar=-8413421
236 k+1=2
236 min_bar=-8171255
204 k+1=2
204 min_bar=-8345223.5
219 ****
219 1348587
219 min_bar=-8177402
50 k+1=3
50 min_bar=-8834137
292 k+1=2
292 min_bar=-8304530
304 k+1=2
304 min_bar=-8518016
68 k+1=3
68 min_bar=-8709898
170 k+1=2
170 min_bar=-8163042.5
317 k+1=2
317 min_bar=-8450276
187 k+1=3
187 min_bar=-8731509
251 k+1=4
251 min_bar=-8807324
340 k+1=4
340 min_bar=-8349350
265 k+1=3
265 min_bar=-8839562
85 k+1=3
85 min_bar=-8554666
351 k+1=3
351 min_bar=-7842904
279 k+1=2
279 min_bar=-7947374.5
102 k+1=3
102 min_bar=-8475565
50 k+1=4
50 min_bar=-8844473
361 k+1=3
361 min_bar=-8417424
136 k+1=3
136 min_bar=-7910953
329 k+1=3
329 min_bar=-8090679
251 k+1=5
251 min_bar=-8824369
17 k+1=3
17 min_bar=-8030672
236 k+1=3
236 min_bar=-8249848.5
153 k+1=3
153 min_bar=-8413421
219 k+1=2
219 min_bar=-8177402
68 k+1=4
68 min_bar=-8709898
204 k+1=3
204 min_bar=-8461889
340 k+1=5
340 min_bar=-8352763
265 k+1=4
265 min_bar=-8839562
34 k+1=3
34 min_bar=-8460725
292 k+1=3
292 min_bar=-8304530
50 k+1=5
50 min_bar=-8874487
187 k+1=4
187 min_bar=-8731509
170 k+1=3
170 min_bar=-8163042.5
304 k+1=3
304 min_bar=-8518016
119 k+1=3
119 min_bar=-8294812
85 k+1=4
85 min_bar=-8554666
317 k+1=3
317 min_bar=-8450276
102 k+1=4
102 min_bar=-8475565
351 k+1=4
351 min_bar=-7842904
361 k+1=4
361 min_bar=-8417424
136 k+1=4
136 min_bar=-7910953
279 k+1=3
279 min_bar=-7947374.5
187 k+1=5
187 min_bar=-8731509
265 k+1=5
265 min_bar=-8839562
250 ****
250 1621587
250 min_bar=-8546204
68 k+1=5
68 min_bar=-8709898
49 ****
49 321587
49 min_bar=9007199254740992
219 k+1=3
219 min_bar=-8211226
17 k+1=4
17 min_bar=-8030672
153 k+1=4
153 min_bar=-8413421
204 k+1=4
204 min_bar=-8461889
34 k+1=4
34 min_bar=-8460725
236 k+1=4
236 min_bar=-8271500
85 k+1=5
85 min_bar=-8554666
102 k+1=5
102 min_bar=-8475565
339 ****
339 2339587
339 min_bar=-7886123
329 k+1=4
329 min_bar=-8090679
351 k+1=5
351 min_bar=-7842904
292 k+1=4
292 min_bar=-8304530
317 k+1=4
317 min_bar=-8450276
67 ****
67 420587
67 min_bar=9007199254740992
170 k+1=4
170 min_bar=-8198932.5
264 ****
264 1741587
264 min_bar=-8986170
361 k+1=5
361 min_bar=-8417424
304 k+1=4
304 min_bar=-8518016
48 ****
48 320587
48 min_bar=-8406148
119 k+1=4
119 min_bar=-8294812
250 k+1=2
250 min_bar=-8546204
186 ****
186 1121587
186 min_bar=-8664273
136 k+1=5
136 min_bar=-7910953
219 k+1=4
219 min_bar=-8211226
279 k+1=4
279 min_bar=-7947374.5
84 ****
84 56587
84 min_bar=-8460519
101 ****
101 545587
101 min_bar=-8351649.5
204 k+1=5
204 min_bar=-8461889
360 ****
360 2531587
360 min_bar=-8364700.5
66 ****
66 417587
66 min_bar=-8866556
34 k+1=5
34 min_bar=-8460725
350 ****
350 2436587
350 min_bar=-8301789
153 k+1=5
153 min_bar=-8418404
264 k+1=2
264 min_bar=-8986170
17 k+1=5
17 min_bar=-8030672
236 k+1=5
236 min_bar=-8271500
292 k+1=5
292 min_bar=-8304530
170 k+1=5
170 min_bar=-8198932.5
339 k+1=2
339 min_bar=-7907810
48 k+1=2
48 min_bar=-8613307
186 k+1=2
186 min_bar=-8664273
329 k+1=5
329 min_bar=-8090679
33 ****
33 244587
33 min_bar=9007199254740992
317 k+1=5
317 min_bar=-8450276
101 k+1=2
101 min_bar=-8351649.5
304 k+1=5
304 min_bar=-8518016
250 k+1=3
250 min_bar=-8546204
84 k+1=2
84 min_bar=-8589336
219 k+1=5
219 min_bar=-8211226
264 k+1=3
264 min_bar=-8986170
360 k+1=2
360 min_bar=-8364700.5
279 k+1=5
279 min_bar=-7947374.5
66 k+1=2
66 min_bar=-9074420
135 ****
135 751587
135 min_bar=-8350895.5
203 ****
203 1230587
203 min_bar=-8514135
186 k+1=3
186 min_bar=-8686007
169 ****
169 1011587
169 min_bar=9007199254740992
350 k+1=2
350 min_bar=-8482182
48 k+1=3
48 min_bar=-8613307
32 ****
32 243587
32 min_bar=-8435120
328 ****
328 2246587
328 min_bar=-8327303
303 ****
303 2021587
303 min_bar=-8352908.5
152 ****
152 863587
152 min_bar=-8341818.5
119 k+1=5
119 min_bar=-8319318
339 k+1=3
339 min_bar=-7907810
101 k+1=3
101 min_bar=-8351649.5
316 ****
316 2159587
316 min_bar=-8590625
235 ****
235 1452587
235 min_bar=-7703330
16 ****
16 161587
16 min_bar=-7982453
250 k+1=4
250 min_bar=-8655444
84 k+1=3
84 min_bar=-8650996
264 k+1=4
264 min_bar=-8986170
291 ****
291 1932587
291 min_bar=-8297057.5
218 ****
218 1345587
218 min_bar=9007199254740992
186 k+1=4
186 min_bar=-8686007
360 k+1=3
360 min_bar=-8364700.5
66 k+1=3
66 min_bar=-9128349
203 k+1=2
203 min_bar=-8514135
101 k+1=4
101 min_bar=-8351649.5
32 k+1=2
32 min_bar=-8515662
278 ****
278 1834587
278 min_bar=-8409680
350 k+1=3
350 min_bar=-8482182
48 k+1=4
48 min_bar=-8613307
168 ****
168 961587
168 min_bar=-8214294
328 k+1=2
328 min_bar=-8330778
264 k+1=5
264 min_bar=-9119446
135 k+1=2
135 min_bar=-8479279
235 k+1=2
235 min_bar=-7703330
250 k+1=5
250 min_bar=-8687225
316 k+1=2
316 min_bar=-8590625
32 k+1=3
32 min_bar=-8515662
186 k+1=5
186 min_bar=-8686007
339 k+1=4
339 min_bar=-7907810
84 k+1=4
84 min_bar=-8650996
303 k+1=2
303 min_bar=-8352908.5
203 k+1=3
203 min_bar=-8514135
16 k+1=2
16 min_bar=-8017803
217 ****
217 1344587
217 min_bar=-8550817
118 ****
118 644587
118 min_bar=-8564932
152 k+1=2
152 min_bar=-8341818.5
66 k+1=4
66 min_bar=-9128349
101 k+1=5
101 min_bar=-8363926.5
291 k+1=2
291 min_bar=-8308252.5
48 k+1=5
48 min_bar=-8613307
360 k+1=4
360 min_bar=-8364700.5
249 ****
249 1617587
249 min_bar=9007199254740992
350 k+1=4
350 min_bar=-8483003
316 k+1=3
316 min_bar=-8590625
263 ****
263 1730587
263 min_bar=-8740385
185 ****
185 1120587
185 min_bar=-8573838
278 k+1=2
278 min_bar=-8409680
168 k+1=2
168 min_bar=-8232223
32 k+1=4
32 min_bar=-8640753
84 k+1=5
84 min_bar=-8650996
303 k+1=3
303 min_bar=-8366620.5
118 k+1=2
118 min_bar=-8564932
66 k+1=5
66 min_bar=-9128349
235 k+1=3
235 min_bar=-7938919
100 ****
100 544587
100 min_bar=-8713704
135 k+1=3
135 min_bar=-8479279
47 ****
47 316587
47 min_bar=-8717603
339 k+1=5
339 min_bar=-7907810
203 k+1=4
203 min_bar=-8574542
328 k+1=3
328 min_bar=-8330778
217 k+1=2
217 min_bar=-8568583
263 k+1=2
263 min_bar=-8740385
16 k+1=3
16 min_bar=-8017803
360 k+1=5
360 min_bar=-8426338
83 ****
83 463587
83 min_bar=9007199254740992
47 k+1=2
47 min_bar=-8717603
350 k+1=5
350 min_bar=-8483003
185 k+1=2
185 min_bar=-8573838
152 k+1=3
152 min_bar=-8341818.5
303 k+1=4
303 min_bar=-8380170
316 k+1=4
316 min_bar=-8590625
32 k+1=5
32 min_bar=-8640753
168 k+1=3
168 min_bar=-8285360
100 k+1=2
100 min_bar=-8742958
291 k+1=3
291 min_bar=-8308252.5
248 ****
248 1563587
248 min_bar=-8588603
278 k+1=3
278 min_bar=-8409680
65 ****
65 416587
65 min_bar=-8700972
47 k+1=3
47 min_bar=-8717603
203 k+1=5
203 min_bar=-8574542
135 k+1=4
135 min_bar=-8479279
338 ****
338 2335587
338 min_bar=-8297868
118 k+1=3
118 min_bar=-8564980
263 k+1=3
263 min_bar=-8740385
82 ****
82 462587
82 min_bar=-8797672
100 k+1=3
100 min_bar=-8742958
31 ****
31 240587
31 min_bar=9007199254740992
235 k+1=4
235 min_bar=-7977661
217 k+1=3
217 min_bar=-8568583
328 k+1=4
328 min_bar=-8330778
303 k+1=5
303 min_bar=-8380170
359 ****
359 2528587
359 min_bar=-8209469
47 k+1=4
47 min_bar=-8717603
16 k+1=4
16 min_bar=-8017803
185 k+1=3
185 min_bar=-8573838
349 ****
349 2432587
349 min_bar=-8415628
248 k+1=2
248 min_bar=-8588603
316 k+1=5
316 min_bar=-8590625
168 k+1=4
168 min_bar=-8310111.5
278 k+1=4
278 min_bar=-8409680
65 k+1=2
65 min_bar=-8789509
291 k+1=4
291 min_bar=-8308252.5
47 k+1=5
47 min_bar=-8717603
82 k+1=2
82 min_bar=-8797672
100 k+1=4
100 min_bar=-8742958
263 k+1=4
263 min_bar=-8740385
338 k+1=2
338 min_bar=-8297868
202 ****
202 1226587
202 min_bar=-8341996
152 k+1=4
152 min_bar=-8393626
30 ****
30 227587
30 min_bar=9007199254740992
135 k+1=5
135 min_bar=-8479279
349 k+1=2
349 min_bar=-8415628
65 k+1=3
65 min_bar=-8789509
328 k+1=5
328 min_bar=-8330778
302 ****
302 1964587
302 min_bar=-8430271
118 k+1=4
118 min_bar=-8637516
359 k+1=2
359 min_bar=-8315935
217 k+1=4
217 min_bar=-8568583
29 ****
29 226587
29 min_bar=9007199254740992
235 k+1=5
235 min_bar=-7977661
185 k+1=4
185 min_bar=-8573838
16 k+1=5
16 min_bar=-8017803
291 k+1=5
291 min_bar=-8308252.5
315 ****
315 2157587
315 min_bar=9007199254740992
263 k+1=5
263 min_bar=-8740385
248 k+1=3
248 min_bar=-8588603
82 k+1=3
82 min_bar=-8797672
100 k+1=5
100 min_bar=-8742958
168 k+1=5
168 min_bar=-8310111.5
65 k+1=4
65 min_bar=-8789509
278 k+1=5
278 min_bar=-8409680
46 ****
46 315587
46 min_bar=-8471887
338 k+1=3
338 min_bar=-8323363
134 ****
134 745587
134 min_bar=-8221314
349 k+1=3
349 min_bar=-8415628
359 k+1=3
359 min_bar=-8315935
202 k+1=2
202 min_bar=-8341996
262 ****
262 1721587
262 min_bar=-8686377
327 ****
327 2242587
327 min_bar=-8257374
152 k+1=5
152 min_bar=-8393626
28 ****
28 221587
28 min_bar=-8271496.5
302 k+1=2
302 min_bar=-8430271
99 ****
99 543587
99 min_bar=-8721018
248 k+1=4
248 min_bar=-8588603
185 k+1=5
185 min_bar=-8573838
314 ****
314 2141587
314 min_bar=-8462394
82 k+1=4
82 min_bar=-8843612
217 k+1=5
217 min_bar=-8568583
118 k+1=5
118 min_bar=-8637516
290 ****
290 1928587
290 min_bar=-8579817
234 ****
234 1439587
234 min_bar=-7932186.5
167 ****
167 960587
167 min_bar=-8250212
202 k+1=3
202 min_bar=-8341996
15 ****
15 160587
15 min_bar=-7901755
65 k+1=5
65 min_bar=-8860547
134 k+1=2
134 min_bar=-8239550
46 k+1=2
46 min_bar=-8483382
277 ****
277 1833587
277 min_bar=-8256941.5
349 k+1=4
349 min_bar=-8415628
314 k+1=2
314 min_bar=-8462394
338 k+1=4
338 min_bar=-8323363
262 k+1=2
262 min_bar=-8706616
151 ****
151 862587
151 min_bar=9007199254740992
359 k+1=4
359 min_bar=-8315935
248 k+1=5
248 min_bar=-8588603
82 k+1=5
82 min_bar=-8843612
327 k+1=2
327 min_bar=-8298703
28 k+1=2
28 min_bar=-8340272
216 ****
216 1341587
216 min_bar=-8319959
302 k+1=3
302 min_bar=-8430271
184 ****
184 1117587
184 min_bar=-8831797
314 k+1=3
314 min_bar=-8471718
99 k+1=2
99 min_bar=-8721018
64 ****
64 415587
64 min_bar=-8729029
262 k+1=3
262 min_bar=-8706616
167 k+1=2
167 min_bar=-8250212
117 ****
117 643587
117 min_bar=-8681117
202 k+1=4
202 min_bar=-8385811
290 k+1=2
290 min_bar=-8579817
150 ****
150 859587
150 min_bar=9007199254740992
81 ****
81 459587
81 min_bar=-8979035
234 k+1=2
234 min_bar=-7932186.5
277 k+1=2
277 min_bar=-8256941.5
349 k+1=5
349 min_bar=-8415628
338 k+1=5
338 min_bar=-8323363
46 k+1=3
46 min_bar=-8504654
247 ****
247 1559587
247 min_bar=9007199254740992
15 k+1=2
15 min_bar=-7944479.5
314 k+1=4
314 min_bar=-8555615
134 k+1=3
134 min_bar=-8248376.5
327 k+1=3
327 min_bar=-8298703
216 k+1=2
216 min_bar=-8319959
359 k+1=5
359 min_bar=-8315935
202 k+1=5
202 min_bar=-8385811
64 k+1=2
64 min_bar=-8729029
184 k+1=2
184 min_bar=-8921034
99 k+1=3
99 min_bar=-8721018
262 k+1=4
262 min_bar=-8706616
28 k+1=3
28 min_bar=-8417150
234 k+1=3
234 min_bar=-7932186.5
81 k+1=2
81 min_bar=-8979035
348 ****
348 2429587
348 min_bar=-8268616
302 k+1=4
302 min_bar=-8430271
246 ****
246 1558587
246 min_bar=9007199254740992
149 ****
149 851587
149 min_bar=9007199254740992
167 k+1=3
167 min_bar=-8262218
277 k+1=3
277 min_bar=-8261333.5
216 k+1=3
216 min_bar=-8319959
290 k+1=3
290 min_bar=-8579817
117 k+1=2
117 min_bar=-8681117
46 k+1=4
46 min_bar=-8504654
337 ****
337 2333587
337 min_bar=-8261668
314 k+1=5
314 min_bar=-8555615
28 k+1=4
28 min_bar=-8417150
262 k+1=5
262 min_bar=-8706616
134 k+1=4
134 min_bar=-8248376.5
64 k+1=3
64 min_bar=-8729029
327 k+1=4
327 min_bar=-8298703
99 k+1=4
99 min_bar=-8785218
358 ****
358 2461587
358 min_bar=-8376183
15 k+1=3
15 min_bar=-7944479.5
348 k+1=2
348 min_bar=-8276784.5
167 k+1=4
167 min_bar=-8270757
216 k+1=4
216 min_bar=-8319959
81 k+1=3
81 min_bar=-8979035
245 ****
245 1553587
245 min_bar=9007199254740992
184 k+1=3
184 min_bar=-8921034
201 ****
201 1221587
201 min_bar=-8570378
261 ****
261 1720587
261 min_bar=9007199254740992
46 k+1=5
46 min_bar=-8504654
148 ****
148 844587
148 min_bar=-8830774
234 k+1=4
234 min_bar=-7932186.5
302 k+1=5
302 min_bar=-8430271
337 k+1=2
337 min_bar=-8284851
277 k+1=4
277 min_bar=-8323195
358 k+1=2
358 min_bar=-8376183
290 k+1=4
290 min_bar=-8579817
28 k+1=5
28 min_bar=-8417150
313 ****
313 2140587
313 min_bar=-8115700.5
260 ****
260 1659587
260 min_bar=9007199254740992
64 k+1=4
64 min_bar=-8729029
134 k+1=5
134 min_bar=-8248376.5
348 k+1=3
348 min_bar=-8339153
117 k+1=3
117 min_bar=-8681117
45 ****
45 310587
45 min_bar=9007199254740992
327 k+1=5
327 min_bar=-8298703
15 k+1=4
15 min_bar=-7944479.5
81 k+1=4
81 min_bar=-8979035
216 k+1=5
216 min_bar=-8319959
99 k+1=5
99 min_bar=-8785218
167 k+1=5
167 min_bar=-8270757
184 k+1=4
184 min_bar=-8921034
337 k+1=3
337 min_bar=-8289671
244 ****
244 1552587
244 min_bar=9007199254740992
201 k+1=2
201 min_bar=-8570378
44 ****
44 38587
44 min_bar=-9283656
148 k+1=2
148 min_bar=-8950845
259 ****
259 1657587
259 min_bar=9007199254740992
301 ****
301 1961587
301 min_bar=-8464773
27 ****
27 220587
27 min_bar=-8719631
234 k+1=5
234 min_bar=-7932186.5
358 k+1=3
358 min_bar=-8376183
277 k+1=5
277 min_bar=-8323195
133 ****
133 744587
133 min_bar=-8509894
44 k+1=2
44 min_bar=-9290650
98 ****
98 541587
98 min_bar=9007199254740992
290 k+1=5
290 min_bar=-8579817
81 k+1=5
81 min_bar=-8979035
313 k+1=2
313 min_bar=-8214240
348 k+1=4
348 min_bar=-8339153
64 k+1=5
64 min_bar=-8729029
258 ****
258 1656587
258 min_bar=-8415970
326 ****
326 2239587
326 min_bar=-7874960
215 ****
215 1330587
215 min_bar=-8388877
184 k+1=5
184 min_bar=-8921034
117 k+1=4
117 min_bar=-8681117
44 k+1=3
44 min_bar=-9308055
337 k+1=4
337 min_bar=-8297622
166 ****
166 952587
166 min_bar=-8083965
27 k+1=2
27 min_bar=-8799257
201 k+1=3
201 min_bar=-8570378
148 k+1=3
148 min_bar=-8950845
15 k+1=5
15 min_bar=-7951773.5
243 ****
243 1551587
243 min_bar=-8752999
44 k+1=4
44 min_bar=-9308055
276 ****
276 1832587
276 min_bar=-8334645
233 ****
233 1434587
233 min_bar=-8300993.5
301 k+1=2
301 min_bar=-8532617
133 k+1=2
133 min_bar=-8617100
97 ****
97 540587
97 min_bar=-8351921.5
289 ****
289 1925587
289 min_bar=-8551752
258 k+1=2
258 min_bar=-8587458
80 ****
80 457587
80 min_bar=-8470656
63 ****
63 413587
63 min_bar=-8578771
358 k+1=4
358 min_bar=-8388355
44 k+1=5
44 min_bar=-9308055
313 k+1=3
313 min_bar=-8214240
183 ****
183 1116587
183 min_bar=-8889749
337 k+1=5
337 min_bar=-8310148
326 k+1=2
326 min_bar=-7874960
27 k+1=3
27 min_bar=-8799257
117 k+1=5
117 min_bar=-8681117
348 k+1=5
348 min_bar=-8339153
215 k+1=2
215 min_bar=-8388877
201 k+1=4
201 min_bar=-8570378
148 k+1=4
148 min_bar=-8986484
233 k+1=2
233 min_bar=-8337133
166 k+1=2
166 min_bar=-8083965
258 k+1=3
258 min_bar=-8633507
133 k+1=3
133 min_bar=-8617100
243 k+1=2
243 min_bar=-8752999
276 k+1=2
276 min_bar=-8334645
289 k+1=2
289 min_bar=-8560622
14 ****
14 155587
14 min_bar=-8016057
183 k+1=2
183 min_bar=-8889749
43 ****
43 37587
43 min_bar=9007199254740992
63 k+1=2
63 min_bar=-8578771
80 k+1=2
80 min_bar=-8470656
97 k+1=2
97 min_bar=-8351921.5
301 k+1=3
301 min_bar=-8532617
27 k+1=4
27 min_bar=-8799257
336 ****
336 2332587
336 min_bar=-8216958.5
326 k+1=3
326 min_bar=-7887885
347 ****
347 2427587
347 min_bar=-8534303
358 k+1=5
358 min_bar=-8400038
258 k+1=4
258 min_bar=-8633507
313 k+1=4
313 min_bar=-8237846
201 k+1=5
201 min_bar=-8570378
116 ****
116 640587
116 min_bar=9007199254740992
215 k+1=3
215 min_bar=-8408391
166 k+1=3
166 min_bar=-8083965
148 k+1=5
148 min_bar=-8986484
233 k+1=3
233 min_bar=-8360642
289 k+1=3
289 min_bar=-8560622
42 ****
42 34587
42 min_bar=-8715606
183 k+1=3
183 min_bar=-8889749
27 k+1=5
27 min_bar=-8799257
258 k+1=5
258 min_bar=-8633507
243 k+1=3
243 min_bar=-8752999
276 k+1=3
276 min_bar=-8400807
80 k+1=3
80 min_bar=-8514005
97 k+1=3
97 min_bar=-8351921.5
133 k+1=4
133 min_bar=-8617100
14 k+1=2
14 min_bar=-8016057
42 k+1=2
42 min_bar=-8715606
336 k+1=2
336 min_bar=-8356763.5
63 k+1=3
63 min_bar=-8578771
301 k+1=4
301 min_bar=-8558128
347 k+1=2
347 min_bar=-8534303
357 ****
357 2460587
357 min_bar=-8405191
326 k+1=4
326 min_bar=-7887885
147 ****
147 841587
147 min_bar=9007199254740992
313 k+1=5
313 min_bar=-8237846
215 k+1=4
215 min_bar=-8408391
115 ****
115 626587
115 min_bar=-8261563
166 k+1=4
166 min_bar=-8083965
42 k+1=3
42 min_bar=-8715606
257 ****
257 1648587
257 min_bar=9007199254740992
26 ****
26 215587
26 min_bar=-8737316
183 k+1=4
183 min_bar=-8945114
200 ****
200 1217587
200 min_bar=-8260686
289 k+1=4
289 min_bar=-8571468
233 k+1=4
233 min_bar=-8360642
80 k+1=4
80 min_bar=-8517197
276 k+1=4
276 min_bar=-8400807
146 ****
146 838587
146 min_bar=-8348369
243 k+1=4
243 min_bar=-8752999
97 k+1=4
97 min_bar=-8351921.5
357 k+1=2
357 min_bar=-8405191
336 k+1=3
336 min_bar=-8356763.5
14 k+1=3
14 min_bar=-8039833
63 k+1=4
63 min_bar=-8578771
42 k+1=4
42 min_bar=-8715606
133 k+1=5
133 min_bar=-8617100
347 k+1=3
347 min_bar=-8534303
256 ****
256 1644587
256 min_bar=9007199254740992
326 k+1=5
326 min_bar=-7930830
301 k+1=5
301 min_bar=-8558128
26 k+1=2
26 min_bar=-8737316
183 k+1=5
183 min_bar=-8945114
215 k+1=5
215 min_bar=-8408391
312 ****
312 2138587
312 min_bar=-8301085
233 k+1=5
233 min_bar=-8392616
336 k+1=4
336 min_bar=-8356763.5
146 k+1=2
146 min_bar=-8362574
166 k+1=5
166 min_bar=-8083965
80 k+1=5
80 min_bar=-8530621
115 k+1=2
115 min_bar=-8261563
289 k+1=5
289 min_bar=-8571468
200 k+1=2
200 min_bar=-8328266
42 k+1=5
42 min_bar=-8903840
243 k+1=5
243 min_bar=-8752999
97 k+1=5
97 min_bar=-8351921.5
255 ****
255 1643587
255 min_bar=-8519195
357 k+1=3
357 min_bar=-8405191
347 k+1=4
347 min_bar=-8534303
14 k+1=4
14 min_bar=-8068406.5
276 k+1=5
276 min_bar=-8400807
26 k+1=3
26 min_bar=-8743082
63 k+1=5
63 min_bar=-8578771
132 ****
132 743587
132 min_bar=-8252999
146 k+1=3
146 min_bar=-8362574
325 ****
325 2237587
325 min_bar=-7745833.5
79 ****
79 456587
79 min_bar=9007199254740992
214 ****
214 1326587
214 min_bar=-8375670
336 k+1=5
336 min_bar=-8356763.5
182 ****
182 1115587
182 min_bar=-8508130
300 ****
300 1957587
300 min_bar=9007199254740992
165 ****
165 942587
165 min_bar=-8091187
312 k+1=2
312 min_bar=-8378686
232 ****
232 1432587
232 min_bar=-8339239.5
255 k+1=2
255 min_bar=-8519195
275 ****
275 1825587
275 min_bar=-8455208
96 ****
96 538587
96 min_bar=-8330337
62 ****
62 412587
62 min_bar=-8533302
242 ****
242 1545587
242 min_bar=-8473557
200 k+1=3
200 min_bar=-8515793
115 k+1=3
115 min_bar=-8261563
288 ****
288 1924587
288 min_bar=-8434490
78 ****
78 451587
78 min_bar=9007199254740992
26 k+1=4
26 min_bar=-8748106
357 k+1=4
357 min_bar=-8405191
146 k+1=4
146 min_bar=-8420916
347 k+1=5
347 min_bar=-8534303
41 ****
41 263587
41 min_bar=-8229286.5
325 k+1=2
325 min_bar=-7777921.5
14 k+1=5
14 min_bar=-8068406.5
132 k+1=2
132 min_bar=-8359083
335 ****
335 2331587
335 min_bar=-8394671
62 k+1=2
62 min_bar=-8553478
255 k+1=3
255 min_bar=-8519195
299 ****
299 1955587
299 min_bar=-8304435.5
275 k+1=2
275 min_bar=-8494954
96 k+1=2
96 min_bar=-8330337
182 k+1=2
182 min_bar=-8579650
214 k+1=2
214 min_bar=-8459382
26 k+1=5
26 min_bar=-8748106
165 k+1=2
165 min_bar=-8298287
146 k+1=5
146 min_bar=-8420916
242 k+1=2
242 min_bar=-8473557
200 k+1=4
200 min_bar=-8515793
232 k+1=2
232 min_bar=-8339239.5
77 ****
77 449587
77 min_bar=-8735946
288 k+1=2
288 min_bar=-8443292
41 k+1=2
41 min_bar=-8345466
357 k+1=5
357 min_bar=-8407676
255 k+1=4
255 min_bar=-8519195
325 k+1=3
325 min_bar=-7777921.5
312 k+1=3
312 min_bar=-8378686
62 k+1=3
62 min_bar=-8553478
145 ****
145 830587
145 min_bar=9007199254740992
13 ****
13 154587
13 min_bar=-7979372
346 ****
346 2425587
346 min_bar=-8381767
115 k+1=4
115 min_bar=-8261563
275 k+1=3
275 min_bar=-8494954
96 k+1=3
96 min_bar=-8330337
25 ****
25 211587
25 min_bar=-8597506
214 k+1=3
214 min_bar=-8459382
335 k+1=2
335 min_bar=-8394671
132 k+1=3
132 min_bar=-8408498
255 k+1=5
255 min_bar=-8519195
165 k+1=3
165 min_bar=-8298287
77 k+1=2
77 min_bar=-8751013
299 k+1=2
299 min_bar=-8304435.5
182 k+1=3
182 min_bar=-8579650
200 k+1=5
200 min_bar=-8515793
242 k+1=3
242 min_bar=-8473557
62 k+1=4
62 min_bar=-8553478
288 k+1=3
288 min_bar=-8495603
41 k+1=3
41 min_bar=-8415210
144 ****
144 826587
144 min_bar=-8753395
232 k+1=3
232 min_bar=-8367318
115 k+1=5
115 min_bar=-8261563
325 k+1=4
325 min_bar=-7777921.5
312 k+1=4
312 min_bar=-8378686
254 ****
254 1641587
254 min_bar=-8831140
346 k+1=2
346 min_bar=-8426616
13 k+1=2
13 min_bar=-7979372
356 ****
356 2452587
356 min_bar=-7708459.5
275 k+1=4
275 min_bar=-8556169
335 k+1=3
335 min_bar=-8394671
144 k+1=2
144 min_bar=-8753395
25 k+1=2
25 min_bar=-8619782
77 k+1=3
77 min_bar=-8751013
214 k+1=4
214 min_bar=-8459382
165 k+1=4
165 min_bar=-8298287
96 k+1=4
96 min_bar=-8330337
62 k+1=5
62 min_bar=-8553478
132 k+1=4
132 min_bar=-8408498
41 k+1=4
41 min_bar=-8463273
325 k+1=5
325 min_bar=-7777921.5
299 k+1=3
299 min_bar=-8304435.5
199 ****
199 1216587
199 min_bar=-8396688
254 k+1=2
254 min_bar=-8831140
144 k+1=3
144 min_bar=-8753395
182 k+1=4
182 min_bar=-8579650
288 k+1=4
288 min_bar=-8495603
114 ****
114 623587
114 min_bar=9007199254740992
242 k+1=4
242 min_bar=-8526163
275 k+1=5
275 min_bar=-8556169
232 k+1=4
232 min_bar=-8384225
25 k+1=3
25 min_bar=-8641492
335 k+1=4
335 min_bar=-8394671
254 k+1=3
254 min_bar=-8831140
346 k+1=3
346 min_bar=-8426616
324 ****
324 2236587
324 min_bar=-8382445
77 k+1=4
77 min_bar=-8751013
13 k+1=3
13 min_bar=-8007185
312 k+1=5
312 min_bar=-8378686
356 k+1=2
356 min_bar=-8017466
214 k+1=5
214 min_bar=-8461575
165 k+1=5
165 min_bar=-8298287
199 k+1=2
199 min_bar=-8488971
144 k+1=4
144 min_bar=-8788720
61 ****
61 411587
61 min_bar=-8709808
299 k+1=4
299 min_bar=-8306347.5
132 k+1=5
132 min_bar=-8408498
41 k+1=5
41 min_bar=-8513984
254 k+1=4
254 min_bar=-8831140
96 k+1=5
96 min_bar=-8330337
25 k+1=4
25 min_bar=-8641492
242 k+1=5
242 min_bar=-8526163
288 k+1=5
288 min_bar=-8519743
182 k+1=5
182 min_bar=-8579650
335 k+1=5
335 min_bar=-8394671
144 k+1=5
144 min_bar=-8788720
77 k+1=5
77 min_bar=-8751013
113 ****
113 615587
113 min_bar=-8517242
274 ****
274 1824587
274 min_bar=-8358699
232 k+1=5
232 min_bar=-8384225
346 k+1=4
346 min_bar=-8426616
164 ****
164 939587
164 min_bar=-7774018
13 k+1=4
13 min_bar=-8032940.5
311 ****
311 2130587
311 min_bar=-8438162
324 k+1=2
324 min_bar=-8382445
61 k+1=2
61 min_bar=-8711140
213 ****
213 1316587
213 min_bar=-8415307
199 k+1=3
199 min_bar=-8488971
254 k+1=5
254 min_bar=-8831140
25 k+1=5
25 min_bar=-8641492
356 k+1=3
356 min_bar=-8017466
76 ****
76 448587
76 min_bar=9007199254740992
95 ****
95 530587
95 min_bar=-8869576
40 ****
40 262587
40 min_bar=9007199254740992
181 ****
181 1113587
181 min_bar=9007199254740992
143 ****
143 821587
143 min_bar=9007199254740992
241 ****
241 1544587
241 min_bar=-8664202
334 ****
334 2329587
334 min_bar=-8396345
299 k+1=5
299 min_bar=-8306347.5
131 ****
131 730587
131 min_bar=-8300966.5
287 ****
287 1923587
287 min_bar=-8236760
13 k+1=5
13 min_bar=-8032940.5
164 k+1=2
164 min_bar=-7895102
274 k+1=2
274 min_bar=-8432020
213 k+1=2
213 min_bar=-8415307
113 k+1=2
113 min_bar=-8517242
324 k+1=3
324 min_bar=-8382445
346 k+1=5
346 min_bar=-8507546
75 ****
75 444587
75 min_bar=-8804206
311 k+1=2
311 min_bar=-8493218
231 ****
231 1428587
231 min_bar=-8292115
199 k+1=4
199 min_bar=-8498786
61 k+1=3
61 min_bar=-8711140
253 ****
253 1638587
253 min_bar=-8422705
241 k+1=2
241 min_bar=-8664202
95 k+1=2
95 min_bar=-8869576
39 ****
39 257587
39 min_bar=-8527357
131 k+1=2
131 min_bar=-8300966.5
324 k+1=4
324 min_bar=-8382445
24 ****
24 210587
24 min_bar=-8369678
334 k+1=2
334 min_bar=-8418182
75 k+1=2
75 min_bar=-8810926
142 ****
142 820587
142 min_bar=-8451760
356 k+1=4
356 min_bar=-8017466
213 k+1=3
213 min_bar=-8443272
298 ****
298 1947587
298 min_bar=-8142358
287 k+1=2
287 min_bar=-8331077
164 k+1=3
164 min_bar=-7895102
180 ****
180 1112587
180 min_bar=-8231075
199 k+1=5
199 min_bar=-8511948
12 ****
12 153587
12 min_bar=-7772443
113 k+1=3
113 min_bar=-8517242
274 k+1=3
274 min_bar=-8432020
61 k+1=4
61 min_bar=-8711140
311 k+1=3
311 min_bar=-8543777
345 ****
345 2364587
345 min_bar=-8260008.5
39 k+1=2
39 min_bar=-8527357
241 k+1=3
241 min_bar=-8675612
253 k+1=2
253 min_bar=-8422705
231 k+1=2
231 min_bar=-8292115
75 k+1=3
75 min_bar=-8810926
95 k+1=3
95 min_bar=-8869576
131 k+1=3
131 min_bar=-8300966.5
324 k+1=5
324 min_bar=-8444729
213 k+1=4
213 min_bar=-8443272
334 k+1=3
334 min_bar=-8418182
298 k+1=2
298 min_bar=-8142358
164 k+1=4
164 min_bar=-7913403
287 k+1=3
287 min_bar=-8331077
198 ****
198 1162587
198 min_bar=9007199254740992
142 k+1=2
142 min_bar=-8498148
356 k+1=5
356 min_bar=-8017466
24 k+1=2
24 min_bar=-8377916
75 k+1=4
75 min_bar=-8810926
274 k+1=4
274 min_bar=-8432020
61 k+1=5
61 min_bar=-8711140
39 k+1=3
39 min_bar=-8527357
180 k+1=2
180 min_bar=-8249786
241 k+1=4
241 min_bar=-8675612
253 k+1=3
253 min_bar=-8422705
345 k+1=2
345 min_bar=-8369832
311 k+1=4
311 min_bar=-8614357
95 k+1=4
95 min_bar=-8869576
197 ****
197 1157587
197 min_bar=9007199254740992
131 k+1=4
131 min_bar=-8300966.5
213 k+1=5
213 min_bar=-8443272
113 k+1=4
113 min_bar=-8517242
323 ****
323 2235587
323 min_bar=-8192212.5
334 k+1=4
334 min_bar=-8418182
75 k+1=5
75 min_bar=-8822016
231 k+1=3
231 min_bar=-8292115
164 k+1=5
164 min_bar=-7913403
12 k+1=2
12 min_bar=-7772443
24 k+1=3
24 min_bar=-8377916
287 k+1=4
287 min_bar=-8331077
253 k+1=4
253 min_bar=-8422705
142 k+1=3
142 min_bar=-8551158
298 k+1=3
298 min_bar=-8171889
355 ****
355 2450587
355 min_bar=-8168779
241 k+1=5
241 min_bar=-8675612
60 ****
60 48587
60 min_bar=-8862053
131 k+1=5
131 min_bar=-8300966.5
39 k+1=4
39 min_bar=-8527357
274 k+1=5
274 min_bar=-8432020
74 ****
74 443587
74 min_bar=-9266052
95 k+1=5
95 min_bar=-8869576
345 k+1=3
345 min_bar=-8369832
311 k+1=5
311 min_bar=-8626254
180 k+1=3
180 min_bar=-8249786
196 ****
196 1156587
196 min_bar=-8339323
212 ****
212 1315587
212 min_bar=9007199254740992
334 k+1=5
334 min_bar=-8418182
113 k+1=5
113 min_bar=-8517242
60 k+1=2
60 min_bar=-8862053
253 k+1=5
253 min_bar=-8422705
323 k+1=2
323 min_bar=-8208852.5
74 k+1=2
74 min_bar=-9315346
287 k+1=5
287 min_bar=-8331077
163 ****
163 937587
163 min_bar=-7732770
24 k+1=4
24 min_bar=-8459094
231 k+1=4
231 min_bar=-8292115
196 k+1=2
196 min_bar=-8487997
252 ****
252 1630587
252 min_bar=-9158281
130 ****
130 726587
130 min_bar=-8345189.5
39 k+1=5
39 min_bar=-8527357
273 ****
273 1823587
273 min_bar=-8197278
94 ****
94 526587
94 min_bar=-8756434
240 ****
240 1521587
240 min_bar=-8439450
180 k+1=4
180 min_bar=-8249786
12 k+1=3
12 min_bar=-7772443
142 k+1=4
142 min_bar=-8551158
298 k+1=4
298 min_bar=-8247407
355 k+1=2
355 min_bar=-8168779
345 k+1=4
345 min_bar=-8369832
74 k+1=3
74 min_bar=-9315346
252 k+1=2
252 min_bar=-9158281
60 k+1=3
60 min_bar=-8862053
333 ****
333 2324587
333 min_bar=-8364708.5
310 ****
310 2063587
310 min_bar=-8601409
211 ****
211 1263587
211 min_bar=-8328798
196 k+1=3
196 min_bar=-8487997
252 k+1=3
252 min_bar=-9172600
286 ****
286 1922587
286 min_bar=-8487832
112 ****
112 612587
112 min_bar=-8464804
323 k+1=3
323 min_bar=-8360641
355 k+1=3
355 min_bar=-8168779
163 k+1=2
163 min_bar=-7884288
130 k+1=2
130 min_bar=-8361619
24 k+1=5
24 min_bar=-8459094
74 k+1=4
74 min_bar=-9315346
94 k+1=2
94 min_bar=-8756434
273 k+1=2
273 min_bar=-8197278
38 ****
38 253587
38 min_bar=9007199254740992
240 k+1=2
240 min_bar=-8477311
12 k+1=4
12 min_bar=-7772443
142 k+1=5
142 min_bar=-8551158
252 k+1=4
252 min_bar=-9172600
231 k+1=5
231 min_bar=-8292115
345 k+1=5
345 min_bar=-8369832
298 k+1=5
298 min_bar=-8247407
60 k+1=4
60 min_bar=-8862053
252 k+1=5
252 min_bar=-9172600
333 k+1=2
333 min_bar=-8364708.5
74 k+1=5
74 min_bar=-9315346
180 k+1=5
180 min_bar=-8249786
286 k+1=2
286 min_bar=-8487832
355 k+1=4
355 min_bar=-8168779
94 k+1=3
94 min_bar=-8756434
211 k+1=2
211 min_bar=-8413303
163 k+1=3
163 min_bar=-7884288
196 k+1=4
196 min_bar=-8515346
141 ****
141 816587
141 min_bar=9007199254740992
130 k+1=3
130 min_bar=-8365935.5
23 ****
23 28587
23 min_bar=-8377533.5
37 ****
37 251587
37 min_bar=-8668013
310 k+1=2
310 min_bar=-8601409
240 k+1=3
240 min_bar=-8486358
323 k+1=4
323 min_bar=-8360641
112 k+1=2
112 min_bar=-8464804
344 ****
344 2360587
344 min_bar=-8171195
273 k+1=3
273 min_bar=-8197278
60 k+1=5
60 min_bar=-8862053
73 ****
73 441587
73 min_bar=-9264582
230 ****
230 1427587
230 min_bar=-8365310
333 k+1=3
333 min_bar=-8364708.5
297 ****
297 1946587
297 min_bar=-8406242
12 k+1=5
12 min_bar=-7772443
94 k+1=4
94 min_bar=-8792564
286 k+1=3
286 min_bar=-8492863
37 k+1=2
37 min_bar=-8777921
163 k+1=4
163 min_bar=-7884288
130 k+1=4
130 min_bar=-8397716
23 k+1=2
23 min_bar=-8377533.5
179 ****
179 1063587
179 min_bar=-8254896
140 ****
140 815587
140 min_bar=-8453070
211 k+1=3
211 min_bar=-8413303
240 k+1=4
240 min_bar=-8486358
355 k+1=5
355 min_bar=-8168779
73 k+1=2
73 min_bar=-9306782
371 ****
371 2638587
371 min_bar=-8236295
196 k+1=5
196 min_bar=-8515346
273 k+1=4
273 min_bar=-8197278
344 k+1=2
344 min_bar=-8333418
323 k+1=5
323 min_bar=-8360641
310 k+1=3
310 min_bar=-8601409
112 k+1=3
112 min_bar=-8464804
297 k+1=2
297 min_bar=-8406242
230 k+1=2
230 min_bar=-8424418
140 k+1=2
140 min_bar=-8539062
333 k+1=4
333 min_bar=-8364708.5
94 k+1=5
94 min_bar=-8797399
59 ****
59 47587
59 min_bar=-8554159
73 k+1=3
73 min_bar=-9306782
23 k+1=3
23 min_bar=-8377533.5
286 k+1=4
286 min_bar=-8492863
37 k+1=3
37 min_bar=-8777921
163 k+1=5
163 min_bar=-7884288
11 ****
11 136587
11 min_bar=-7943129
354 ****
354 2446587
354 min_bar=-8325806
130 k+1=5
130 min_bar=-8397716
240 k+1=5
240 min_bar=-8497609
371 k+1=2
371 min_bar=-8286096
179 k+1=2
179 min_bar=-8254896
344 k+1=3
344 min_bar=-8333418
195 ****
195 1151587
195 min_bar=9007199254740992
273 k+1=5
273 min_bar=-8197278
73 k+1=4
73 min_bar=-9306782
211 k+1=4
211 min_bar=-8413303
297 k+1=3
297 min_bar=-8406242
322 ****
322 2233587
322 min_bar=-8265479
230 k+1=3
230 min_bar=-8424418
112 k+1=4
112 min_bar=-8464804
333 k+1=5
333 min_bar=-8364708.5
23 k+1=4
23 min_bar=-8457489
310 k+1=4
310 min_bar=-8601409
354 k+1=2
354 min_bar=-8325806
93 ****
93 521587
93 min_bar=-8606740
59 k+1=2
59 min_bar=-8554159
286 k+1=5
286 min_bar=-8492863
37 k+1=4
37 min_bar=-8777921
162 ****
162 936587
162 min_bar=-8226315
129 ****
129 716587
129 min_bar=9007199254740992
239 ****
239 1520587
239 min_bar=-8781884
73 k+1=5
73 min_bar=-9306782
140 k+1=3
140 min_bar=-8539062
11 k+1=2
11 min_bar=-7980187.5
371 k+1=3
371 min_bar=-8437715
344 k+1=4
344 min_bar=-8333418
272 ****
272 1819587
272 min_bar=-8370055
194 ****
194 1149587
194 min_bar=9007199254740992
230 k+1=4
230 min_bar=-8424418
211 k+1=5
211 min_bar=-8413303
354 k+1=3
354 min_bar=-8325806
322 k+1=2
322 min_bar=-8356516
93 k+1=2
93 min_bar=-8615132
297 k+1=4
297 min_bar=-8406242
239 k+1=2
239 min_bar=-8809396
179 k+1=3
179 min_bar=-8254896
37 k+1=5
37 min_bar=-8777921
332 ****
332 2261587
332 min_bar=-8456497
112 k+1=5
112 min_bar=-8477225
72 ****
72 440587
72 min_bar=-8391396
128 ****
128 715587
128 min_bar=-8508612
23 k+1=5
23 min_bar=-8457489
310 k+1=5
310 min_bar=-8601409
285 ****
285 1864587
285 min_bar=-8147602
162 k+1=2
162 min_bar=-8322651.5
59 k+1=3
59 min_bar=-8559754
193 ****
193 1148587
193 min_bar=-8188478
210 ****
210 1262587
210 min_bar=-8534630
354 k+1=4
354 min_bar=-8345147
140 k+1=4
140 min_bar=-8539062
344 k+1=5
344 min_bar=-8333418
11 k+1=3
11 min_bar=-8058909
239 k+1=3
239 min_bar=-8809396
322 k+1=3
322 min_bar=-8356516
230 k+1=5
230 min_bar=-8424418
272 k+1=2
272 min_bar=-8404526
36 ****
36 249587
36 min_bar=9007199254740992
72 k+1=2
72 min_bar=-8409482
93 k+1=3
93 min_bar=-8615132
309 ****
309 2062587
309 min_bar=9007199254740992
371 k+1=4
371 min_bar=-8437715
332 k+1=2
332 min_bar=-8489793
193 k+1=2
193 min_bar=-8188478
297 k+1=5
297 min_bar=-8406242
128 k+1=2
128 min_bar=-8508612
162 k+1=3
162 min_bar=-8322651.5
285 k+1=2
285 min_bar=-8183793
22 ****
22 27587
22 min_bar=-8380380
343 ****
343 2355587
343 min_bar=-8347791
179 k+1=4
179 min_bar=-8324846
111 ****
111 610587
111 min_bar=-8151091
11 k+1=4
11 min_bar=-8058909
59 k+1=4
59 min_bar=-8559754
354 k+1=5
354 min_bar=-8345147
239 k+1=4
239 min_bar=-8809396
140 k+1=5
140 min_bar=-8539062
210 k+1=2
210 min_bar=-8534630
332 k+1=3
332 min_bar=-8489793
229 ****
229 1425587
229 min_bar=-8312347
322 k+1=4
322 min_bar=-8356516
308 ****
308 2051587
308 min_bar=-8842738
193 k+1=3
193 min_bar=-8188478
272 k+1=3
272 min_bar=-8419017
35 ****
35 248587
35 min_bar=-8301139
72 k+1=3
72 min_bar=-8409482
296 ****
296 1942587
296 min_bar=-8433153
93 k+1=4
93 min_bar=-8615132
371 k+1=5
371 min_bar=-8437715
128 k+1=3
128 min_bar=-8556075
343 k+1=2
343 min_bar=-8367919
353 ****
353 2442587
353 min_bar=-8402776
239 k+1=5
239 min_bar=-8809396
332 k+1=4
332 min_bar=-8489793
162 k+1=4
162 min_bar=-8322651.5
111 k+1=2
111 min_bar=-8151091
22 k+1=2
22 min_bar=-8482948
285 k+1=3
285 min_bar=-8185875
11 k+1=5
11 min_bar=-8058909
139 ****
139 813587
139 min_bar=9007199254740992
59 k+1=5
59 min_bar=-8559754
193 k+1=4
193 min_bar=-8188478
179 k+1=5
179 min_bar=-8324846
229 k+1=2
229 min_bar=-8314851
308 k+1=2
308 min_bar=-8907536
72 k+1=4
72 min_bar=-8453797
93 k+1=5
93 min_bar=-8615132
296 k+1=2
296 min_bar=-8433153
210 k+1=3
210 min_bar=-8534630
322 k+1=5
322 min_bar=-8356516
138 ****
138 810587
138 min_bar=9007199254740992
370 ****
370 2630587
370 min_bar=-8818403
343 k+1=3
343 min_bar=-8395424
353 k+1=2
353 min_bar=-8402776
162 k+1=5
162 min_bar=-8322651.5
35 k+1=2
35 min_bar=-8346028.5
272 k+1=4
272 min_bar=-8427424
128 k+1=4
128 min_bar=-8556075
238 ****
238 1517587
238 min_bar=-8292231
193 k+1=5
193 min_bar=-8188478
332 k+1=5
332 min_bar=-8516673
111 k+1=3
111 min_bar=-8151091
92 ****
92 517587
92 min_bar=9007199254740992
285 k+1=4
285 min_bar=-8224552
229 k+1=3
229 min_bar=-8352319
72 k+1=5
72 min_bar=-8453797
22 k+1=3
22 min_bar=-8482948
308 k+1=3
308 min_bar=-8909552
296 k+1=3
296 min_bar=-8433153
10 ****
10 135587
10 min_bar=-7961032.5
58 ****
58 46587
58 min_bar=-8725706
343 k+1=4
343 min_bar=-8395424
353 k+1=3
353 min_bar=-8402776
178 ****
178 1051587
178 min_bar=-8091453
370 k+1=2
370 min_bar=-8818403
238 k+1=2
238 min_bar=-8292231
161 ****
161 935587
161 min_bar=-8219130.5
128 k+1=5
128 min_bar=-8556075
210 k+1=4
210 min_bar=-8534630
321 ****
321 2229587
321 min_bar=-8303809.5
272 k+1=5
272 min_bar=-8427424
111 k+1=4
111 min_bar=-8151091
331 ****
331 2255587
331 min_bar=-8354817
35 k+1=3
35 min_bar=-8462725
192 ****
192 1145587
192 min_bar=-8101015
137 ****
137 756587
137 min_bar=-8476334
91 ****
91 516587
91 min_bar=-8810921
353 k+1=4
353 min_bar=-8402776
71 ****
71 438587
71 min_bar=-8333574
343 k+1=5
343 min_bar=-8433232
308 k+1=4
308 min_bar=-8909552
58 k+1=2
58 min_bar=-8725706
296 k+1=4
296 min_bar=-8433153
229 k+1=4
229 min_bar=-8415122
238 k+1=3
238 min_bar=-8292231
370 k+1=3
370 min_bar=-8818403
22 k+1=4
22 min_bar=-8538731
285 k+1=5
285 min_bar=-8224552
111 k+1=5
111 min_bar=-8151091
178 k+1=2
178 min_bar=-8133609
192 k+1=2
192 min_bar=-8101015
161 k+1=2
161 min_bar=-8247541.5
271 ****
271 1763587
271 min_bar=9007199254740992
127 ****
127 713587
127 min_bar=-8536194
331 k+1=2
331 min_bar=-8354817
353 k+1=5
353 min_bar=-8402776
321 k+1=2
321 min_bar=-8435708
10 k+1=2
10 min_bar=-7977122.5
210 k+1=5
210 min_bar=-8534630
91 k+1=2
91 min_bar=-8810921
35 k+1=4
35 min_bar=-8462725
342 ****
342 2353587
342 min_bar=-8014790
296 k+1=5
296 min_bar=-8433153
308 k+1=5
308 min_bar=-8909552
71 k+1=2
71 min_bar=-8333574
229 k+1=5
229 min_bar=-8415122
137 k+1=2
137 min_bar=-8507756
370 k+1=4
370 min_bar=-8818403
58 k+1=3
58 min_bar=-8754589
238 k+1=4
238 min_bar=-8472998
192 k+1=3
192 min_bar=-8101015
270 ****
270 1759587
270 min_bar=-9011512
110 ****
110 68587
110 min_bar=9007199254740992
22 k+1=5
22 min_bar=-8591614
161 k+1=3
161 min_bar=-8257546
331 k+1=3
331 min_bar=-8354817
127 k+1=2
127 min_bar=-8536194
91 k+1=3
91 min_bar=-8810921
284 ****
284 1860587
284 min_bar=-8222817
35 k+1=5
35 min_bar=-8462725
178 k+1=3
178 min_bar=-8291197
228 ****
228 1424587
228 min_bar=9007199254740992
10 k+1=3
10 min_bar=-7977122.5
342 k+1=2
342 min_bar=-8014790
352 ****
352 2439587
352 min_bar=-7879788
209 ****
209 1259587
209 min_bar=-8550141
321 k+1=3
321 min_bar=-8435708
71 k+1=3
71 min_bar=-8363396
192 k+1=4
192 min_bar=-8101015
370 k+1=5
370 min_bar=-8818403
307 ****
307 2045587
307 min_bar=-8357264
295 ****
295 1939587
295 min_bar=-7883059.5
270 k+1=2
270 min_bar=-9011512
238 k+1=5
238 min_bar=-8472998
137 k+1=3
137 min_bar=-8507756
58 k+1=4
58 min_bar=-8754589
380 ****
380 2657587
380 min_bar=9007199254740992
331 k+1=4
331 min_bar=-8354817
21 ****
21 26587
21 min_bar=-8478760
352 k+1=2
352 min_bar=-7879788
161 k+1=4
161 min_bar=-8257546
342 k+1=3
342 min_bar=-8014790
209 k+1=2
209 min_bar=-8550141
91 k+1=4
91 min_bar=-8810921
284 k+1=2
284 min_bar=-8268769
127 k+1=3
127 min_bar=-8536194
71 k+1=4
71 min_bar=-8363396
321 k+1=4
321 min_bar=-8435708
109 ****
109 563587
109 min_bar=-8704718
178 k+1=4
178 min_bar=-8291197
270 k+1=3
270 min_bar=-9011512
192 k+1=5
192 min_bar=-8101015
227 ****
227 1422587
227 min_bar=-8330744
237 ****
237 1455587
237 min_bar=-8261173
10 k+1=4
10 min_bar=-8036752.5
307 k+1=2
307 min_bar=-8432722
58 k+1=5
58 min_bar=-8754589
369 ****
369 2564587
369 min_bar=-8308270.5
21 k+1=2
21 min_bar=-8478760
295 k+1=2
295 min_bar=-7883059.5
342 k+1=4
342 min_bar=-8014790
379 ****
379 2656587
379 min_bar=-8614613
91 k+1=5
91 min_bar=-8810921
331 k+1=5
331 min_bar=-8354817
137 k+1=4
137 min_bar=-8507756
352 k+1=3
352 min_bar=-7934478.5
161 k+1=5
161 min_bar=-8280538
71 k+1=5
71 min_bar=-8417186
209 k+1=3
209 min_bar=-8550141
127 k+1=4
127 min_bar=-8536194
270 k+1=4
270 min_bar=-9021510
284 k+1=3
284 min_bar=-8284285
191 ****
191 1143587
191 min_bar=-8743976
57 ****
57 45587
57 min_bar=-8673812
237 k+1=2
237 min_bar=-8261173
109 k+1=2
109 min_bar=-8704718
321 k+1=5
321 min_bar=-8435708
21 k+1=3
21 min_bar=-8478760
227 k+1=2
227 min_bar=-8330744
10 k+1=5
10 min_bar=-8039542
178 k+1=5
178 min_bar=-8291197
342 k+1=5
342 min_bar=-8014790
330 ****
330 2253587
330 min_bar=-8033773
90 ****
90 515587
90 min_bar=-8868779
57 k+1=2
57 min_bar=-8673812
352 k+1=4
352 min_bar=-7934478.5
369 k+1=2
369 min_bar=-8449220
379 k+1=2
379 min_bar=-8614613
307 k+1=3
307 min_bar=-8469038
70 ****
70 430587
70 min_bar=-8806935
270 k+1=5
270 min_bar=-9021510
209 k+1=4
209 min_bar=-8550141
295 k+1=3
295 min_bar=-7891305
127 k+1=5
127 min_bar=-8536194
160 ****
160 932587
160 min_bar=-8129113.5
191 k+1=2
191 min_bar=-8743976
237 k+1=3
237 min_bar=-8289985
57 k+1=3
57 min_bar=-8673812
137 k+1=5
137 min_bar=-8507756
21 k+1=4
21 min_bar=-8478760
320 ****
320 2228587
320 min_bar=-8521215
330 k+1=2
330 min_bar=-8129863
227 k+1=3
227 min_bar=-8330744
284 k+1=4
284 min_bar=-8396723
341 ****
341 2347587
341 min_bar=-8266971.5
90 k+1=2
90 min_bar=-8868779
9 ****
9 134587
9 min_bar=-8068304
109 k+1=3
109 min_bar=-8704718
352 k+1=5
352 min_bar=-7934478.5
269 ****
269 1757587
269 min_bar=9007199254740992
177 ****
177 1048587
177 min_bar=-8018743.5
379 k+1=3
379 min_bar=-8614613
191 k+1=3
191 min_bar=-8743976
57 k+1=4
57 min_bar=-8673812
126 ****
126 711587
126 min_bar=-8300495.5
70 k+1=2
70 min_bar=-8806935
307 k+1=4
307 min_bar=-8511309
209 k+1=5
209 min_bar=-8550141
369 k+1=3
369 min_bar=-8449220
237 k+1=4
237 min_bar=-8325738
330 k+1=3
330 min_bar=-8129863
160 k+1=2
160 min_bar=-8217281.5
21 k+1=5
21 min_bar=-8478760
109 k+1=4
109 min_bar=-8704718
295 k+1=4
295 min_bar=-7935790
320 k+1=2
320 min_bar=-8521215
389 ****
389 2755587
389 min_bar=-8298037
90 k+1=3
90 min_bar=-8910427
341 k+1=2
341 min_bar=-8266971.5
191 k+1=4
191 min_bar=-8743976
227 k+1=4
227 min_bar=-8330744
57 k+1=5
57 min_bar=-8749221
284 k+1=5
284 min_bar=-8396723
398 ****
398 2842587
398 min_bar=-8293947
9 k+1=2
9 min_bar=-8068304
268 ****
268 1756587
268 min_bar=-8431003
379 k+1=4
379 min_bar=-8614613
70 k+1=3
70 min_bar=-8888308
237 k+1=5
237 min_bar=-8325738
330 k+1=4
330 min_bar=-8129863
160 k+1=3
160 min_bar=-8217281.5
126 k+1=2
126 min_bar=-8300495.5
208 ****
208 1257587
208 min_bar=-8484272
20 ****
20 25587
20 min_bar=-8777736
56 ****
56 359587
56 min_bar=9007199254740992
90 k+1=4
90 min_bar=-8910427
177 k+1=2
177 min_bar=-8244634
341 k+1=3
341 min_bar=-8266971.5
369 k+1=4
369 min_bar=-8449220
307 k+1=5
307 min_bar=-8511309
109 k+1=5
109 min_bar=-8704718
398 k+1=2
398 min_bar=-8312968
320 k+1=3
320 min_bar=-8521215
389 k+1=2
389 min_bar=-8315129
295 k+1=5
295 min_bar=-7935790
191 k+1=5
191 min_bar=-8743976
330 k+1=5
330 min_bar=-8129863
268 k+1=2
268 min_bar=-8433142
283 ****
283 1858587
283 min_bar=-8204132
227 k+1=5
227 min_bar=-8393820
70 k+1=4
70 min_bar=-8888308
379 k+1=5
379 min_bar=-8614613
55 ****
55 351587
55 min_bar=9007199254740992
9 k+1=3
9 min_bar=-8068304
126 k+1=3
126 min_bar=-8300495.5
20 k+1=2
20 min_bar=-8777736
341 k+1=4
341 min_bar=-8266971.5
90 k+1=5
90 min_bar=-8910427
208 k+1=2
208 min_bar=-8511251
406 ****
406 2858587
406 min_bar=-8215253
160 k+1=4
160 min_bar=-8278094.5
190 ****
190 1141587
190 min_bar=9007199254740992
177 k+1=3
177 min_bar=-8244634
226 ****
226 1419587
226 min_bar=9007199254740992
108 ****
108 562587
108 min_bar=9007199254740992
378 ****
378 2649587
378 min_bar=9007199254740992
398 k+1=3
398 min_bar=-8312968
320 k+1=4
320 min_bar=-8521215
306 ****
306 2044587
306 min_bar=-8489360
369 k+1=5
369 min_bar=-8449220
268 k+1=3
268 min_bar=-8518189
414 ****
414 2937587
414 min_bar=-7692020.5
389 k+1=3
389 min_bar=-8430775
54 ****
54 344587
54 min_bar=-8861639
294 ****
294 1937587
294 min_bar=-7743213
283 k+1=2
283 min_bar=-8204132
70 k+1=5
70 min_bar=-8888308
20 k+1=3
20 min_bar=-8783953
126 k+1=4
126 min_bar=-8300495.5
160 k+1=5
160 min_bar=-8278094.5
341 k+1=5
341 min_bar=-8266971.5
89 ****
89 513587
89 min_bar=-8688814
9 k+1=4
9 min_bar=-8068304
406 k+1=2
406 min_bar=-8215253
225 ****
225 1418587
225 min_bar=-8242640.5
208 k+1=3
208 min_bar=-8511251
398 k+1=4
398 min_bar=-8312968
377 ****
377 2648587
377 min_bar=-8322285
177 k+1=4
177 min_bar=-8244634
320 k+1=5
320 min_bar=-8521215
107 ****
107 556587
107 min_bar=-8484808
268 k+1=4
268 min_bar=-8518189
189 ****
189 1138587
189 min_bar=-8323623
306 k+1=2
306 min_bar=-8489360
69 ****
69 426587
69 min_bar=-8494148
368 ****
368 2561587
368 min_bar=-8214086
414 k+1=2
414 min_bar=-7699184.5
54 k+1=2
54 min_bar=-8884897
389 k+1=4
389 min_bar=-8430775
20 k+1=4
20 min_bar=-8783953
283 k+1=3
283 min_bar=-8204132
89 k+1=2
89 min_bar=-8703174
126 k+1=5
126 min_bar=-8300495.5
294 k+1=2
294 min_bar=-7828688.5
159 ****
159 929587
159 min_bar=-8194235.5
422 ****
422 2958587
422 min_bar=-8351855
377 k+1=2
377 min_bar=-8322285
189 k+1=2
189 min_bar=-8323623
406 k+1=3
406 min_bar=-8271054
398 k+1=5
398 min_bar=-8365351
9 k+1=5
9 min_bar=-8068304
208 k+1=4
208 min_bar=-8610674
225 k+1=2
225 min_bar=-8363585
69 k+1=2
69 min_bar=-8563498
268 k+1=5
268 min_bar=-8518189
306 k+1=3
306 min_bar=-8489360
319 ****
319 2224587
319 min_bar=-8314686
20 k+1=5
20 min_bar=-8842763
54 k+1=3
54 min_bar=-8902417
89 k+1=3
89 min_bar=-8703174
414 k+1=3
414 min_bar=-7699184.5
377 k+1=3
377 min_bar=-8322285
389 k+1=5
389 min_bar=-8430775
368 k+1=2
368 min_bar=-8214086
125 ****
125 78587
125 min_bar=9007199254740992
159 k+1=2
159 min_bar=-8282199.5
422 k+1=2
422 min_bar=-8351855
177 k+1=5
177 min_bar=-8245178
19 ****
19 24587
19 min_bar=9007199254740992
107 k+1=2
107 min_bar=-8618488
283 k+1=4
283 min_bar=-8235637
267 ****
267 1749587
267 min_bar=9007199254740992
294 k+1=3
294 min_bar=-7828688.5
189 k+1=3
189 min_bar=-8373912
406 k+1=4
406 min_bar=-8271054
377 k+1=4
377 min_bar=-8322285
69 k+1=3
69 min_bar=-8563498
397 ****
397 2839587
397 min_bar=-7898194
8 ****
8 133587
8 min_bar=-8050255.5
89 k+1=4
89 min_bar=-8703174
306 k+1=4
306 min_bar=-8489360
54 k+1=4
54 min_bar=-8902417
225 k+1=3
225 min_bar=-8363585
319 k+1=2
319 min_bar=-8368464.5
208 k+1=5
208 min_bar=-8610674
414 k+1=4
414 min_bar=-7766721
18 ****
18 23587
18 min_bar=9007199254740992
176 ****
176 1041587
176 min_bar=9007199254740992
422 k+1=3
422 min_bar=-8351855
124 ****
124 663587
124 min_bar=-8462120
159 k+1=3
159 min_bar=-8282199.5
69 k+1=4
69 min_bar=-8591120
294 k+1=4
294 min_bar=-7828688.5
377 k+1=5
377 min_bar=-8322285
189 k+1=4
189 min_bar=-8397093
319 k+1=3
319 min_bar=-8368464.5
306 k+1=5
306 min_bar=-8489360
89 k+1=5
89 min_bar=-8703174
54 k+1=5
54 min_bar=-8902417
283 k+1=5
283 min_bar=-8252535
107 k+1=3
107 min_bar=-8618488
388 ****
388 2753587
388 min_bar=-7919940
266 ****
266 1748587
266 min_bar=-8185712.5
406 k+1=5
406 min_bar=-8271054
397 k+1=2
397 min_bar=-7898194
368 k+1=3
368 min_bar=-8214086
225 k+1=4
225 min_bar=-8363585
414 k+1=5
414 min_bar=-7766721
8 k+1=2
8 min_bar=-8050255.5
376 ****
376 2645587
376 min_bar=9007199254740992
69 k+1=5
69 min_bar=-8591120
53 ****
53 341587
53 min_bar=9007199254740992
175 ****
175 1040587
175 min_bar=-8235187
429 ****
429 3048587
429 min_bar=-8226106.5
207 ****
207 1249587
207 min_bar=-8576398
422 k+1=4
422 min_bar=-8358547
159 k+1=4
159 min_bar=-8302949.5
294 k+1=5
294 min_bar=-7828688.5
436 ****
436 3136587
436 min_bar=-8261121.5
124 k+1=2
124 min_bar=-8508762
107 k+1=4
107 min_bar=-8618488
189 k+1=5
189 min_bar=-8397093
319 k+1=4
319 min_bar=-8431987
282 ****
282 1855587
282 min_bar=-8324532
375 ****
375 2644587
375 min_bar=-8802345
405 ****
405 2855587
405 min_bar=-8378628
175 k+1=2
175 min_bar=-8235187
413 ****
413 2935587
413 min_bar=9007199254740992
443 ****
443 3233587
443 min_bar=-8232162
88 ****
88 512587
88 min_bar=-8476790
429 k+1=2
429 min_bar=-8226106.5
266 k+1=2
266 min_bar=-8185712.5
52 ****
52 338587
52 min_bar=-8371668
397 k+1=3
397 min_bar=-7898194
8 k+1=3
8 min_bar=-8050255.5
388 k+1=2
388 min_bar=-7942698
188 ****
188 1130587
188 min_bar=-8919147
207 k+1=2
207 min_bar=-8576398
225 k+1=5
225 min_bar=-8363585
422 k+1=5
422 min_bar=-8387524
159 k+1=5
159 min_bar=-8302949.5
124 k+1=3
124 min_bar=-8508762
375 k+1=2
375 min_bar=-8886070
436 k+1=2
436 min_bar=-8264504.5
293 ****
293 1936587
293 min_bar=-8438686
368 k+1=4
368 min_bar=-8214086
266 k+1=3
266 min_bar=-8185712.5
319 k+1=5
319 min_bar=-8431987
443 k+1=2
443 min_bar=-8258285
412 ****
412 2934587
412 min_bar=-8355116
188 k+1=2
188 min_bar=-8919147
405 k+1=2
405 min_bar=-8378628
52 k+1=2
52 min_bar=-8371668
429 k+1=3
429 min_bar=-8226106.5
107 k+1=5
107 min_bar=-8618488
88 k+1=2
88 min_bar=-8476790
388 k+1=3
388 min_bar=-7942698
282 k+1=2
282 min_bar=-8324532
175 k+1=3
175 min_bar=-8235187
8 k+1=4
8 min_bar=-8070198
375 k+1=3
375 min_bar=-8886070
397 k+1=4
397 min_bar=-7898194
224 ****
224 1363587
224 min_bar=-8559216
52 k+1=3
52 min_bar=-8371668
443 k+1=3
443 min_bar=-8258285
188 k+1=3
188 min_bar=-8919147
124 k+1=4
124 min_bar=-8508762
421 ****
421 2953587
421 min_bar=-7987402
158 ****
158 928587
158 min_bar=-8238485.5
429 k+1=4
429 min_bar=-8226106.5
318 ****
318 2223587
318 min_bar=-8344874
293 k+1=2
293 min_bar=-8438686
412 k+1=2
412 min_bar=-8394343
436 k+1=3
436 min_bar=-8264504.5
207 k+1=3
207 min_bar=-8576398
405 k+1=3
405 min_bar=-8378628
224 k+1=2
224 min_bar=-8559216
266 k+1=4
266 min_bar=-8246027
443 k+1=4
443 min_bar=-8258285
375 k+1=4
375 min_bar=-8886070
188 k+1=4
188 min_bar=-8934471
8 k+1=5
8 min_bar=-8070198
388 k+1=4
388 min_bar=-7944867
52 k+1=4
52 min_bar=-8371668
368 k+1=5
368 min_bar=-8223734
88 k+1=3
88 min_bar=-8480766
175 k+1=4
175 min_bar=-8235187
282 k+1=3
282 min_bar=-8324532
293 k+1=3
293 min_bar=-8438686
397 k+1=5
397 min_bar=-7898194
158 k+1=2
158 min_bar=-8238485.5
106 ****
106 553587
106 min_bar=-7985415
429 k+1=5
429 min_bar=-8226106.5
405 k+1=4
405 min_bar=-8403834
188 k+1=5
188 min_bar=-8934471
412 k+1=3
412 min_bar=-8394343
318 k+1=2
318 min_bar=-8394260
375 k+1=5
375 min_bar=-8886070
124 k+1=5
124 min_bar=-8508762
421 k+1=2
421 min_bar=-7987402
266 k+1=5
266 min_bar=-8246027
443 k+1=5
443 min_bar=-8267153
224 k+1=3
224 min_bar=-8559216
207 k+1=4
207 min_bar=-8576398
52 k+1=5
52 min_bar=-8371668
436 k+1=4
436 min_bar=-8328528.5
293 k+1=4
293 min_bar=-8438686
396 ****
396 2837587
396 min_bar=-7845293
388 k+1=5
388 min_bar=-7944867
428 ****
428 3045587
428 min_bar=9007199254740992
158 k+1=3
158 min_bar=-8238485.5
412 k+1=4
412 min_bar=-8418449
367 ****
367 2555587
367 min_bar=-8392651
88 k+1=4
88 min_bar=-8480766
175 k+1=5
175 min_bar=-8304325
374 ****
374 2643587
374 min_bar=-8721069
123 ****
123 662587
123 min_bar=9007199254740992
282 k+1=4
282 min_bar=-8324532
7 ****
7 132587
7 min_bar=-8266795
405 k+1=5
405 min_bar=-8403834
442 ****
442 3164587
442 min_bar=-8478016
318 k+1=3
318 min_bar=-8407084
449 ****
449 3264587
449 min_bar=-8290097
224 k+1=4
224 min_bar=-8559216
421 k+1=3
421 min_bar=-8027868
455 ****
455 3347587
455 min_bar=-8173382
106 k+1=2
106 min_bar=-7985415
427 ****
427 3044587
427 min_bar=-8669292
396 k+1=2
396 min_bar=-7845293
293 k+1=5
293 min_bar=-8528054
412 k+1=5
412 min_bar=-8418449
461 ****
461 3364587
461 min_bar=-8376308
207 k+1=5
207 min_bar=-8576398
404 ****
404 2854587
404 min_bar=-8059189
374 k+1=2
374 min_bar=-8721069
158 k+1=4
158 min_bar=-8238485.5
387 ****
387 2752587
387 min_bar=-7630362
442 k+1=2
442 min_bar=-8478016
122 ****
122 657587
122 min_bar=-8557917
367 k+1=2
367 min_bar=-8452611
318 k+1=4
318 min_bar=-8407084
436 k+1=5
436 min_bar=-8328528.5
282 k+1=5
282 min_bar=-8324532
174 ****
174 1034587
174 min_bar=9007199254740992
88 k+1=5
88 min_bar=-8480766
224 k+1=5
224 min_bar=-8559216
7 k+1=2
7 min_bar=-8266795
449 k+1=2
449 min_bar=-8376859
427 k+1=2
427 min_bar=-8669292
421 k+1=4
421 min_bar=-8027868
206 ****
206 1244587
206 min_bar=-8578828
374 k+1=3
374 min_bar=-8721069
223 ****
223 1359587
223 min_bar=9007199254740992
411 ****
411 2933587
411 min_bar=-8377984
442 k+1=3
442 min_bar=-8478016
467 ****
467 3464587
467 min_bar=-8158904.5
455 k+1=2
455 min_bar=-8226679
106 k+1=3
106 min_bar=-7985415
404 k+1=2
404 min_bar=-8216414
461 k+1=2
461 min_bar=-8376308
396 k+1=3
396 min_bar=-7845293
158 k+1=5
158 min_bar=-8238485.5
318 k+1=5
318 min_bar=-8407084
367 k+1=3
367 min_bar=-8460413
122 k+1=2
122 min_bar=-8559747
427 k+1=3
427 min_bar=-8669292
387 k+1=2
387 min_bar=-8040023
281 ****
281 1854587
281 min_bar=-8328720
173 ****
173 1026587
173 min_bar=-8029695.5
449 k+1=3
449 min_bar=-8376859
87 ****
87 511587
87 min_bar=-8863238
435 ****
435 3135587
435 min_bar=-8405441
442 k+1=4
442 min_bar=-8490914
374 k+1=4
374 min_bar=-8752310
206 k+1=2
206 min_bar=-8578828
222 ****
222 1356587
222 min_bar=-8463552
421 k+1=5
421 min_bar=-8084852
411 k+1=2
411 min_bar=-8377984
467 k+1=2
467 min_bar=-8158904.5
427 k+1=4
427 min_bar=-8669292
472 ****
472 3550587
472 min_bar=-8047739
7 k+1=3
7 min_bar=-8266795
173 k+1=2
173 min_bar=-8029695.5
461 k+1=3
461 min_bar=-8376308
404 k+1=3
404 min_bar=-8216414
122 k+1=3
122 min_bar=-8559747
396 k+1=4
396 min_bar=-7845293
157 ****
157 927587
157 min_bar=-8346730
87 k+1=2
87 min_bar=-8863238
455 k+1=3
455 min_bar=-8238712.5
367 k+1=4
367 min_bar=-8460413
442 k+1=5
442 min_bar=-8490914
374 k+1=5
374 min_bar=-8752310
449 k+1=4
449 min_bar=-8376859
106 k+1=4
106 min_bar=-7985415
387 k+1=3
387 min_bar=-8040023
281 k+1=2
281 min_bar=-8328720
435 k+1=2
435 min_bar=-8405441
222 k+1=2
222 min_bar=-8463552
173 k+1=3
173 min_bar=-8029695.5
206 k+1=3
206 min_bar=-8665441
411 k+1=3
411 min_bar=-8377984
427 k+1=5
427 min_bar=-8669292
420 ****
420 2952587
420 min_bar=-7842580.5
373 ****
373 2641587
373 min_bar=-8391920
467 k+1=3
467 min_bar=-8158904.5
122 k+1=4
122 min_bar=-8559747
461 k+1=4
461 min_bar=-8376308
396 k+1=5
396 min_bar=-7851650.5
87 k+1=3
87 min_bar=-8863238
157 k+1=2
157 min_bar=-8346730
404 k+1=4
404 min_bar=-8216414
426 ****
426 3041587
426 min_bar=9007199254740992
222 k+1=3
222 min_bar=-8463552
455 k+1=4
455 min_bar=-8238712.5
281 k+1=3
281 min_bar=-8328720
173 k+1=4
173 min_bar=-8029695.5
449 k+1=5
449 min_bar=-8376859
367 k+1=5
367 min_bar=-8460413
441 ****
441 3161587
441 min_bar=-8305964
472 k+1=2
472 min_bar=-8107678
7 k+1=4
7 min_bar=-8266795
373 k+1=2
373 min_bar=-8391920
206 k+1=4
206 min_bar=-8665441
411 k+1=4
411 min_bar=-8377984
106 k+1=5
106 min_bar=-7985415
420 k+1=2
420 min_bar=-8088919
435 k+1=3
435 min_bar=-8466295
122 k+1=5
122 min_bar=-8559747
87 k+1=4
87 min_bar=-8863238
425 ****
425 3038587
425 min_bar=-8165574
461 k+1=5
461 min_bar=-8376308
157 k+1=3
157 min_bar=-8346730
467 k+1=4
467 min_bar=-8215393
395 ****
395 2836587
395 min_bar=-8356442.5
387 k+1=4
387 min_bar=-8095725
404 k+1=5
404 min_bar=-8216414
472 k+1=3
472 min_bar=-8107678
373 k+1=3
373 min_bar=-8391920
222 k+1=4
222 min_bar=-8463552
281 k+1=4
281 min_bar=-8328720
441 k+1=2
441 min_bar=-8316288
455 k+1=5
455 min_bar=-8238712.5
448 ****
448 3260587
448 min_bar=-8406115
206 k+1=5
206 min_bar=-8665441
366 ****
366 2554587
366 min_bar=-8259179
411 k+1=5
411 min_bar=-8377984
420 k+1=3
420 min_bar=-8088919
121 ****
121 652587
121 min_bar=9007199254740992
373 k+1=4
373 min_bar=-8391920
425 k+1=2
425 min_bar=-8204623
387 k+1=5
387 min_bar=-8095725
173 k+1=5
173 min_bar=-8233904.5
435 k+1=4
435 min_bar=-8466295
87 k+1=5
87 min_bar=-8864391
105 ****
105 551587
105 min_bar=-8540472
460 ****
460 3358587
460 min_bar=-8209022.5
7 k+1=5
7 min_bar=-8266795
205 ****
205 1241587
205 min_bar=9007199254740992
395 k+1=2
395 min_bar=-8356442.5
157 k+1=4
157 min_bar=-8346730
467 k+1=5
467 min_bar=-8261842.5
222 k+1=5
222 min_bar=-8463552
403 ****
403 2853587
403 min_bar=-8106586
410 ****
410 2932587
410 min_bar=-8188130.5
472 k+1=4
472 min_bar=-8206639.5
441 k+1=3
441 min_bar=-8378215
448 k+1=2
448 min_bar=-8406115
386 ****
386 2750587
386 min_bar=-7972840
454 ****
454 3342587
454 min_bar=-8167008.5
281 k+1=5
281 min_bar=-8370140
373 k+1=5
373 min_bar=-8391920
172 ****
172 1021587
172 min_bar=9007199254740992
86 ****
86 510587
86 min_bar=-8356368
425 k+1=3
425 min_bar=-8360407
120 ****
120 649587
120 min_bar=-8312166
420 k+1=4
420 min_bar=-8088919
435 k+1=5
435 min_bar=-8466295
366 k+1=2
366 min_bar=-8259179
157 k+1=5
157 min_bar=-8346730
410 k+1=2
410 min_bar=-8243686
395 k+1=3
395 min_bar=-8356442.5
466 ****
466 3461587
466 min_bar=-8179553
460 k+1=2
460 min_bar=-8328868
477 ****
477 3561587
477 min_bar=-8252091
448 k+1=3
448 min_bar=-8418774
441 k+1=4
441 min_bar=-8378215
420 k+1=5
420 min_bar=-8088919
6 ****
6 131587
6 min_bar=9007199254740992
105 k+1=2
105 min_bar=-8676248
372 ****
372 2640587
372 min_bar=-8092847
221 ****
221 1351587
221 min_bar=-8426018
86 k+1=2
86 min_bar=-8356368
120 k+1=2
120 min_bar=-8312166
472 k+1=5
472 min_bar=-8206639.5
171 ****
171 1020587
171 min_bar=-8169733.5
403 k+1=2
403 min_bar=-8171478
454 k+1=2
454 min_bar=-8211243
425 k+1=4
425 min_bar=-8360407
280 ****
280 1852587
280 min_bar=-7936787
156 ****
156 925587
156 min_bar=-8226146
386 k+1=2
386 min_bar=-8200086
434 ****
434 3133587
434 min_bar=-8255049
372 k+1=2
372 min_bar=-8092847
466 k+1=2
466 min_bar=-8271909
395 k+1=4
395 min_bar=-8371527
366 k+1=3
366 min_bar=-8266828
410 k+1=3
410 min_bar=-8314246
5 ****
5 129587
5 min_bar=9007199254740992
419 ****
419 2950587
419 min_bar=-7850518
448 k+1=4
448 min_bar=-8446034
120 k+1=3
120 min_bar=-8312166
441 k+1=5
441 min_bar=-8405238
460 k+1=3
460 min_bar=-8328868
86 k+1=3
86 min_bar=-8356368
471 ****
471 3547587
471 min_bar=-8186685
425 k+1=5
425 min_bar=-8360407
477 k+1=2
477 min_bar=-8252091
466 k+1=3
466 min_bar=-8271909
372 k+1=3
372 min_bar=-8118361
386 k+1=3
386 min_bar=-8200086
221 k+1=2
221 min_bar=-8538730
454 k+1=3
454 min_bar=-8372503.5
410 k+1=4
410 min_bar=-8314246
156 k+1=2
156 min_bar=-8299335
105 k+1=3
105 min_bar=-8676248
434 k+1=2
434 min_bar=-8255049
403 k+1=3
403 min_bar=-8171478
280 k+1=2
280 min_bar=-7936787
440 ****
440 3155587
440 min_bar=-8495658
372 k+1=4
372 min_bar=-8118361
419 k+1=2
419 min_bar=-8146733
395 k+1=5
395 min_bar=-8400998
448 k+1=5
448 min_bar=-8446034
471 k+1=2
471 min_bar=-8296093
120 k+1=4
120 min_bar=-8312166
460 k+1=4
460 min_bar=-8382707
4 ****
4 128587
4 min_bar=-8019611
171 k+1=2
171 min_bar=-8206073
424 ****
424 2964587
424 min_bar=-8378771.5
386 k+1=4
386 min_bar=-8200086
86 k+1=4
86 min_bar=-8356368
366 k+1=4
366 min_bar=-8266828
466 k+1=4
466 min_bar=-8271909
221 k+1=3
221 min_bar=-8538730
372 k+1=5
372 min_bar=-8118361
156 k+1=3
156 min_bar=-8299335
410 k+1=5
410 min_bar=-8314246
454 k+1=4
454 min_bar=-8372503.5
477 k+1=3
477 min_bar=-8266355
434 k+1=3
434 min_bar=-8255049
471 k+1=3
471 min_bar=-8296093
440 k+1=2
440 min_bar=-8531390
403 k+1=4
403 min_bar=-8171478
447 ****
447 3255587
447 min_bar=-8329518
394 ****
394 2835587
394 min_bar=-8300807
482 ****
482 3658587
482 min_bar=-8157666.5
120 k+1=5
120 min_bar=-8312166
419 k+1=3
419 min_bar=-8146733
280 k+1=3
280 min_bar=-7983616.5
424 k+1=2
424 min_bar=-8378771.5
460 k+1=5
460 min_bar=-8382707
466 k+1=5
466 min_bar=-8271909
105 k+1=4
105 min_bar=-8676248
440 k+1=3
440 min_bar=-8531390
4 k+1=2
4 min_bar=-8019611
471 k+1=4
471 min_bar=-8296093
221 k+1=4
221 min_bar=-8538730
86 k+1=5
86 min_bar=-8356368
156 k+1=4
156 min_bar=-8299335
366 k+1=5
366 min_bar=-8266828
447 k+1=2
447 min_bar=-8329518
454 k+1=5
454 min_bar=-8372503.5
171 k+1=3
171 min_bar=-8206073
386 k+1=5
386 min_bar=-8200086
409 ****
409 2931587
409 min_bar=-8327501
434 k+1=4
434 min_bar=-8255049
477 k+1=4
477 min_bar=-8292594
394 k+1=2
394 min_bar=-8328568
482 k+1=2
482 min_bar=-8204478
403 k+1=5
403 min_bar=-8171478
487 ****
487 3753587
487 min_bar=-7776016
419 k+1=4
419 min_bar=-8146733
440 k+1=4
440 min_bar=-8531390
424 k+1=3
424 min_bar=-8378771.5
171 k+1=4
171 min_bar=-8206073
471 k+1=5
471 min_bar=-8296093
453 ****
453 3337587
453 min_bar=-7761906
459 ****
459 3355587
459 min_bar=-8324455
492 ****
492 3841587
492 min_bar=-8325295
156 k+1=5
156 min_bar=-8299335
465 ****
465 3458587
465 min_bar=-8313158
280 k+1=4
280 min_bar=-7983616.5
447 k+1=3
447 min_bar=-8371417
459 k+1=2
459 min_bar=-8324455
409 k+1=2
409 min_bar=-8372267
394 k+1=3
394 min_bar=-8328568
385 ****
385 2739587
385 min_bar=-7823611.5
221 k+1=5
221 min_bar=-8538730
105 k+1=5
105 min_bar=-8676248
4 k+1=3
4 min_bar=-8019611
492 k+1=2
492 min_bar=-8325295
434 k+1=5
434 min_bar=-8260777
365 ****
365 2551587
365 min_bar=9007199254740992
477 k+1=5
477 min_bar=-8292594
440 k+1=5
440 min_bar=-8531390
487 k+1=2
487 min_bar=-7861625
482 k+1=3
482 min_bar=-8204478
424 k+1=4
424 min_bar=-8378771.5
419 k+1=5
419 min_bar=-8146733
402 ****
402 2852587
402 min_bar=-8061015
171 k+1=5
171 min_bar=-8206073
280 k+1=5
280 min_bar=-7983616.5
155 ****
155 924587
155 min_bar=-8243609
453 k+1=2
453 min_bar=-7761906
492 k+1=3
492 min_bar=-8325295
470 ****
470 3546587
470 min_bar=-8251543
447 k+1=4
447 min_bar=-8371417
465 k+1=2
465 min_bar=-8313158
394 k+1=4
394 min_bar=-8328568
459 k+1=3
459 min_bar=-8324455
409 k+1=3
409 min_bar=-8372267
439 ****
439 3154587
439 min_bar=-8380684
492 k+1=4
492 min_bar=-8325295
385 k+1=2
385 min_bar=-7823611.5
418 ****
418 2947587
418 min_bar=-8203325.5
104 ****
104 550587
104 min_bar=9007199254740992
487 k+1=3
487 min_bar=-7861625
394 k+1=5
394 min_bar=-8328568
482 k+1=4
482 min_bar=-8204478
4 k+1=4
4 min_bar=-8037290
433 ****
433 3132587
433 min_bar=-8364280.5
424 k+1=5
424 min_bar=-8378771.5
476 ****
476 3560587
476 min_bar=-8449995
496 ****
496 3851587
496 min_bar=-8198785
155 k+1=2
155 min_bar=-8300583.5
453 k+1=3
453 min_bar=-7769385
364 ****
364 2542587
364 min_bar=-8266708.5
402 k+1=2
402 min_bar=-8061015
447 k+1=5
447 min_bar=-8371417
500 ****
500 3942587
500 min_bar=-7777028.5
418 k+1=2
418 min_bar=-8203325.5
470 k+1=2
470 min_bar=-8276499
492 k+1=5
492 min_bar=-8325295
504 ****
504 3961587
504 min_bar=-7850294
465 k+1=3
465 min_bar=-8313158
459 k+1=4
459 min_bar=-8324455
103 ****
103 549587
103 min_bar=9007199254740992
409 k+1=4
409 min_bar=-8372267
439 k+1=2
439 min_bar=-8380684
487 k+1=4
487 min_bar=-7861625
423 ****
423 2960587
423 min_bar=-8413175
393 ****
393 2834587
393 min_bar=-8295529.5
482 k+1=5
482 min_bar=-8204478
476 k+1=2
476 min_bar=-8449995
155 k+1=3
155 min_bar=-8300583.5
470 k+1=3
470 min_bar=-8276499
385 k+1=3
385 min_bar=-7883935.5
364 k+1=2
364 min_bar=-8281714
418 k+1=3
418 min_bar=-8257130.5
433 k+1=2
433 min_bar=-8364280.5
500 k+1=2
500 min_bar=-7891725
459 k+1=5
459 min_bar=-8324455
4 k+1=5
4 min_bar=-8037290
409 k+1=5
409 min_bar=-8372267
402 k+1=3
402 min_bar=-8061015
446 ****
446 3239587
446 min_bar=-7901312.5
491 ****
491 3840587
491 min_bar=-8194507
465 k+1=4
465 min_bar=-8313158
453 k+1=4
453 min_bar=-7769385
487 k+1=5
487 min_bar=-7861625
439 k+1=3
439 min_bar=-8407135
496 k+1=2
496 min_bar=-8198785
418 k+1=4
418 min_bar=-8257130.5
508 ****
508 4049587
508 min_bar=-7817745.5
504 k+1=2
504 min_bar=-7857439
433 k+1=3
433 min_bar=-8364280.5
423 k+1=2
423 min_bar=-8421801
481 ****
481 3655587
481 min_bar=-8281175.5
155 k+1=4
155 min_bar=-8300583.5
393 k+1=2
393 min_bar=-8383904.5
470 k+1=4
470 min_bar=-8276499
3 ****
3 127587
3 min_bar=9007199254740992
476 k+1=3
476 min_bar=-8449995
446 k+1=2
446 min_bar=-7901312.5
408 ****
408 2864587
408 min_bar=9007199254740992
385 k+1=4
385 min_bar=-7883935.5
500 k+1=3
500 min_bar=-7891725
458 ****
458 3354587
458 min_bar=-8175223
418 k+1=5
418 min_bar=-8257130.5
486 ****
486 3752587
486 min_bar=-7882965
496 k+1=3
496 min_bar=-8198785
364 k+1=3
364 min_bar=-8332096
465 k+1=5
465 min_bar=-8313158
481 k+1=2
481 min_bar=-8281175.5
439 k+1=4
439 min_bar=-8409033
491 k+1=2
491 min_bar=-8194507
402 k+1=4
402 min_bar=-8061015
453 k+1=5
453 min_bar=-7769385
155 k+1=5
155 min_bar=-8300583.5
423 k+1=3
423 min_bar=-8438996
393 k+1=3
393 min_bar=-8383904.5
470 k+1=5
470 min_bar=-8276499
508 k+1=2
508 min_bar=-8047186
504 k+1=3
504 min_bar=-7859511
433 k+1=4
433 min_bar=-8364280.5
407 ****
407 2861587
407 min_bar=-8510037
417 ****
417 2946587
417 min_bar=-8280481
500 k+1=4
500 min_bar=-7891725
458 k+1=2
458 min_bar=-8226688
486 k+1=2
486 min_bar=-7882965
476 k+1=4
476 min_bar=-8449995
481 k+1=3
481 min_bar=-8328848.5
446 k+1=3
446 min_bar=-7901312.5
385 k+1=5
385 min_bar=-7883935.5
452 ****
452 3336587
452 min_bar=9007199254740992
2 ****
2 125587
2 min_bar=-7974285.5
491 k+1=3
491 min_bar=-8194507
496 k+1=4
496 min_bar=-8198785
439 k+1=5
439 min_bar=-8426091
464 ****
464 3454587
464 min_bar=-8279532
423 k+1=4
423 min_bar=-8492639
500 k+1=5
500 min_bar=-7891725
364 k+1=4
364 min_bar=-8339182
154 ****
154 919587
154 min_bar=-8403645
393 k+1=4
393 min_bar=-8388846
469 ****
469 3537587
469 min_bar=-7694805.5
504 k+1=4
504 min_bar=-7859511
402 k+1=5
402 min_bar=-8112382
508 k+1=3
508 min_bar=-8047186
407 k+1=2
407 min_bar=-8540163
417 k+1=2
417 min_bar=-8345031
451 ****
451 3335587
451 min_bar=9007199254740992
433 k+1=5
433 min_bar=-8364280.5
486 k+1=3
486 min_bar=-7896846
481 k+1=4
481 min_bar=-8328848.5
446 k+1=4
446 min_bar=-7901312.5
458 k+1=3
458 min_bar=-8226688
438 ****
438 3147587
438 min_bar=-8141508
384 ****
384 2735587
384 min_bar=-8556431
476 k+1=5
476 min_bar=-8449995
499 ****
499 3862587
499 min_bar=-8024935.5
496 k+1=5
496 min_bar=-8198785
464 k+1=2
464 min_bar=-8279532
423 k+1=5
423 min_bar=-8492639
2 k+1=2
2 min_bar=-8029064.5
432 ****
432 3059587
432 min_bar=9007199254740992
491 k+1=4
491 min_bar=-8194507
407 k+1=3
407 min_bar=-8540163
417 k+1=3
417 min_bar=-8392149
154 k+1=2
154 min_bar=-8403645
393 k+1=5
393 min_bar=-8388846
450 ****
450 3334587
450 min_bar=-8481117
401 ****
401 2850587
401 min_bar=-8201736
438 k+1=2
438 min_bar=-8192884
512 ****
512 4144587
512 min_bar=9007199254740992
481 k+1=5
481 min_bar=-8328848.5
499 k+1=2
499 min_bar=-8024935.5
469 k+1=2
469 min_bar=-7694805.5
364 k+1=5
364 min_bar=-8339182
504 k+1=5
504 min_bar=-7879677
486 k+1=4
486 min_bar=-7897528
508 k+1=4
508 min_bar=-8047186
384 k+1=2
384 min_bar=-8573353
458 k+1=4
458 min_bar=-8226688
446 k+1=5
446 min_bar=-7926107
431 ****
431 3057587
431 min_bar=9007199254740992
495 ****
495 3849587
495 min_bar=-8196966
491 k+1=5
491 min_bar=-8194507
511 ****
511 4143587
511 min_bar=9007199254740992
480 ****
480 3652587
480 min_bar=9007199254740992
407 k+1=4
407 min_bar=-8540163
438 k+1=3
438 min_bar=-8192884
464 k+1=3
464 min_bar=-8279532
417 k+1=4
417 min_bar=-8392149
475 ****
475 3558587
475 min_bar=-8392563
392 ****
392 2831587
392 min_bar=-8287093
450 k+1=2
450 min_bar=-8481117
495 k+1=2
495 min_bar=-8196966
401 k+1=2
401 min_bar=-8201736
154 k+1=3
154 min_bar=-8411785
486 k+1=5
486 min_bar=-7897528
499 k+1=3
499 min_bar=-8064055.5
2 k+1=3
2 min_bar=-8029064.5
384 k+1=3
384 min_bar=-8573353
430 ****
430 3056587
430 min_bar=-8577847
438 k+1=4
438 min_bar=-8192884
469 k+1=3
469 min_bar=-7694805.5
458 k+1=5
458 min_bar=-8226688
490 ****
490 3761587
490 min_bar=-7825039.5
508 k+1=5
508 min_bar=-8047186
479 ****
479 3642587
479 min_bar=-8365202.5
503 ****
503 3960587
503 min_bar=-7870081
445 ****
445 3237587
445 min_bar=-7679255
510 ****
510 4057587
510 min_bar=-8320201
495 k+1=3
495 min_bar=-8196966
363 ****
363 2536587
363 min_bar=-8468331
499 k+1=4
499 min_bar=-8064055.5
464 k+1=4
464 min_bar=-8299894
407 k+1=5
407 min_bar=-8540163
450 k+1=3
450 min_bar=-8481117
417 k+1=5
417 min_bar=-8392149
392 k+1=2
392 min_bar=-8429336
401 k+1=3
401 min_bar=-8262357
475 k+1=2
475 min_bar=-8392563
438 k+1=5
438 min_bar=-8241611
430 k+1=2
430 min_bar=-8595457
384 k+1=4
384 min_bar=-8573353
495 k+1=4
495 min_bar=-8196966
485 ****
485 3746587
485 min_bar=-7645830.5
499 k+1=5
499 min_bar=-8064055.5
154 k+1=4
154 min_bar=-8411785
416 ****
416 2942587
416 min_bar=-8225556
469 k+1=4
469 min_bar=-7770907
457 ****
457 3353587
457 min_bar=-7923270
516 ****
516 4159587
516 min_bar=-8834063
479 k+1=2
479 min_bar=-8365202.5
2 k+1=4
2 min_bar=-8071257.5
490 k+1=2
490 min_bar=-7825039.5
507 ****
507 4048587
507 min_bar=-8169272
450 k+1=4
450 min_bar=-8481117
495 k+1=5
495 min_bar=-8196966
401 k+1=4
401 min_bar=-8262357
445 k+1=2
445 min_bar=-7679255
510 k+1=2
510 min_bar=-8399713
437 ****
437 3146587
437 min_bar=-8183685
464 k+1=5
464 min_bar=-8299894
503 k+1=2
503 min_bar=-7870081
392 k+1=3
392 min_bar=-8430121
363 k+1=2
363 min_bar=-8468331
516 k+1=2
516 min_bar=-8922854
498 ****
498 3857587
498 min_bar=-8331856
384 k+1=5
384 min_bar=-8573353
485 k+1=2
485 min_bar=-7694444
430 k+1=3
430 min_bar=-8612002
475 k+1=3
475 min_bar=-8392563
416 k+1=2
416 min_bar=-8301866
154 k+1=5
154 min_bar=-8411785
507 k+1=2
507 min_bar=-8319984
490 k+1=3
490 min_bar=-7825039.5
450 k+1=5
450 min_bar=-8481292
479 k+1=3
479 min_bar=-8365202.5
457 k+1=2
457 min_bar=-7923270
516 k+1=3
516 min_bar=-8945634
401 k+1=5
401 min_bar=-8262357
469 k+1=5
469 min_bar=-7770907
494 ****
494 3845587
494 min_bar=-8322051
445 k+1=3
445 min_bar=-7679255
2 k+1=5
2 min_bar=-8071257.5
510 k+1=3
510 min_bar=-8415222
437 k+1=2
437 min_bar=-8183685
503 k+1=3
503 min_bar=-7870081
392 k+1=4
392 min_bar=-8430121
416 k+1=3
416 min_bar=-8301866
463 ****
463 3453587
463 min_bar=-7917245
430 k+1=4
430 min_bar=-8612002
516 k+1=4
516 min_bar=-8945634
363 k+1=3
363 min_bar=-8468331
498 k+1=2
498 min_bar=-8331856
490 k+1=4
490 min_bar=-7825039.5
485 k+1=3
485 min_bar=-7694444
383 ****
383 2731587
383 min_bar=-8363886.5
507 k+1=3
507 min_bar=-8319984
519 ****
519 4250587
519 min_bar=-8094366
494 k+1=2
494 min_bar=-8420502
479 k+1=4
479 min_bar=-8365202.5
457 k+1=3
457 min_bar=-7965203
416 k+1=4
416 min_bar=-8301866
475 k+1=4
475 min_bar=-8392563
400 ****
400 2847587
400 min_bar=-8243831
522 ****
522 4260587
522 min_bar=-8267430
516 k+1=5
516 min_bar=-8945634
510 k+1=4
510 min_bar=-8415222
445 k+1=4
445 min_bar=-7679255
468 ****
468 3536587
468 min_bar=-8206356
392 k+1=5
392 min_bar=-8430121
437 k+1=3
437 min_bar=-8183685
363 k+1=4
363 min_bar=-8468331
430 k+1=5
430 min_bar=-8614424
485 k+1=4
485 min_bar=-7734729
383 k+1=2
383 min_bar=-8363886.5
498 k+1=3
498 min_bar=-8331856
1 ****
1 114587
1 min_bar=-8053180
463 k+1=2
463 min_bar=-7917245
503 k+1=4
503 min_bar=-7870081
494 k+1=3
494 min_bar=-8420502
490 k+1=5
490 min_bar=-7825039.5
479 k+1=5
479 min_bar=-8365202.5
519 k+1=2
519 min_bar=-8149208
515 ****
515 4156587
515 min_bar=-8237042.5
416 k+1=5
416 min_bar=-8301866
400 k+1=2
400 min_bar=-8243831
457 k+1=4
457 min_bar=-8064187
507 k+1=4
507 min_bar=-8319984
522 k+1=2
522 min_bar=-8267430
510 k+1=5
510 min_bar=-8415222
475 k+1=5
475 min_bar=-8441050
525 ****
525 4344587
525 min_bar=-8714528
498 k+1=4
498 min_bar=-8331856
445 k+1=5
445 min_bar=-7679255
391 ****
391 2760587
391 min_bar=-8240492
437 k+1=4
437 min_bar=-8341446
468 k+1=2
468 min_bar=-8206356
489 ****
489 3760587
489 min_bar=-7788373.5
485 k+1=5
485 min_bar=-7734729
494 k+1=4
494 min_bar=-8420502
457 k+1=5
457 min_bar=-8064187
478 ****
478 3564587
478 min_bar=-8393551
515 k+1=2
515 min_bar=-8251916.5
363 k+1=5
363 min_bar=-8468331
509 ****
509 4054587
509 min_bar=9007199254740992
400 k+1=3
400 min_bar=-8243831
463 k+1=3
463 min_bar=-7987129
383 k+1=3
383 min_bar=-8443683
503 k+1=5
503 min_bar=-7870081
525 k+1=2
525 min_bar=-8714528
519 k+1=3
519 min_bar=-8149208
391 k+1=2
391 min_bar=-8240492
1 k+1=2
1 min_bar=-8066192.5
415 ****
415 2939587
415 min_bar=-7867329
474 ****
474 3555587
474 min_bar=-8501730
522 k+1=3
522 min_bar=-8267430
507 k+1=5
507 min_bar=-8319984
515 k+1=3
515 min_bar=-8251916.5
437 k+1=5
437 min_bar=-8341446
489 k+1=2
489 min_bar=-7788373.5
444 ****
444 3234587
444 min_bar=-8193384
498 k+1=5
498 min_bar=-8331856
484 ****
484 3742587
484 min_bar=-7687679
468 k+1=3
468 min_bar=-8239430
494 k+1=5
494 min_bar=-8420502
528 ****
528 4356587
528 min_bar=-8133753
478 k+1=2
478 min_bar=-8466498
400 k+1=4
400 min_bar=-8243831
463 k+1=4
463 min_bar=-7987129
456 ****
456 3352587
456 min_bar=-7866491
519 k+1=4
519 min_bar=-8149208
391 k+1=3
391 min_bar=-8240492
515 k+1=4
515 min_bar=-8346234.5
525 k+1=3
525 min_bar=-8731756
474 k+1=2
474 min_bar=-8529560
502 ****
502 3952587
502 min_bar=-7850910
362 ****
362 2534587
362 min_bar=-8338831
506 ****
506 4044587
506 min_bar=9007199254740992
383 k+1=4
383 min_bar=-8443683
522 k+1=4
522 min_bar=-8267430
489 k+1=3
489 min_bar=-7803714.5
1 k+1=3
1 min_bar=-8066192.5
531 ****
531 4362587
531 min_bar=9007199254740992
484 k+1=2
484 min_bar=-7696857
497 ****
497 3856587
497 min_bar=-8164801
415 k+1=2
415 min_bar=-7911914
444 k+1=2
444 min_bar=-8249028
528 k+1=2
528 min_bar=-8344892
478 k+1=3
478 min_bar=-8466498
515 k+1=5
515 min_bar=-8346234.5
400 k+1=5
400 min_bar=-8243831
493 ****
493 3843587
493 min_bar=-8450352
525 k+1=4
525 min_bar=-8731756
463 k+1=5
463 min_bar=-7987129
391 k+1=4
391 min_bar=-8240492
468 k+1=4
468 min_bar=-8250441
514 ****
514 4149587
514 min_bar=9007199254740992
528 k+1=3
528 min_bar=-8344892
474 k+1=3
474 min_bar=-8530104
519 k+1=5
519 min_bar=-8205832
489 k+1=4
489 min_bar=-7803714.5
456 k+1=2
456 min_bar=-7980506
484 k+1=3
484 min_bar=-7775407.5
444 k+1=3
444 min_bar=-8249028
502 k+1=2
502 min_bar=-7850910
530 ****
530 4359587
530 min_bar=-8872574
505 ****
505 4043587
505 min_bar=-8409044
478 k+1=4
478 min_bar=-8466498
383 k+1=5
383 min_bar=-8443683
522 k+1=5
522 min_bar=-8267430
493 k+1=2
493 min_bar=-8450352
415 k+1=3
415 min_bar=-7911914
362 k+1=2
362 min_bar=-8338831
399 ****
399 2846587
399 min_bar=-8384498
513 ****
513 4148587
513 min_bar=-8299117
530 k+1=2
530 min_bar=-8872574
497 k+1=2
497 min_bar=-8253928
1 k+1=4
1 min_bar=-8101022.5
528 k+1=4
528 min_bar=-8344892
462 ****
462 3452587
462 min_bar=-7790980.5
391 k+1=5
391 min_bar=-8257777
525 k+1=5
525 min_bar=-8737052
484 k+1=4
484 min_bar=-7785859.5
474 k+1=4
474 min_bar=-8530104
468 k+1=5
468 min_bar=-8250441
530 k+1=3
530 min_bar=-8872574
489 k+1=5
489 min_bar=-7803714.5
518 ****
518 4247587
518 min_bar=-8205450
444 k+1=4
444 min_bar=-8249028
456 k+1=3
456 min_bar=-7980506
478 k+1=5
478 min_bar=-8466498
513 k+1=2
513 min_bar=-8299117
493 k+1=3
493 min_bar=-8450352
415 k+1=4
415 min_bar=-7911914
502 k+1=3
502 min_bar=-7850910
521 ****
521 4255587
521 min_bar=-8299503.5
530 k+1=4
530 min_bar=-8872574
505 k+1=2
505 min_bar=-8440139
382 ****
382 2729587
382 min_bar=-8479017
462 k+1=2
462 min_bar=-7790980.5
399 k+1=2
399 min_bar=-8439920
484 k+1=5
484 min_bar=-7805732
528 k+1=5
528 min_bar=-8344892
362 k+1=3
362 min_bar=-8338831
497 k+1=3
497 min_bar=-8253928
513 k+1=3
513 min_bar=-8299117
524 ****
524 4264587
524 min_bar=-8202139.5
444 k+1=5
444 min_bar=-8249028
518 k+1=2
518 min_bar=-8205450
390 ****
390 2758587
390 min_bar=-8356028
488 ****
488 3755587
488 min_bar=-7768468.5
537 ****
537 4463587
537 min_bar=9007199254740992
474 k+1=5
474 min_bar=-8530104
534 ****
534 4451587
534 min_bar=-8641538
1 k+1=5
1 min_bar=-8101022.5
456 k+1=4
456 min_bar=-7990386
382 k+1=2
382 min_bar=-8479017
415 k+1=5
415 min_bar=-7911914
502 k+1=4
502 min_bar=-7850910
505 k+1=3
505 min_bar=-8440139
483 ****
483 3661587
483 min_bar=-8353655
513 k+1=4
513 min_bar=-8351176
462 k+1=3
462 min_bar=-7794247.5
527 ****
527 4351587
527 min_bar=-8671083
530 k+1=5
530 min_bar=-8887693
493 k+1=4
493 min_bar=-8467610
497 k+1=4
497 min_bar=-8253928
390 k+1=2
390 min_bar=-8359260
534 k+1=2
534 min_bar=-8687576
521 k+1=2
521 min_bar=-8306951
524 k+1=2
524 min_bar=-8363115.5
488 k+1=2
488 min_bar=-7768468.5
536 ****
536 4462587
536 min_bar=9007199254740992
399 k+1=3
399 min_bar=-8439920
518 k+1=3
518 min_bar=-8205450
540 ****
540 4556587
540 min_bar=-8176045
546 ****
546 4664587
546 min_bar=-8062231.5
529 ****
529 4357587
529 min_bar=-8350627.5
362 k+1=4
362 min_bar=-8349635
473 ****
473 3554587
473 min_bar=-8379857
513 k+1=5
513 min_bar=-8351176
493 k+1=5
493 min_bar=-8467610
527 k+1=2
527 min_bar=-8671083
483 k+1=2
483 min_bar=-8380345
502 k+1=5
502 min_bar=-7850910
524 k+1=3
524 min_bar=-8363458
462 k+1=4
462 min_bar=-7875570
456 k+1=5
456 min_bar=-8007567
382 k+1=3
382 min_bar=-8479017
534 k+1=3
534 min_bar=-8687576
505 k+1=4
505 min_bar=-8458562
535 ****
535 4457587
535 min_bar=-8168059
390 k+1=3
390 min_bar=-8411090
543 ****
543 4650587
543 min_bar=-8203601
488 k+1=3
488 min_bar=-7768468.5
527 k+1=3
527 min_bar=-8671083
399 k+1=4
399 min_bar=-8439920
518 k+1=4
518 min_bar=-8205450
521 k+1=3
521 min_bar=-8327635.5
497 k+1=5
497 min_bar=-8282015
529 k+1=2
529 min_bar=-8350627.5
546 k+1=2
546 min_bar=-8214224.5
483 k+1=3
483 min_bar=-8380345
552 ****
552 4758587
552 min_bar=-8101953.5
540 k+1=2
540 min_bar=-8176045
535 k+1=2
535 min_bar=-8168059
473 k+1=2
473 min_bar=-8379857
549 ****
549 4753587
549 min_bar=-7990565
524 k+1=4
524 min_bar=-8363458
362 k+1=5
362 min_bar=-8382024
555 ****
555 4857587
555 min_bar=-8351321
527 k+1=4
527 min_bar=-8671083
558 ****
558 4957587
558 min_bar=9007199254740992
534 k+1=4
534 min_bar=-8687576
390 k+1=4
390 min_bar=-8411090
529 k+1=3
529 min_bar=-8350627.5
501 ****
501 3946587
501 min_bar=-7918378
382 k+1=4
382 min_bar=-8479017
488 k+1=4
488 min_bar=-7768468.5
462 k+1=5
462 min_bar=-8010974
399 k+1=5
399 min_bar=-8439920
546 k+1=3
546 min_bar=-8214224.5
524 k+1=5
524 min_bar=-8363458
521 k+1=4
521 min_bar=-8327635.5
483 k+1=4
483 min_bar=-8380345
505 k+1=5
505 min_bar=-8458562
518 k+1=5
518 min_bar=-8269779
535 k+1=3
535 min_bar=-8168059
552 k+1=2
552 min_bar=-8202854
543 k+1=2
543 min_bar=-8203601
473 k+1=3
473 min_bar=-8432823
529 k+1=4
529 min_bar=-8350627.5
540 k+1=3
540 min_bar=-8204361
527 k+1=5
527 min_bar=-8671083
534 k+1=5
534 min_bar=-8687576
555 k+1=2
555 min_bar=-8351321
546 k+1=4
546 min_bar=-8214224.5
549 k+1=2
549 min_bar=-7990565
561 ****
561 5054587
561 min_bar=-8110760
390 k+1=5
390 min_bar=-8411090
567 ****
567 5162587
567 min_bar=-8433145
488 k+1=5
488 min_bar=-7789081
483 k+1=5
483 min_bar=-8380345
535 k+1=4
535 min_bar=-8168059
517 ****
517 4246587
517 min_bar=-8250197
564 ****
564 5063587
564 min_bar=9007199254740992
382 k+1=5
382 min_bar=-8479017
501 k+1=2
501 min_bar=-7929752
557 ****
557 4951587
557 min_bar=-8375484
521 k+1=5
521 min_bar=-8327635.5
523 ****
523 4261587
523 min_bar=-8287194
552 k+1=3
552 min_bar=-8202854
529 k+1=5
529 min_bar=-8350627.5
546 k+1=5
546 min_bar=-8214224.5
570 ****
570 5261587
570 min_bar=-7954287
473 k+1=4
473 min_bar=-8432823
540 k+1=4
540 min_bar=-8204361
555 k+1=3
555 min_bar=-8351321
533 ****
533 4450587
533 min_bar=9007199254740992
573 ****
573 5361587
573 min_bar=-7988327
579 ****
579 5564587
579 min_bar=-8582036
526 ****
526 4349587
526 min_bar=9007199254740992
543 k+1=3
543 min_bar=-8203601
381 ****
381 2659587
381 min_bar=9007199254740992
582 ****
582 5762587
582 min_bar=9007199254740992
567 k+1=2
567 min_bar=-8433145
535 k+1=5
535 min_bar=-8168059
561 k+1=2
561 min_bar=-8110760
549 k+1=3
549 min_bar=-7990565
517 k+1=2
517 min_bar=-8258069
557 k+1=2
557 min_bar=-8375484
576 ****
576 5458587
576 min_bar=-8296816
523 k+1=2
523 min_bar=-8287194
552 k+1=4
552 min_bar=-8228991.5
563 ****
563 5060587
563 min_bar=-8221463
520 ****
520 4252587
520 min_bar=-7906785
555 k+1=4
555 min_bar=-8351321
473 k+1=5
473 min_bar=-8438421
501 k+1=3
501 min_bar=-7929752
579 k+1=2
579 min_bar=-8582036
581 ****
581 5663587
581 min_bar=-8393710
585 ****
585 6064587
585 min_bar=-8244252
545 ****
545 4663587
545 min_bar=-7816211.5
567 k+1=3
567 min_bar=-8433145
532 ****
532 4363587
532 min_bar=-8370329.5
587 ****
587 6263587
587 min_bar=9007199254740992
570 k+1=2
570 min_bar=-7954287
573 k+1=2
573 min_bar=-7998377
540 k+1=5
540 min_bar=-8204361
543 k+1=4
543 min_bar=-8203601
552 k+1=5
552 min_bar=-8228991.5
517 k+1=3
517 min_bar=-8299627
576 k+1=2
576 min_bar=-8296816
557 k+1=3
557 min_bar=-8375484
581 k+1=2
581 min_bar=-8393710
549 k+1=4
549 min_bar=-7990565
579 k+1=3
579 min_bar=-8582036
523 k+1=3
523 min_bar=-8324779
585 k+1=2
585 min_bar=-8244252
555 k+1=5
555 min_bar=-8439207
563 k+1=2
563 min_bar=-8226015
520 k+1=2
520 min_bar=-7945165
561 k+1=3
561 min_bar=-8110760
501 k+1=4
501 min_bar=-7929752
545 k+1=2
545 min_bar=-7816211.5
567 k+1=4
567 min_bar=-8439143
532 k+1=2
532 min_bar=-8370329.5
573 k+1=3
573 min_bar=-8037314
551 ****
551 4755587
551 min_bar=9007199254740992
579 k+1=4
579 min_bar=-8582036
539 ****
539 4551587
539 min_bar=-8456332
517 k+1=4
517 min_bar=-8299627
581 k+1=3
581 min_bar=-8439740
585 k+1=3
585 min_bar=-8244252
576 k+1=3
576 min_bar=-8296816
543 k+1=5
543 min_bar=-8203601
545 k+1=3
545 min_bar=-7816211.5
570 k+1=3
570 min_bar=-8026868
586 ****
586 6164587
586 min_bar=-8223301
554 ****
554 4856587
554 min_bar=9007199254740992
557 k+1=4
557 min_bar=-8473345
549 k+1=5
549 min_bar=-7990565
532 k+1=3
532 min_bar=-8370329.5
520 k+1=3
520 min_bar=-7945165
563 k+1=3
563 min_bar=-8226015
567 k+1=5
567 min_bar=-8439143
581 k+1=4
581 min_bar=-8439740
579 k+1=5
579 min_bar=-8582036
523 k+1=4
523 min_bar=-8368073
501 k+1=5
501 min_bar=-7938173
561 k+1=4
561 min_bar=-8112454
517 k+1=5
517 min_bar=-8299627
550 ****
550 4754587
550 min_bar=-8244774.5
585 k+1=4
585 min_bar=-8244252
573 k+1=4
573 min_bar=-8037314
539 k+1=2
539 min_bar=-8456332
553 ****
553 4764587
553 min_bar=-8268376
545 k+1=4
545 min_bar=-7832954.5
581 k+1=5
581 min_bar=-8439740
576 k+1=4
576 min_bar=-8296816
532 k+1=4
532 min_bar=-8370329.5
542 ****
542 4563587
542 min_bar=-8259480.5
566 ****
566 5156587
566 min_bar=9007199254740992
586 k+1=2
586 min_bar=-8223301
578 ****
578 5558587
578 min_bar=-8349807
557 k+1=5
557 min_bar=-8473345
563 k+1=4
563 min_bar=-8226015
520 k+1=4
520 min_bar=-7974481
570 k+1=4
570 min_bar=-8026868
548 ****
548 4752587
548 min_bar=-7826197
580 ****
580 5659587
580 min_bar=-8527888
553 k+1=2
553 min_bar=-8268376
585 k+1=5
585 min_bar=-8244252
545 k+1=5
545 min_bar=-7832954.5
550 k+1=2
550 min_bar=-8244774.5
532 k+1=5
532 min_bar=-8370329.5
576 k+1=5
576 min_bar=-8296816
523 k+1=5
523 min_bar=-8375433
573 k+1=5
573 min_bar=-8037314
561 k+1=5
561 min_bar=-8112454
586 k+1=3
586 min_bar=-8223301
539 k+1=3
539 min_bar=-8527078
565 ****
565 5064587
565 min_bar=9007199254740992
556 ****
556 4859587
556 min_bar=9007199254740992
553 k+1=3
553 min_bar=-8268376
578 k+1=2
578 min_bar=-8393016
542 k+1=2
542 min_bar=-8287312
563 k+1=5
563 min_bar=-8226015
584 ****
584 5864587
584 min_bar=-8254034
580 k+1=2
580 min_bar=-8527888
520 k+1=5
520 min_bar=-8029927
575 ****
575 5455587
575 min_bar=-8409768
550 k+1=3
550 min_bar=-8244774.5
572 ****
572 5360587
572 min_bar=-7952602
548 k+1=2
548 min_bar=-7974958
544 ****
544 4652587
544 min_bar=-7741791
570 k+1=5
570 min_bar=-8026868
580 k+1=3
580 min_bar=-8527888
553 k+1=4
553 min_bar=-8268376
586 k+1=4
586 min_bar=-8243263
584 k+1=2
584 min_bar=-8279198.5
539 k+1=4
539 min_bar=-8540440
575 k+1=2
575 min_bar=-8409768
560 ****
560 5051587
560 min_bar=-8059808
578 k+1=3
578 min_bar=-8393016
562 ****
562 5058587
562 min_bar=-8117597
542 k+1=3
542 min_bar=-8302997.5
586 k+1=5
586 min_bar=-8243263
550 k+1=4
550 min_bar=-8252734.5
548 k+1=3
548 min_bar=-8049556
580 k+1=4
580 min_bar=-8527888
575 k+1=3
575 min_bar=-8409768
584 k+1=3
584 min_bar=-8279198.5
553 k+1=5
553 min_bar=-8268376
572 k+1=2
572 min_bar=-8054566
569 ****
569 5253587
569 min_bar=-7865083
544 k+1=2
544 min_bar=-7878708
539 k+1=5
539 min_bar=-8550404
578 k+1=4
578 min_bar=-8393016
542 k+1=4
542 min_bar=-8302997.5
560 k+1=2
560 min_bar=-8059808
562 k+1=2
562 min_bar=-8117597
580 k+1=5
580 min_bar=-8527888
550 k+1=5
550 min_bar=-8252734.5
575 k+1=4
575 min_bar=-8409768
548 k+1=4
548 min_bar=-8049556
584 k+1=4
584 min_bar=-8343215
569 k+1=2
569 min_bar=-7865083
572 k+1=3
572 min_bar=-8054566
544 k+1=3
544 min_bar=-7965759
538 ****
538 4550587
538 min_bar=-8094814
542 k+1=5
542 min_bar=-8302997.5
575 k+1=5
575 min_bar=-8409768
578 k+1=5
578 min_bar=-8393016
548 k+1=5
548 min_bar=-8049556
562 k+1=3
562 min_bar=-8127506
584 k+1=5
584 min_bar=-8375798.5
560 k+1=3
560 min_bar=-8078617
569 k+1=3
569 min_bar=-7865083
544 k+1=4
544 min_bar=-7965759
572 k+1=4
572 min_bar=-8054566
574 ****
574 5363587
574 min_bar=9007199254740992
577 ****
577 5464587
577 min_bar=-8381577.5
562 k+1=4
562 min_bar=-8127506
538 k+1=2
538 min_bar=-8094814
583 ****
583 5860587
583 min_bar=-8061444
547 ****
547 4750587
547 min_bar=-8089934
541 ****
541 4557587
541 min_bar=-8312352
569 k+1=4
569 min_bar=-7865083
577 k+1=2
577 min_bar=-8381577.5
583 k+1=2
583 min_bar=-8097322
572 k+1=5
572 min_bar=-8054566
560 k+1=4
560 min_bar=-8078617
562 k+1=5
562 min_bar=-8127506
544 k+1=5
544 min_bar=-8050696
538 k+1=3
538 min_bar=-8157692.5
547 k+1=2
547 min_bar=-8174239.5
541 k+1=2
541 min_bar=-8312352
577 k+1=3
577 min_bar=-8381577.5
569 k+1=5
569 min_bar=-7865083
571 ****
571 5358587
571 min_bar=-8101805
583 k+1=3
583 min_bar=-8138786.5
560 k+1=5
560 min_bar=-8078617
538 k+1=4
538 min_bar=-8157692.5
577 k+1=4
577 min_bar=-8381577.5
547 k+1=3
547 min_bar=-8174239.5
541 k+1=3
541 min_bar=-8312352
559 ****
559 4962587
559 min_bar=-8904919
571 k+1=2
571 min_bar=-8101805
568 ****
568 5163587
568 min_bar=-8650233
583 k+1=4
583 min_bar=-8138786.5
577 k+1=5
577 min_bar=-8381577.5
538 k+1=5
538 min_bar=-8157692.5
547 k+1=4
547 min_bar=-8174239.5
559 k+1=2
559 min_bar=-8941065
571 k+1=3
571 min_bar=-8101805
541 k+1=4
541 min_bar=-8312352
583 k+1=5
583 min_bar=-8193274
568 k+1=2
568 min_bar=-8705032
559 k+1=3
559 min_bar=-9009640
547 k+1=5
547 min_bar=-8174239.5
571 k+1=4
571 min_bar=-8101805
559 k+1=4
559 min_bar=-9009640
568 k+1=3
568 min_bar=-8705032
541 k+1=5
541 min_bar=-8312352
559 k+1=5
559 min_bar=-9009640
571 k+1=5
571 min_bar=-8101805
568 k+1=4
568 min_bar=-8705032
568 k+1=5
568 min_bar=-8705032
get_barrier_mat_quick -> par = 587, parfor toc = 3387.7243, max toc = 236.7677
Parallel pool using the 'comet1' profile is shutting down.
Total Experiment Time:    0 hours 58.10 minutes 
>> 