
                            < M A T L A B (R) >
                  Copyright 1984-2016 The MathWorks, Inc.
                   R2016b (9.1.0.441655) 64-bit (glnxa64)
                             September 7, 2016

 
To get started, type one of these: helpwin, helpdesk, or demo.
For product information, visit www.mathworks.com.
 
Building with 'g++'.
MEX completed successfully.
Building with 'g++'.
MEX completed successfully.
Building with 'g++'.
MEX completed successfully.
Building with 'g++'.
MEX completed successfully.
Building with 'g++'.
MEX completed successfully.
Building with 'g++'.
MEX completed successfully.
Building with 'g++'.
MEX completed successfully.
Building with 'g++'.
MEX completed successfully.
Building with 'g++'.
MEX completed successfully.
Building with 'g++'.
MEX completed successfully.
Building with 'g++'.
MEX completed successfully.
Building with 'g++'.
MEX completed successfully.
Building with 'g++'.
MEX completed successfully.
Building with 'g++'.
MEX completed successfully.
Building with 'g++'.
MEX completed successfully.
Building with 'g++'.
MEX completed successfully.
Building with 'g++'.
In file included from /home/enijkamp/coop-ADELM/matconvnet-1.0-beta16/matlab/src/bits/impl/imread_libjpeg.cpp:14:0:
/home/enijkamp/coop-ADELM/matconvnet-1.0-beta16/matlab/src/bits/impl/imread_helpers.hpp:35:2: warning: #warning "SSSE3 instruction set not enabled. Using slower image conversion routines." [-Wcpp]
 #warning "SSSE3 instruction set not enabled. Using slower image conversion routines."
  ^

MEX completed successfully.
Building with 'g++'.
MEX completed successfully.
Building with 'g++'.
MEX completed successfully.
Building with 'g++'.
MEX completed successfully.
Building with 'g++'.
MEX completed successfully.
Building with 'g++'.
MEX completed successfully.
Building with 'g++'.
MEX completed successfully.
Building with 'gcc'.
MEX completed successfully.
Building with 'gcc'.
MEX completed successfully.
Building with 'gcc'.
MEX completed successfully.
Building with 'gcc'.
MEX completed successfully.
Building with 'gcc'.
MEX completed successfully.
Building with 'gcc'.
MEX completed successfully.
Starting parallel pool (parpool) using the 'comet1' profile ... connected to 24 workers.
exp 1
{Undefined function or variable 'file_str'.

Error in ivy_all_4_2_1_barmat_1 (line 28)
    load([config.ELM_folder,file_str,'ELM_exp',...
} 
>> 