
                            < M A T L A B (R) >
                  Copyright 1984-2016 The MathWorks, Inc.
                   R2016b (9.1.0.441655) 64-bit (glnxa64)
                             September 7, 2016

 
To get started, type one of these: helpwin, helpdesk, or demo.
For product information, visit www.mathworks.com.
 
Building with 'g++'.
MEX completed successfully.
Building with 'g++'.
MEX completed successfully.
Building with 'g++'.
MEX completed successfully.
Building with 'g++'.
MEX completed successfully.
Building with 'g++'.
MEX completed successfully.
Building with 'g++'.
MEX completed successfully.
Building with 'g++'.
MEX completed successfully.
Building with 'g++'.
MEX completed successfully.
Building with 'g++'.
MEX completed successfully.
Building with 'g++'.
MEX completed successfully.
Building with 'g++'.
MEX completed successfully.
Building with 'g++'.
MEX completed successfully.
Building with 'g++'.
MEX completed successfully.
Building with 'g++'.
MEX completed successfully.
Building with 'g++'.
MEX completed successfully.
Building with 'g++'.
MEX completed successfully.
Building with 'g++'.
In file included from /home/enijkamp/coop-ADELM/matconvnet-1.0-beta16/matlab/src/bits/impl/imread_libjpeg.cpp:14:0:
/home/enijkamp/coop-ADELM/matconvnet-1.0-beta16/matlab/src/bits/impl/imread_helpers.hpp:35:2: warning: #warning "SSSE3 instruction set not enabled. Using slower image conversion routines." [-Wcpp]
 #warning "SSSE3 instruction set not enabled. Using slower image conversion routines."
  ^

MEX completed successfully.
Building with 'g++'.
MEX completed successfully.
Building with 'g++'.
MEX completed successfully.
Building with 'g++'.
MEX completed successfully.
Building with 'g++'.
MEX completed successfully.
Building with 'g++'.
MEX completed successfully.
Building with 'g++'.
MEX completed successfully.
Building with 'gcc'.
MEX completed successfully.
Building with 'gcc'.
MEX completed successfully.
Building with 'gcc'.
MEX completed successfully.
Building with 'gcc'.
MEX completed successfully.
Building with 'gcc'.
MEX completed successfully.
Building with 'gcc'.
MEX completed successfully.
Starting parallel pool (parpool) using the 'comet1' profile ... connected to 24 workers.
get_AD_order -> par = 63, parfor toc = 1.9716, max toc = 0.66467
get_AD_order -> par = 63, parfor toc = 1.6231, max toc = 0.28257
get_AD_order -> par = 63, parfor toc = 1.594, max toc = 0.28086
get_AD_order -> par = 63, parfor toc = 1.5225, max toc = 0.30721
get_AD_order -> par = 63, parfor toc = 1.5468, max toc = 0.33313
get_AD_order -> par = 63, parfor toc = 1.5077, max toc = 0.32473
get_AD_order -> par = 63, parfor toc = 1.5503, max toc = 0.28683
get_AD_order -> par = 63, parfor toc = 1.4882, max toc = 0.27844
get_AD_order -> par = 63, parfor toc = 1.5292, max toc = 0.35191
get_AD_order -> par = 63, parfor toc = 1.5328, max toc = 0.37837
get_AD_order -> par = 63, parfor toc = 1.5114, max toc = 0.32722
get_AD_order -> par = 63, parfor toc = 1.4795, max toc = 0.31166
get_AD_order -> par = 63, parfor toc = 1.6269, max toc = 0.31637
get_AD_order -> par = 63, parfor toc = 1.5584, max toc = 0.31621
get_AD_order -> par = 63, parfor toc = 1.478, max toc = 0.31899
get_AD_order -> par = 63, parfor toc = 1.5698, max toc = 0.26979
get_AD_order -> par = 63, parfor toc = 1.51, max toc = 0.28572
get_AD_order -> par = 63, parfor toc = 1.5506, max toc = 0.31363
get_AD_order -> par = 63, parfor toc = 1.5513, max toc = 0.26808
get_AD_order -> par = 63, parfor toc = 1.5479, max toc = 0.31067
get_AD_order -> par = 63, parfor toc = 1.5025, max toc = 0.28319
get_AD_order -> par = 63, parfor toc = 1.4797, max toc = 0.25818
get_AD_order -> par = 63, parfor toc = 1.4804, max toc = 0.36221
get_AD_order -> par = 63, parfor toc = 1.5309, max toc = 0.33151
get_AD_order -> par = 63, parfor toc = 1.4965, max toc = 0.31135
get_AD_order -> par = 63, parfor toc = 1.5744, max toc = 0.32081
get_AD_order -> par = 63, parfor toc = 1.5135, max toc = 0.29211
get_AD_order -> par = 63, parfor toc = 1.5182, max toc = 0.25803
get_AD_order -> par = 63, parfor toc = 1.5331, max toc = 0.34496
get_AD_order -> par = 63, parfor toc = 1.4746, max toc = 0.29325
get_AD_order -> par = 63, parfor toc = 1.5533, max toc = 0.31244
get_AD_order -> par = 63, parfor toc = 1.4792, max toc = 0.29158
get_AD_order -> par = 63, parfor toc = 1.4163, max toc = 0.29267
get_AD_order -> par = 63, parfor toc = 1.4323, max toc = 0.34864
get_AD_order -> par = 63, parfor toc = 1.4351, max toc = 0.26308
get_AD_order -> par = 63, parfor toc = 1.4151, max toc = 0.30924
get_AD_order -> par = 63, parfor toc = 1.6239, max toc = 0.28883
get_AD_order -> par = 63, parfor toc = 1.5037, max toc = 0.31678
get_AD_order -> par = 63, parfor toc = 1.5078, max toc = 0.31817
get_AD_order -> par = 63, parfor toc = 1.5387, max toc = 0.29969
get_AD_order -> par = 63, parfor toc = 1.5109, max toc = 0.31484
get_AD_order -> par = 63, parfor toc = 1.5614, max toc = 0.31837
get_AD_order -> par = 63, parfor toc = 1.4384, max toc = 0.28266
get_AD_order -> par = 63, parfor toc = 1.5087, max toc = 0.24203
get_AD_order -> par = 63, parfor toc = 1.5393, max toc = 0.25584
get_AD_order -> par = 63, parfor toc = 1.4478, max toc = 0.26737
get_AD_order -> par = 63, parfor toc = 1.5581, max toc = 0.26216
get_AD_order -> par = 63, parfor toc = 1.5066, max toc = 0.3165
get_AD_order -> par = 63, parfor toc = 1.5266, max toc = 0.29989
get_AD_order -> par = 63, parfor toc = 1.5218, max toc = 0.29835
get_AD_order -> par = 63, parfor toc = 1.4794, max toc = 0.33969
get_AD_order -> par = 63, parfor toc = 1.4241, max toc = 0.26568
get_AD_order -> par = 63, parfor toc = 1.6193, max toc = 0.30131
get_AD_order -> par = 63, parfor toc = 1.5508, max toc = 0.33358
get_AD_order -> par = 63, parfor toc = 1.5501, max toc = 0.2879
get_AD_order -> par = 63, parfor toc = 1.5496, max toc = 0.31855
get_AD_order -> par = 63, parfor toc = 1.4875, max toc = 0.30089
get_AD_order -> par = 63, parfor toc = 1.626, max toc = 0.32009
get_AD_order -> par = 63, parfor toc = 1.5285, max toc = 0.29351
get_AD_order -> par = 63, parfor toc = 1.4588, max toc = 0.30316
get_AD_order -> par = 63, parfor toc = 1.521, max toc = 0.2839
get_AD_order -> par = 63, parfor toc = 1.5473, max toc = 0.26037
get_AD_order -> par = 63, parfor toc = 1.5102, max toc = 0.26879
get_AD_order -> par = 63, parfor toc = 1.4478, max toc = 0.29189
68 ****
68 421587
68 min_bar=-8520472
34 ****
34 245587
34 min_bar=9007199254740992
251 ****
251 1626587
251 min_bar=-8764510
265 ****
265 1743587
265 min_bar=9007199254740992
305 ****
305 2043587
305 min_bar=9007199254740992
187 ****
187 1126587
187 min_bar=-8598479
85 ****
85 57587
85 min_bar=-8590094
340 ****
340 2346587
340 min_bar=-8333041
153 ****
153 914587
153 min_bar=-8385083
51 ****
51 330587
51 min_bar=9007199254740992
220 ****
220 1350587
220 min_bar=9007199254740992
170 ****
170 1012587
170 min_bar=-8206080
317 ****
317 2163587
317 min_bar=-8539234
17 ****
17 164587
17 min_bar=-7939643.5
236 ****
236 1454587
236 min_bar=-8166708
136 ****
136 753587
136 min_bar=-7720956.5
361 ****
361 2532587
361 min_bar=-8391933
279 ****
279 1839587
279 min_bar=-7797857.5
329 ****
329 2252587
329 min_bar=-8090679
351 ****
351 2437587
351 min_bar=-7842904
102 ****
102 548587
102 min_bar=-8370370
204 ****
204 1240587
204 min_bar=-8337568
119 ****
119 645587
119 min_bar=-8207483
68 k+1=2
68 min_bar=-8670358
292 ****
292 1933587
292 min_bar=-8295620.5
50 ****
50 326587
50 min_bar=9007199254740992
251 k+1=2
251 min_bar=-8773037
153 k+1=2
153 min_bar=-8385083
33 ****
33 244587
33 min_bar=9007199254740992
264 ****
264 1741587
264 min_bar=-9008877
304 ****
304 2026587
304 min_bar=9007199254740992
340 k+1=2
340 min_bar=-8358917
361 k+1=2
361 min_bar=-8391933
317 k+1=2
317 min_bar=-8539234
187 k+1=2
187 min_bar=-8731509
85 k+1=2
85 min_bar=-8590094
329 k+1=2
329 min_bar=-8090679
68 k+1=3
68 min_bar=-8670358
17 k+1=2
17 min_bar=-7939643.5
292 k+1=2
292 min_bar=-8295620.5
49 ****
49 321587
49 min_bar=9007199254740992
219 ****
219 1348587
219 min_bar=-8203969
136 k+1=2
136 min_bar=-7848571
351 k+1=2
351 min_bar=-7842904
32 ****
32 243587
32 min_bar=9007199254740992
170 k+1=2
170 min_bar=-8206080
236 k+1=2
236 min_bar=-8171255
102 k+1=2
102 min_bar=-8370370
251 k+1=3
251 min_bar=-8836676
153 k+1=3
153 min_bar=-8401288
264 k+1=2
264 min_bar=-9137304
279 k+1=2
279 min_bar=-7881534.5
119 k+1=2
119 min_bar=-8215503
340 k+1=3
340 min_bar=-8406882
303 ****
303 2021587
303 min_bar=9007199254740992
317 k+1=3
317 min_bar=-8539234
361 k+1=3
361 min_bar=-8391933
219 k+1=2
219 min_bar=-8203969
85 k+1=3
85 min_bar=-8617326
187 k+1=3
187 min_bar=-8731509
204 k+1=2
204 min_bar=-8420353
329 k+1=3
329 min_bar=-8090679
68 k+1=4
68 min_bar=-8670358
136 k+1=3
136 min_bar=-7848571
48 ****
48 320587
48 min_bar=9007199254740992
17 k+1=3
17 min_bar=-7980383.5
31 ****
31 240587
31 min_bar=9007199254740992
351 k+1=3
351 min_bar=-7842904
251 k+1=4
251 min_bar=-8836676
264 k+1=3
264 min_bar=-9137304
317 k+1=4
317 min_bar=-8539234
279 k+1=3
279 min_bar=-7887873
340 k+1=4
340 min_bar=-8406882
153 k+1=4
153 min_bar=-8427229
236 k+1=3
236 min_bar=-8249848.5
292 k+1=3
292 min_bar=-8295620.5
102 k+1=3
102 min_bar=-8506737
170 k+1=3
170 min_bar=-8268747.5
30 ****
30 227587
30 min_bar=9007199254740992
219 k+1=3
219 min_bar=-8203969
187 k+1=4
187 min_bar=-8731509
85 k+1=4
85 min_bar=-8617326
136 k+1=4
136 min_bar=-7848571
47 ****
47 316587
47 min_bar=9007199254740992
302 ****
302 1964587
302 min_bar=-8397182
204 k+1=3
204 min_bar=-8420353
119 k+1=3
119 min_bar=-8215503
68 k+1=5
68 min_bar=-8670358
361 k+1=4
361 min_bar=-8439330
17 k+1=4
17 min_bar=-7980383.5
340 k+1=5
340 min_bar=-8406882
264 k+1=4
264 min_bar=-9137304
329 k+1=4
329 min_bar=-8090679
251 k+1=5
251 min_bar=-8836676
153 k+1=5
153 min_bar=-8427229
136 k+1=5
136 min_bar=-7848571
187 k+1=5
187 min_bar=-8731509
351 k+1=4
351 min_bar=-7842904
317 k+1=5
317 min_bar=-8539234
219 k+1=4
219 min_bar=-8203969
29 ****
29 226587
29 min_bar=9007199254740992
170 k+1=4
170 min_bar=-8268747.5
279 k+1=4
279 min_bar=-7887873
292 k+1=4
292 min_bar=-8295620.5
85 k+1=5
85 min_bar=-8617326
102 k+1=4
102 min_bar=-8506737
236 k+1=4
236 min_bar=-8271500
204 k+1=4
204 min_bar=-8420353
67 ****
67 420587
67 min_bar=9007199254740992
302 k+1=2
302 min_bar=-8427540
264 k+1=5
264 min_bar=-9137304
250 ****
250 1621587
250 min_bar=-8452769
361 k+1=5
361 min_bar=-8439330
17 k+1=5
17 min_bar=-7980383.5
339 ****
339 2339587
339 min_bar=-7850192
46 ****
46 315587
46 min_bar=-8476641
329 k+1=5
329 min_bar=-8090679
186 ****
186 1121587
186 min_bar=-8664273
316 ****
316 2159587
316 min_bar=-8544713
119 k+1=4
119 min_bar=-8241415
170 k+1=5
170 min_bar=-8268747.5
152 ****
152 863587
152 min_bar=-8290782
351 k+1=5
351 min_bar=-7842904
28 ****
28 221587
28 min_bar=-8279756
219 k+1=5
219 min_bar=-8203969
135 ****
135 751587
135 min_bar=-8246719
279 k+1=5
279 min_bar=-7887873
66 ****
66 417587
66 min_bar=-9075749
84 ****
84 56587
84 min_bar=-8647794
204 k+1=5
204 min_bar=-8420353
263 ****
263 1730587
263 min_bar=9007199254740992
102 k+1=5
102 min_bar=-8506737
292 k+1=5
292 min_bar=-8295620.5
302 k+1=3
302 min_bar=-8427540
236 k+1=5
236 min_bar=-8271500
316 k+1=2
316 min_bar=-8544713
250 k+1=2
250 min_bar=-8544931
328 ****
328 2246587
328 min_bar=-8327303
186 k+1=2
186 min_bar=-8664273
339 k+1=2
339 min_bar=-7868263
360 ****
360 2531587
360 min_bar=-8412345
16 ****
16 161587
16 min_bar=-7995420
278 ****
278 1834587
278 min_bar=-8291215
46 k+1=2
46 min_bar=-8476641
350 ****
350 2436587
350 min_bar=-8301789
28 k+1=2
28 min_bar=-8279756
262 ****
262 1721587
262 min_bar=-8606239
119 k+1=5
119 min_bar=-8248062.5
152 k+1=2
152 min_bar=-8363635
218 ****
218 1345587
218 min_bar=-8246612.5
66 k+1=2
66 min_bar=-9075749
169 ****
169 1011587
169 min_bar=9007199254740992
316 k+1=3
316 min_bar=-8680138
84 k+1=2
84 min_bar=-8647794
203 ****
203 1230587
203 min_bar=-8548321
101 ****
101 545587
101 min_bar=-8176362.5
328 k+1=2
328 min_bar=-8330778
302 k+1=4
302 min_bar=-8427540
16 k+1=2
16 min_bar=-7995420
235 ****
235 1452587
235 min_bar=-7703330
186 k+1=3
186 min_bar=-8686007
250 k+1=3
250 min_bar=-8544931
291 ****
291 1932587
291 min_bar=-8201249
135 k+1=2
135 min_bar=-8505166
262 k+1=2
262 min_bar=-8635440
339 k+1=3
339 min_bar=-7874297
101 k+1=2
101 min_bar=-8176362.5
316 k+1=4
316 min_bar=-8680138
28 k+1=3
28 min_bar=-8317914.5
118 ****
118 644587
118 min_bar=-8556070
278 k+1=2
278 min_bar=-8402668
360 k+1=2
360 min_bar=-8412345
66 k+1=3
66 min_bar=-9088352
46 k+1=3
46 min_bar=-8476641
350 k+1=2
350 min_bar=-8482182
84 k+1=3
84 min_bar=-8647794
186 k+1=4
186 min_bar=-8686007
152 k+1=3
152 min_bar=-8414620
203 k+1=2
203 min_bar=-8548321
235 k+1=2
235 min_bar=-7703330
218 k+1=2
218 min_bar=-8246612.5
262 k+1=3
262 min_bar=-8667674
302 k+1=5
302 min_bar=-8427540
16 k+1=3
16 min_bar=-8122534
316 k+1=5
316 min_bar=-8680138
250 k+1=4
250 min_bar=-8574828
168 ****
168 961587
168 min_bar=-8263861
328 k+1=3
328 min_bar=-8330778
101 k+1=3
101 min_bar=-8176362.5
339 k+1=4
339 min_bar=-7874297
66 k+1=4
66 min_bar=-9088352
278 k+1=3
278 min_bar=-8402668
291 k+1=2
291 min_bar=-8302314
135 k+1=3
135 min_bar=-8505166
28 k+1=4
28 min_bar=-8385395.5
360 k+1=3
360 min_bar=-8412345
46 k+1=4
46 min_bar=-8476641
186 k+1=5
186 min_bar=-8686007
118 k+1=2
118 min_bar=-8556070
250 k+1=5
250 min_bar=-8574828
262 k+1=4
262 min_bar=-8667674
84 k+1=4
84 min_bar=-8647794
203 k+1=3
203 min_bar=-8548321
152 k+1=4
152 min_bar=-8414620
350 k+1=3
350 min_bar=-8482182
315 ****
315 2157587
315 min_bar=9007199254740992
218 k+1=3
218 min_bar=-8321482
301 ****
301 1961587
301 min_bar=-8509085
235 k+1=3
235 min_bar=-7938919
16 k+1=4
16 min_bar=-8122534
328 k+1=4
328 min_bar=-8330778
339 k+1=5
339 min_bar=-7874297
101 k+1=4
101 min_bar=-8284960
66 k+1=5
66 min_bar=-9088352
278 k+1=4
278 min_bar=-8402668
168 k+1=2
168 min_bar=-8263861
262 k+1=5
262 min_bar=-8687182
314 ****
314 2141587
314 min_bar=9007199254740992
249 ****
249 1617587
249 min_bar=9007199254740992
152 k+1=5
152 min_bar=-8414620
185 ****
185 1120587
185 min_bar=-8573838
28 k+1=5
28 min_bar=-8385395.5
135 k+1=4
135 min_bar=-8505166
203 k+1=4
203 min_bar=-8548321
118 k+1=3
118 min_bar=-8600683
46 k+1=5
46 min_bar=-8476641
360 k+1=4
360 min_bar=-8449242
84 k+1=5
84 min_bar=-8647794
291 k+1=3
291 min_bar=-8302314
301 k+1=2
301 min_bar=-8509085
350 k+1=4
350 min_bar=-8483003
151 ****
151 862587
151 min_bar=9007199254740992
218 k+1=4
218 min_bar=-8321482
101 k+1=5
101 min_bar=-8284960
313 ****
313 2140587
313 min_bar=9007199254740992
338 ****
338 2335587
338 min_bar=-8285887
328 k+1=5
328 min_bar=-8330778
278 k+1=5
278 min_bar=-8402668
16 k+1=5
16 min_bar=-8123233.5
261 ****
261 1720587
261 min_bar=9007199254740992
45 ****
45 310587
45 min_bar=9007199254740992
27 ****
27 220587
27 min_bar=-8774917
185 k+1=2
185 min_bar=-8573838
65 ****
65 416587
65 min_bar=-8724476
83 ****
83 463587
83 min_bar=9007199254740992
235 k+1=4
235 min_bar=-7977661
203 k+1=5
203 min_bar=-8548321
150 ****
150 859587
150 min_bar=9007199254740992
168 k+1=3
168 min_bar=-8263861
118 k+1=4
118 min_bar=-8600683
100 ****
100 544587
100 min_bar=-8734586
248 ****
248 1563587
248 min_bar=-8469584
301 k+1=3
301 min_bar=-8543900
360 k+1=5
360 min_bar=-8449242
260 ****
260 1659587
260 min_bar=9007199254740992
312 ****
312 2138587
312 min_bar=-8283653
44 ****
44 38587
44 min_bar=-9305476
218 k+1=5
218 min_bar=-8321482
135 k+1=5
135 min_bar=-8505166
350 k+1=5
350 min_bar=-8483003
27 k+1=2
27 min_bar=-8800863
327 ****
327 2242587
327 min_bar=-8257374
291 k+1=4
291 min_bar=-8302314
338 k+1=2
338 min_bar=-8292124
277 ****
277 1833587
277 min_bar=-8288981.5
82 ****
82 462587
82 min_bar=-8640138
149 ****
149 851587
149 min_bar=9007199254740992
44 k+1=2
44 min_bar=-9305476
202 ****
202 1226587
202 min_bar=-8325886
100 k+1=2
100 min_bar=-8738336
65 k+1=2
65 min_bar=-8754597
185 k+1=3
185 min_bar=-8573838
259 ****
259 1657587
259 min_bar=9007199254740992
118 k+1=5
118 min_bar=-8600683
15 ****
15 160587
15 min_bar=-7960377.5
44 k+1=3
44 min_bar=-9305476
235 k+1=5
235 min_bar=-7977661
301 k+1=4
301 min_bar=-8543900
312 k+1=2
312 min_bar=-8283653
168 k+1=4
168 min_bar=-8275134
217 ****
217 1344587
217 min_bar=-8484397
27 k+1=3
27 min_bar=-8801336
258 ****
258 1656587
258 min_bar=-8647630
82 k+1=2
82 min_bar=-8713267
248 k+1=2
248 min_bar=-8550019
148 ****
148 844587
148 min_bar=-8909401
44 k+1=4
44 min_bar=-9320315
359 ****
359 2528587
359 min_bar=-8129411
291 k+1=5
291 min_bar=-8302314
134 ****
134 745587
134 min_bar=-8184252.5
277 k+1=2
277 min_bar=-8288981.5
327 k+1=2
327 min_bar=-8298703
100 k+1=3
100 min_bar=-8738336
338 k+1=3
338 min_bar=-8392316
65 k+1=3
65 min_bar=-8754597
349 ****
349 2432587
349 min_bar=-8415628
202 k+1=2
202 min_bar=-8350379
44 k+1=5
44 min_bar=-9320315
185 k+1=4
185 min_bar=-8573838
312 k+1=3
312 min_bar=-8283653
134 k+1=2
134 min_bar=-8184252.5
117 ****
117 643587
117 min_bar=-8603100
301 k+1=5
301 min_bar=-8543900
258 k+1=2
258 min_bar=-8647630
27 k+1=4
27 min_bar=-8819682
15 k+1=2
15 min_bar=-8011144.5
82 k+1=3
82 min_bar=-8730682
234 ****
234 1439587
234 min_bar=-7932186.5
148 k+1=2
148 min_bar=-8909401
100 k+1=4
100 min_bar=-8757955
217 k+1=2
217 min_bar=-8557586
65 k+1=4
65 min_bar=-8852109
168 k+1=5
168 min_bar=-8275134
327 k+1=3
327 min_bar=-8298703
349 k+1=2
349 min_bar=-8415628
290 ****
290 1928587
290 min_bar=-8484770
277 k+1=3
277 min_bar=-8317143.5
338 k+1=4
338 min_bar=-8392316
359 k+1=2
359 min_bar=-8223636
258 k+1=3
258 min_bar=-8647630
248 k+1=3
248 min_bar=-8550019
43 ****
43 37587
43 min_bar=9007199254740992
185 k+1=5
185 min_bar=-8573838
202 k+1=3
202 min_bar=-8373288
312 k+1=4
312 min_bar=-8283653
27 k+1=5
27 min_bar=-8819682
134 k+1=3
134 min_bar=-8184252.5
82 k+1=4
82 min_bar=-8794814
117 k+1=2
117 min_bar=-8638694
217 k+1=3
217 min_bar=-8557586
148 k+1=3
148 min_bar=-8920700
300 ****
300 1957587
300 min_bar=9007199254740992
100 k+1=5
100 min_bar=-8757955
65 k+1=5
65 min_bar=-8852109
42 ****
42 34587
42 min_bar=9007199254740992
258 k+1=4
258 min_bar=-8647630
349 k+1=3
349 min_bar=-8415628
277 k+1=4
277 min_bar=-8317143.5
15 k+1=3
15 min_bar=-8011144.5
234 k+1=2
234 min_bar=-7932186.5
167 ****
167 960587
167 min_bar=-8281826
327 k+1=4
327 min_bar=-8298703
134 k+1=4
134 min_bar=-8184252.5
290 k+1=2
290 min_bar=-8566972
248 k+1=4
248 min_bar=-8550019
338 k+1=5
338 min_bar=-8392316
359 k+1=3
359 min_bar=-8277673
217 k+1=4
217 min_bar=-8557586
184 ****
184 1117587
184 min_bar=-8831797
26 ****
26 215587
26 min_bar=-8715723
82 k+1=5
82 min_bar=-8794814
148 k+1=4
148 min_bar=-8920700
202 k+1=4
202 min_bar=-8388103
99 ****
99 543587
99 min_bar=-8529023
234 k+1=3
234 min_bar=-7932186.5
299 ****
299 1955587
299 min_bar=-8228347
117 k+1=3
117 min_bar=-8638694
258 k+1=5
258 min_bar=-8647630
64 ****
64 415587
64 min_bar=-8597618
312 k+1=5
312 min_bar=-8290936
290 k+1=3
290 min_bar=-8566972
277 k+1=5
277 min_bar=-8317143.5
349 k+1=4
349 min_bar=-8415628
327 k+1=5
327 min_bar=-8298703
217 k+1=5
217 min_bar=-8557586
359 k+1=4
359 min_bar=-8277673
167 k+1=2
167 min_bar=-8331416
337 ****
337 2333587
337 min_bar=-8319039
134 k+1=5
134 min_bar=-8212306
41 ****
41 263587
41 min_bar=-8297419
15 k+1=4
15 min_bar=-8011144.5
184 k+1=2
184 min_bar=-8921034
26 k+1=2
26 min_bar=-8851260
81 ****
81 459587
81 min_bar=-8959365
248 k+1=5
248 min_bar=-8550019
148 k+1=5
148 min_bar=-8920700
299 k+1=2
299 min_bar=-8243547
64 k+1=2
64 min_bar=-8702132
167 k+1=3
167 min_bar=-8331416
99 k+1=2
99 min_bar=-8661219
234 k+1=4
234 min_bar=-7932186.5
117 k+1=4
117 min_bar=-8714833
202 k+1=5
202 min_bar=-8388103
311 ****
311 2130587
311 min_bar=-8550301
337 k+1=2
337 min_bar=-8319039
216 ****
216 1341587
216 min_bar=-8495201
276 ****
276 1832587
276 min_bar=-8343292
41 k+1=2
41 min_bar=-8297419
290 k+1=4
290 min_bar=-8566972
147 ****
147 841587
147 min_bar=9007199254740992
257 ****
257 1648587
257 min_bar=-8251735
326 ****
326 2239587
326 min_bar=-7874960
81 k+1=2
81 min_bar=-8959365
349 k+1=5
349 min_bar=-8415628
26 k+1=3
26 min_bar=-8851260
247 ****
247 1559587
247 min_bar=9007199254740992
359 k+1=5
359 min_bar=-8345891
133 ****
133 744587
133 min_bar=-8418930
311 k+1=2
311 min_bar=-8550401
184 k+1=3
184 min_bar=-8921034
299 k+1=3
299 min_bar=-8300341
15 k+1=5
15 min_bar=-8026675
64 k+1=3
64 min_bar=-8702132
216 k+1=2
216 min_bar=-8495201
146 ****
146 838587
146 min_bar=-8363753
81 k+1=3
81 min_bar=-8959365
337 k+1=3
337 min_bar=-8319039
257 k+1=2
257 min_bar=-8251735
348 ****
348 2429587
348 min_bar=-8268616
167 k+1=4
167 min_bar=-8356205
276 k+1=2
276 min_bar=-8397740
234 k+1=5
234 min_bar=-7932186.5
201 ****
201 1221587
201 min_bar=-8398678
99 k+1=3
99 min_bar=-8731740
326 k+1=2
326 min_bar=-7874960
117 k+1=5
117 min_bar=-8714833
26 k+1=4
26 min_bar=-8851260
41 k+1=3
41 min_bar=-8469462
311 k+1=3
311 min_bar=-8571197
64 k+1=4
64 min_bar=-8702132
246 ****
246 1558587
246 min_bar=9007199254740992
290 k+1=5
290 min_bar=-8566972
358 ****
358 2461587
358 min_bar=-8367102
133 k+1=2
133 min_bar=-8509741
184 k+1=4
184 min_bar=-8921034
299 k+1=4
299 min_bar=-8300341
216 k+1=3
216 min_bar=-8495201
81 k+1=4
81 min_bar=-8959365
257 k+1=3
257 min_bar=-8251735
14 ****
14 155587
14 min_bar=9007199254740992
146 k+1=2
146 min_bar=-8363753
337 k+1=4
337 min_bar=-8330611
348 k+1=2
348 min_bar=-8276784.5
276 k+1=3
276 min_bar=-8397740
245 ****
245 1553587
245 min_bar=9007199254740992
233 ****
233 1434587
233 min_bar=-8300993.5
26 k+1=5
26 min_bar=-8851260
167 k+1=5
167 min_bar=-8356205
99 k+1=4
99 min_bar=-8731740
326 k+1=3
326 min_bar=-7887885
201 k+1=2
201 min_bar=-8398678
289 ****
289 1925587
289 min_bar=-8523440
311 k+1=4
311 min_bar=-8571197
116 ****
116 640587
116 min_bar=9007199254740992
41 k+1=4
41 min_bar=-8469462
64 k+1=5
64 min_bar=-8702132
184 k+1=5
184 min_bar=-8921034
358 k+1=2
358 min_bar=-8367102
216 k+1=4
216 min_bar=-8495201
146 k+1=3
146 min_bar=-8385727
299 k+1=5
299 min_bar=-8300341
81 k+1=5
81 min_bar=-8959365
348 k+1=3
348 min_bar=-8339153
133 k+1=3
133 min_bar=-8509741
337 k+1=5
337 min_bar=-8330611
257 k+1=4
257 min_bar=-8251735
13 ****
13 154587
13 min_bar=9007199254740992
233 k+1=2
233 min_bar=-8337133
276 k+1=4
276 min_bar=-8397740
244 ****
244 1552587
244 min_bar=9007199254740992
289 k+1=2
289 min_bar=-8538936
115 ****
115 626587
115 min_bar=9007199254740992
201 k+1=3
201 min_bar=-8398678
99 k+1=5
99 min_bar=-8731740
326 k+1=4
326 min_bar=-7887885
216 k+1=5
216 min_bar=-8495201
311 k+1=5
311 min_bar=-8571197
183 ****
183 1116587
183 min_bar=-8889749
146 k+1=4
146 min_bar=-8460404
25 ****
25 211587
25 min_bar=-8574721
166 ****
166 952587
166 min_bar=-8084404
257 k+1=5
257 min_bar=-8251735
63 ****
63 413587
63 min_bar=-8552964
80 ****
80 457587
80 min_bar=-8494928
41 k+1=5
41 min_bar=-8469462
336 ****
336 2332587
336 min_bar=-8252514
358 k+1=3
358 min_bar=-8367102
298 ****
298 1947587
298 min_bar=-8147827
276 k+1=5
276 min_bar=-8397740
183 k+1=2
183 min_bar=-8889749
348 k+1=4
348 min_bar=-8339153
98 ****
98 541587
98 min_bar=9007199254740992
233 k+1=3
233 min_bar=-8360642
146 k+1=5
146 min_bar=-8460404
133 k+1=4
133 min_bar=-8598014
114 ****
114 623587
114 min_bar=9007199254740992
215 ****
215 1330587
215 min_bar=-8373903
310 ****
310 2063587
310 min_bar=-8518001
12 ****
12 153587
12 min_bar=-7487307.5
326 k+1=5
326 min_bar=-7930830
256 ****
256 1644587
256 min_bar=-8799017
289 k+1=3
289 min_bar=-8538936
25 k+1=2
25 min_bar=-8646080
201 k+1=4
201 min_bar=-8447521
80 k+1=2
80 min_bar=-8494928
166 k+1=2
166 min_bar=-8084404
63 k+1=2
63 min_bar=-8552964
243 ****
243 1551587
243 min_bar=-8723278
145 ****
145 830587
145 min_bar=9007199254740992
336 k+1=2
336 min_bar=-8359168
40 ****
40 262587
40 min_bar=9007199254740992
358 k+1=4
358 min_bar=-8381662
275 ****
275 1825587
275 min_bar=-8520377
298 k+1=2
298 min_bar=-8161894.5
183 k+1=3
183 min_bar=-8889749
97 ****
97 540587
97 min_bar=-8169252.5
233 k+1=4
233 min_bar=-8360642
133 k+1=5
133 min_bar=-8598014
113 ****
113 615587
113 min_bar=-8395535
289 k+1=4
289 min_bar=-8541144
80 k+1=3
80 min_bar=-8526772
144 ****
144 826587
144 min_bar=9007199254740992
63 k+1=3
63 min_bar=-8552964
348 k+1=5
348 min_bar=-8339153
25 k+1=3
25 min_bar=-8646080
256 k+1=2
256 min_bar=-8799017
325 ****
325 2237587
325 min_bar=-7745833.5
215 k+1=2
215 min_bar=-8430730
310 k+1=2
310 min_bar=-8577713
201 k+1=5
201 min_bar=-8447521
336 k+1=3
336 min_bar=-8359168
39 ****
39 257587
39 min_bar=9007199254740992
12 k+1=2
12 min_bar=-7654168
166 k+1=3
166 min_bar=-8084404
183 k+1=4
183 min_bar=-8945114
80 k+1=4
80 min_bar=-8526772
275 k+1=2
275 min_bar=-8520377
243 k+1=2
243 min_bar=-8741982
233 k+1=5
233 min_bar=-8392616
358 k+1=5
358 min_bar=-8381662
132 ****
132 743587
132 min_bar=9007199254740992
256 k+1=3
256 min_bar=-8799017
298 k+1=3
298 min_bar=-8215489
289 k+1=5
289 min_bar=-8541144
97 k+1=2
97 min_bar=-8372591.5
113 k+1=2
113 min_bar=-8490182
325 k+1=2
325 min_bar=-7777921.5
143 ****
143 821587
143 min_bar=-8463754
215 k+1=3
215 min_bar=-8430730
347 ****
347 2427587
347 min_bar=-8534303
25 k+1=4
25 min_bar=-8646080
336 k+1=4
336 min_bar=-8359168
256 k+1=4
256 min_bar=-8799017
63 k+1=4
63 min_bar=-8552964
310 k+1=3
310 min_bar=-8607931
183 k+1=5
183 min_bar=-8945114
200 ****
200 1217587
200 min_bar=-8371562
80 k+1=5
80 min_bar=-8526772
38 ****
38 253587
38 min_bar=-7901034
275 k+1=3
275 min_bar=-8532086
298 k+1=4
298 min_bar=-8215489
143 k+1=2
143 min_bar=-8463754
113 k+1=3
113 min_bar=-8490182
357 ****
357 2460587
357 min_bar=-8429519
131 ****
131 730587
131 min_bar=-8350381
232 ****
232 1432587
232 min_bar=-8339239.5
166 k+1=4
166 min_bar=-8090206
97 k+1=3
97 min_bar=-8372591.5
12 k+1=3
12 min_bar=-7846103
243 k+1=3
243 min_bar=-8754736
256 k+1=5
256 min_bar=-8799017
288 ****
288 1924587
288 min_bar=-8452302
215 k+1=4
215 min_bar=-8430730
325 k+1=3
325 min_bar=-7777921.5
25 k+1=5
25 min_bar=-8646080
63 k+1=5
63 min_bar=-8552964
336 k+1=5
336 min_bar=-8359168
347 k+1=2
347 min_bar=-8534303
200 k+1=2
200 min_bar=-8556458
182 ****
182 1115587
182 min_bar=-8508130
79 ****
79 456587
79 min_bar=-8498628
275 k+1=4
275 min_bar=-8532086
143 k+1=3
143 min_bar=-8463754
310 k+1=4
310 min_bar=-8607931
113 k+1=4
113 min_bar=-8490182
38 k+1=2
38 min_bar=-7901034
255 ****
255 1643587
255 min_bar=9007199254740992
131 k+1=2
131 min_bar=-8350381
97 k+1=4
97 min_bar=-8372591.5
298 k+1=5
298 min_bar=-8215489
166 k+1=5
166 min_bar=-8090206
357 k+1=2
357 min_bar=-8429519
215 k+1=5
215 min_bar=-8440502
232 k+1=2
232 min_bar=-8339239.5
143 k+1=4
143 min_bar=-8463754
62 ****
62 412587
62 min_bar=-8515784
325 k+1=4
325 min_bar=-7777921.5
288 k+1=2
288 min_bar=-8484580
243 k+1=4
243 min_bar=-8754736
254 ****
254 1641587
254 min_bar=-8711179
347 k+1=3
347 min_bar=-8534303
275 k+1=5
275 min_bar=-8545441
335 ****
335 2331587
335 min_bar=-8380130.5
79 k+1=2
79 min_bar=-8498628
12 k+1=4
12 min_bar=-7846103
24 ****
24 210587
24 min_bar=-8447340
182 k+1=2
182 min_bar=-8579650
200 k+1=3
200 min_bar=-8556458
310 k+1=5
310 min_bar=-8607931
113 k+1=5
113 min_bar=-8490182
62 k+1=2
62 min_bar=-8562672
38 k+1=3
38 min_bar=-7901034
325 k+1=5
325 min_bar=-7777921.5
143 k+1=5
143 min_bar=-8463754
97 k+1=5
97 min_bar=-8372591.5
131 k+1=3
131 min_bar=-8350381
254 k+1=2
254 min_bar=-8760587
357 k+1=3
357 min_bar=-8429519
297 ****
297 1946587
297 min_bar=-8413947
214 ****
214 1326587
214 min_bar=-8451145
165 ****
165 942587
165 min_bar=-8232287.5
232 k+1=3
232 min_bar=-8367318
274 ****
274 1824587
274 min_bar=-8222520
24 k+1=2
24 min_bar=-8447340
288 k+1=3
288 min_bar=-8484580
62 k+1=3
62 min_bar=-8562672
347 k+1=4
347 min_bar=-8534303
309 ****
309 2062587
309 min_bar=9007199254740992
324 ****
324 2236587
324 min_bar=-8382445
335 k+1=2
335 min_bar=-8380130.5
243 k+1=5
243 min_bar=-8754780
254 k+1=3
254 min_bar=-8769515
79 k+1=3
79 min_bar=-8498628
182 k+1=3
182 min_bar=-8579650
142 ****
142 820587
142 min_bar=-8457017
38 k+1=4
38 min_bar=-7901034
96 ****
96 538587
96 min_bar=-8190117
214 k+1=2
214 min_bar=-8476995
200 k+1=4
200 min_bar=-8581445
12 k+1=5
12 min_bar=-7849646.5
112 ****
112 612587
112 min_bar=-8410783
357 k+1=4
357 min_bar=-8429519
62 k+1=4
62 min_bar=-8562672
297 k+1=2
297 min_bar=-8413947
131 k+1=4
131 min_bar=-8350381
308 ****
308 2051587
308 min_bar=-8872166
165 k+1=2
165 min_bar=-8232287.5
274 k+1=2
274 min_bar=-8359180
335 k+1=3
335 min_bar=-8380130.5
232 k+1=4
232 min_bar=-8384225
254 k+1=4
254 min_bar=-8826353
288 k+1=4
288 min_bar=-8513500
324 k+1=2
324 min_bar=-8382445
347 k+1=5
347 min_bar=-8534303
242 ****
242 1545587
242 min_bar=-8328684
62 k+1=5
62 min_bar=-8562672
142 k+1=2
142 min_bar=-8476642
38 k+1=5
38 min_bar=-7901034
24 k+1=3
24 min_bar=-8447340
214 k+1=3
214 min_bar=-8476995
79 k+1=4
79 min_bar=-8498628
182 k+1=4
182 min_bar=-8579650
308 k+1=2
308 min_bar=-8872166
112 k+1=2
112 min_bar=-8497193
11 ****
11 136587
11 min_bar=-7951944.5
200 k+1=5
200 min_bar=-8581445
357 k+1=5
357 min_bar=-8429519
254 k+1=5
254 min_bar=-8830448
96 k+1=2
96 min_bar=-8281795
297 k+1=3
297 min_bar=-8413947
131 k+1=5
131 min_bar=-8350381
335 k+1=4
335 min_bar=-8380130.5
79 k+1=5
79 min_bar=-8498628
274 k+1=3
274 min_bar=-8359180
232 k+1=5
232 min_bar=-8384225
288 k+1=5
288 min_bar=-8574658
165 k+1=3
165 min_bar=-8238555
324 k+1=3
324 min_bar=-8382445
142 k+1=3
142 min_bar=-8510054
242 k+1=2
242 min_bar=-8467322
37 ****
37 251587
37 min_bar=-8698570
112 k+1=3
112 min_bar=-8497193
308 k+1=3
308 min_bar=-8909925
61 ****
61 411587
61 min_bar=-8586370
130 ****
130 726587
130 min_bar=9007199254740992
346 ****
346 2425587
346 min_bar=-8381767
199 ****
199 1216587
199 min_bar=-8400021
182 k+1=5
182 min_bar=-8579650
324 k+1=4
324 min_bar=-8382445
24 k+1=4
24 min_bar=-8447340
96 k+1=3
96 min_bar=-8281795
11 k+1=2
11 min_bar=-7962990
214 k+1=4
214 min_bar=-8476995
253 ****
253 1638587
253 min_bar=-8358154
356 ****
356 2452587
356 min_bar=-7882268.5
78 ****
78 451587
78 min_bar=9007199254740992
287 ****
287 1923587
287 min_bar=-8176536
274 k+1=4
274 min_bar=-8359180
335 k+1=5
335 min_bar=-8455452
297 k+1=4
297 min_bar=-8423521
308 k+1=4
308 min_bar=-8909925
37 k+1=2
37 min_bar=-8769273
24 k+1=5
24 min_bar=-8447340
142 k+1=4
142 min_bar=-8510054
165 k+1=4
165 min_bar=-8252282
112 k+1=4
112 min_bar=-8497193
231 ****
231 1428587
231 min_bar=-8292115
61 k+1=2
61 min_bar=-8586370
181 ****
181 1113587
181 min_bar=9007199254740992
77 ****
77 449587
77 min_bar=-8766589
214 k+1=5
214 min_bar=-8476995
242 k+1=3
242 min_bar=-8467322
129 ****
129 716587
129 min_bar=9007199254740992
346 k+1=2
346 min_bar=-8426616
324 k+1=5
324 min_bar=-8444729
199 k+1=2
199 min_bar=-8450984
253 k+1=2
253 min_bar=-8358154
11 k+1=3
11 min_bar=-7982983
297 k+1=5
297 min_bar=-8423521
334 ****
334 2329587
334 min_bar=-8373655
308 k+1=5
308 min_bar=-8909925
96 k+1=4
96 min_bar=-8281795
287 k+1=2
287 min_bar=-8188999
356 k+1=2
356 min_bar=-7962703
112 k+1=5
112 min_bar=-8497193
274 k+1=5
274 min_bar=-8359180
37 k+1=3
37 min_bar=-8774095
142 k+1=5
142 min_bar=-8510054
23 ****
23 28587
23 min_bar=-8335608
213 ****
213 1316587
213 min_bar=-8377928
165 k+1=5
165 min_bar=-8274332
77 k+1=2
77 min_bar=-8766589
231 k+1=2
231 min_bar=-8292115
61 k+1=3
61 min_bar=-8662514
242 k+1=4
242 min_bar=-8467322
253 k+1=3
253 min_bar=-8358154
323 ****
323 2235587
323 min_bar=-8192212.5
199 k+1=3
199 min_bar=-8490477
296 ****
296 1942587
296 min_bar=-8407387
23 k+1=2
23 min_bar=-8335608
128 ****
128 715587
128 min_bar=-8484970
141 ****
141 816587
141 min_bar=9007199254740992
346 k+1=3
346 min_bar=-8426616
180 ****
180 1112587
180 min_bar=-8231075
96 k+1=5
96 min_bar=-8393170
37 k+1=4
37 min_bar=-8774095
307 ****
307 2045587
307 min_bar=-8453893
334 k+1=2
334 min_bar=-8457517
11 k+1=4
11 min_bar=-7982983
356 k+1=3
356 min_bar=-7962703
213 k+1=2
213 min_bar=-8377928
273 ****
273 1823587
273 min_bar=-8150800
77 k+1=3
77 min_bar=-8766589
287 k+1=3
287 min_bar=-8195343
253 k+1=4
253 min_bar=-8358154
164 ****
164 939587
164 min_bar=-7874003
199 k+1=4
199 min_bar=-8490477
111 ****
111 610587
111 min_bar=-8097675
61 k+1=4
61 min_bar=-8662514
296 k+1=2
296 min_bar=-8407387
77 k+1=4
77 min_bar=-8766589
23 k+1=3
23 min_bar=-8364622.5
140 ****
140 815587
140 min_bar=-8562383
323 k+1=2
323 min_bar=-8208852.5
334 k+1=3
334 min_bar=-8457517
213 k+1=3
213 min_bar=-8377928
307 k+1=2
307 min_bar=-8453893
128 k+1=2
128 min_bar=-8484970
231 k+1=3
231 min_bar=-8292115
346 k+1=4
346 min_bar=-8426616
356 k+1=4
356 min_bar=-7962703
95 ****
95 530587
95 min_bar=-8796501
11 k+1=5
11 min_bar=-8030458
37 k+1=5
37 min_bar=-8774095
242 k+1=5
242 min_bar=-8496458
253 k+1=5
253 min_bar=-8358154
287 k+1=4
287 min_bar=-8195343
77 k+1=5
77 min_bar=-8766589
180 k+1=2
180 min_bar=-8249786
164 k+1=2
164 min_bar=-7874003
199 k+1=5
199 min_bar=-8490477
273 k+1=2
273 min_bar=-8150800
111 k+1=2
111 min_bar=-8097675
252 ****
252 1630587
252 min_bar=-9130854
296 k+1=3
296 min_bar=-8407387
61 k+1=5
61 min_bar=-8706879
252 k+1=2
252 min_bar=-9180213
334 k+1=4
334 min_bar=-8457517
23 k+1=4
23 min_bar=-8364622.5
213 k+1=4
213 min_bar=-8377928
76 ****
76 448587
76 min_bar=-8369737
307 k+1=3
307 min_bar=-8453893
140 k+1=2
140 min_bar=-8562383
323 k+1=3
323 min_bar=-8360641
128 k+1=3
128 min_bar=-8484970
198 ****
198 1162587
198 min_bar=9007199254740992
252 k+1=3
252 min_bar=-9180213
356 k+1=5
356 min_bar=-7962703
95 k+1=2
95 min_bar=-8796501
36 ****
36 249587
36 min_bar=9007199254740992
241 ****
241 1544587
241 min_bar=-8607376
287 k+1=5
287 min_bar=-8267506
346 k+1=5
346 min_bar=-8507546
10 ****
10 135587
10 min_bar=-7974877.5
231 k+1=4
231 min_bar=-8292115
164 k+1=3
164 min_bar=-7909688
296 k+1=4
296 min_bar=-8427844
252 k+1=4
252 min_bar=-9180213
273 k+1=3
273 min_bar=-8150800
180 k+1=3
180 min_bar=-8249786
60 ****
60 48587
60 min_bar=-8836528
76 k+1=2
76 min_bar=-8369737
213 k+1=5
213 min_bar=-8377928
334 k+1=5
334 min_bar=-8457517
197 ****
197 1157587
197 min_bar=9007199254740992
111 k+1=3
111 min_bar=-8197392.5
23 k+1=5
23 min_bar=-8410528
252 k+1=5
252 min_bar=-9180213
140 k+1=3
140 min_bar=-8562383
286 ****
286 1922587
286 min_bar=-8430031
323 k+1=4
323 min_bar=-8360641
307 k+1=4
307 min_bar=-8453893
241 k+1=2
241 min_bar=-8607376
95 k+1=3
95 min_bar=-8796501
35 ****
35 248587
35 min_bar=-8160789
128 k+1=4
128 min_bar=-8534458
355 ****
355 2450587
355 min_bar=-8147493
10 k+1=2
10 min_bar=-7974877.5
76 k+1=3
76 min_bar=-8369737
296 k+1=5
296 min_bar=-8428831
180 k+1=4
180 min_bar=-8249786
60 k+1=2
60 min_bar=-8836528
333 ****
333 2324587
333 min_bar=-8217208
140 k+1=4
140 min_bar=-8562383
212 ****
212 1315587
212 min_bar=9007199254740992
164 k+1=4
164 min_bar=-7909688
345 ****
345 2364587
345 min_bar=-8260008.5
231 k+1=5
231 min_bar=-8292115
196 ****
196 1156587
196 min_bar=-8445623
307 k+1=5
307 min_bar=-8453893
273 k+1=4
273 min_bar=-8213170.5
111 k+1=4
111 min_bar=-8197392.5
95 k+1=4
95 min_bar=-8796501
371 ****
371 2638587
371 min_bar=-8282819
22 ****
22 27587
22 min_bar=-8457796
286 k+1=2
286 min_bar=-8441820
35 k+1=2
35 min_bar=-8160789
323 k+1=5
323 min_bar=-8360641
241 k+1=3
241 min_bar=-8607376
76 k+1=4
76 min_bar=-8369737
128 k+1=5
128 min_bar=-8534458
355 k+1=2
355 min_bar=-8147493
333 k+1=2
333 min_bar=-8319297.5
10 k+1=3
10 min_bar=-7974877.5
140 k+1=5
140 min_bar=-8562383
295 ****
295 1939587
295 min_bar=-7796617.5
60 k+1=3
60 min_bar=-8836528
306 ****
306 2044587
306 min_bar=-8426774
76 k+1=5
76 min_bar=-8369737
164 k+1=5
164 min_bar=-7909688
211 ****
211 1263587
211 min_bar=-8335036.5
230 ****
230 1427587
230 min_bar=-8365310
35 k+1=3
35 min_bar=-8160789
196 k+1=2
196 min_bar=-8445623
286 k+1=3
286 min_bar=-8533381
180 k+1=5
180 min_bar=-8249786
345 k+1=2
345 min_bar=-8369832
95 k+1=5
95 min_bar=-8817784
127 ****
127 713587
127 min_bar=-8330412
322 ****
322 2233587
322 min_bar=-8265479
273 k+1=5
273 min_bar=-8244319
111 k+1=5
111 min_bar=-8203026.5
22 k+1=2
22 min_bar=-8499762
371 k+1=2
371 min_bar=-8282819
241 k+1=4
241 min_bar=-8607376
333 k+1=3
333 min_bar=-8319297.5
60 k+1=4
60 min_bar=-8836528
75 ****
75 444587
75 min_bar=-8855884
139 ****
139 813587
139 min_bar=-8349159
355 k+1=3
355 min_bar=-8147493
10 k+1=4
10 min_bar=-7974877.5
295 k+1=2
295 min_bar=-7880379.5
306 k+1=2
306 min_bar=-8426774
286 k+1=4
286 min_bar=-8533381
75 k+1=2
75 min_bar=-8855884
94 ****
94 526587
94 min_bar=-8747432
139 k+1=2
139 min_bar=-8349159
110 ****
110 68587
110 min_bar=9007199254740992
35 k+1=4
35 min_bar=-8238550.5
196 k+1=3
196 min_bar=-8445623
241 k+1=5
241 min_bar=-8607376
60 k+1=5
60 min_bar=-8836528
163 ****
163 937587
163 min_bar=-7741354
230 k+1=2
230 min_bar=-8424418
211 k+1=2
211 min_bar=-8455345
322 k+1=2
322 min_bar=-8356516
345 k+1=3
345 min_bar=-8369832
179 ****
179 1063587
179 min_bar=-8254896
127 k+1=2
127 min_bar=-8330412
333 k+1=4
333 min_bar=-8319297.5
306 k+1=3
306 min_bar=-8426774
10 k+1=5
10 min_bar=-7974877.5
371 k+1=3
371 min_bar=-8303125
272 ****
272 1819587
272 min_bar=-8366137
75 k+1=3
75 min_bar=-8855884
355 k+1=4
355 min_bar=-8199724
22 k+1=3
22 min_bar=-8507976
94 k+1=2
94 min_bar=-8747432
295 k+1=3
295 min_bar=-7880379.5
286 k+1=5
286 min_bar=-8533381
196 k+1=4
196 min_bar=-8476955
139 k+1=3
139 min_bar=-8349159
322 k+1=3
322 min_bar=-8356516
333 k+1=5
333 min_bar=-8319297.5
230 k+1=3
230 min_bar=-8424418
59 ****
59 47587
59 min_bar=9007199254740992
240 ****
240 1521587
240 min_bar=-8431043
163 k+1=2
163 min_bar=-7759553
75 k+1=4
75 min_bar=-8855884
371 k+1=4
371 min_bar=-8303125
306 k+1=4
306 min_bar=-8426774
35 k+1=5
35 min_bar=-8294471.5
179 k+1=2
179 min_bar=-8254896
211 k+1=3
211 min_bar=-8455345
9 ****
9 134587
9 min_bar=-8019773.5
109 ****
109 563587
109 min_bar=-8515490
345 k+1=4
345 min_bar=-8369832
127 k+1=3
127 min_bar=-8517485
94 k+1=3
94 min_bar=-8854175
355 k+1=5
355 min_bar=-8217030
22 k+1=4
22 min_bar=-8507976
75 k+1=5
75 min_bar=-8855884
306 k+1=5
306 min_bar=-8426774
272 k+1=2
272 min_bar=-8366137
322 k+1=4
322 min_bar=-8356516
332 ****
332 2261587
332 min_bar=-8484424
295 k+1=4
295 min_bar=-7899871.5
139 k+1=4
139 min_bar=-8356645
230 k+1=4
230 min_bar=-8424418
211 k+1=4
211 min_bar=-8455345
196 k+1=5
196 min_bar=-8552470
285 ****
285 1864587
285 min_bar=-8236498
371 k+1=5
371 min_bar=-8341879
74 ****
74 443587
74 min_bar=-9192273
94 k+1=4
94 min_bar=-8854175
163 k+1=3
163 min_bar=-7805678
9 k+1=2
9 min_bar=-8101638
380 ****
380 2657587
380 min_bar=-8443724
58 ****
58 46587
58 min_bar=-8711981
109 k+1=2
109 min_bar=-8640878
354 ****
354 2446587
354 min_bar=-8295335
240 k+1=2
240 min_bar=-8452537
127 k+1=4
127 min_bar=-8517485
345 k+1=5
345 min_bar=-8369832
139 k+1=5
139 min_bar=-8356645
22 k+1=5
22 min_bar=-8507976
74 k+1=2
74 min_bar=-9192273
389 ****
389 2755587
389 min_bar=-8408582
332 k+1=2
332 min_bar=-8484424
322 k+1=5
322 min_bar=-8356516
179 k+1=3
179 min_bar=-8254896
370 ****
370 2630587
370 min_bar=-8824419
195 ****
195 1151587
195 min_bar=9007199254740992
272 k+1=3
272 min_bar=-8397508
94 k+1=5
94 min_bar=-8854175
230 k+1=5
230 min_bar=-8424418
138 ****
138 810587
138 min_bar=9007199254740992
354 k+1=2
354 min_bar=-8306643
295 k+1=5
295 min_bar=-7899871.5
74 k+1=3
74 min_bar=-9253657
380 k+1=2
380 min_bar=-8443724
163 k+1=4
163 min_bar=-7805678
127 k+1=5
127 min_bar=-8517485
285 k+1=2
285 min_bar=-8243831
9 k+1=3
9 min_bar=-8101638
58 k+1=2
58 min_bar=-8711981
211 k+1=5
211 min_bar=-8455345
344 ****
344 2360587
344 min_bar=-8171195
370 k+1=2
370 min_bar=-8824419
240 k+1=3
240 min_bar=-8520918
109 k+1=3
109 min_bar=-8640878
332 k+1=3
332 min_bar=-8494013
21 ****
21 26587
21 min_bar=-8315602
194 ****
194 1149587
194 min_bar=9007199254740992
354 k+1=3
354 min_bar=-8337131
389 k+1=2
389 min_bar=-8408582
74 k+1=4
74 min_bar=-9253657
321 ****
321 2229587
321 min_bar=-8303809.5
229 ****
229 1425587
229 min_bar=-8312347
380 k+1=3
380 min_bar=-8443724
137 ****
137 756587
137 min_bar=-8106062.5
93 ****
93 521587
93 min_bar=-8586391
294 ****
294 1937587
294 min_bar=-7770992
179 k+1=4
179 min_bar=-8324846
370 k+1=3
370 min_bar=-8824419
58 k+1=3
58 min_bar=-8711981
163 k+1=5
163 min_bar=-7805678
9 k+1=4
9 min_bar=-8117783
332 k+1=4
332 min_bar=-8494013
126 ****
126 711587
126 min_bar=-8352376.5
272 k+1=4
272 min_bar=-8397508
21 k+1=2
21 min_bar=-8315602
285 k+1=3
285 min_bar=-8243831
74 k+1=5
74 min_bar=-9253657
109 k+1=4
109 min_bar=-8656029
344 k+1=2
344 min_bar=-8333418
210 ****
210 1262587
210 min_bar=-8409657
354 k+1=4
354 min_bar=-8337131
193 ****
193 1148587
193 min_bar=9007199254740992
380 k+1=4
380 min_bar=-8443724
240 k+1=4
240 min_bar=-8541263
370 k+1=4
370 min_bar=-8824419
93 k+1=2
93 min_bar=-8586391
321 k+1=2
321 min_bar=-8435708
58 k+1=4
58 min_bar=-8711981
126 k+1=2
126 min_bar=-8352376.5
229 k+1=2
229 min_bar=-8314851
73 ****
73 441587
73 min_bar=-9278989
137 k+1=2
137 min_bar=-8405996
389 k+1=3
389 min_bar=-8437655
332 k+1=5
332 min_bar=-8494013
354 k+1=5
354 min_bar=-8341277
9 k+1=5
9 min_bar=-8117783
21 k+1=3
21 min_bar=-8341441
109 k+1=5
109 min_bar=-8656029
294 k+1=2
294 min_bar=-7770992
344 k+1=3
344 min_bar=-8333418
210 k+1=2
210 min_bar=-8409657
370 k+1=5
370 min_bar=-8824419
179 k+1=5
179 min_bar=-8324846
272 k+1=5
272 min_bar=-8397508
192 ****
192 1145587
192 min_bar=9007199254740992
380 k+1=5
380 min_bar=-8443724
162 ****
162 936587
162 min_bar=-8332924.5
93 k+1=3
93 min_bar=-8659889
285 k+1=4
285 min_bar=-8273638
321 k+1=3
321 min_bar=-8435708
73 k+1=2
73 min_bar=-9356634
240 k+1=5
240 min_bar=-8541263
229 k+1=3
229 min_bar=-8352319
353 ****
353 2442587
353 min_bar=-8356835
58 k+1=5
58 min_bar=-8711981
126 k+1=3
126 min_bar=-8352376.5
137 k+1=3
137 min_bar=-8411774
331 ****
331 2255587
331 min_bar=-8289099
191 ****
191 1143587
191 min_bar=9007199254740992
21 k+1=4
21 min_bar=-8341441
369 ****
369 2564587
369 min_bar=-8482372
73 k+1=3
73 min_bar=-9356634
389 k+1=4
389 min_bar=-8437655
271 ****
271 1763587
271 min_bar=9007199254740992
8 ****
8 133587
8 min_bar=-8087008.5
108 ****
108 562587
108 min_bar=9007199254740992
353 k+1=2
353 min_bar=-8362977
379 ****
379 2656587
379 min_bar=-8480476
294 k+1=3
294 min_bar=-7777975.5
344 k+1=4
344 min_bar=-8333418
93 k+1=4
93 min_bar=-8659889
126 k+1=4
126 min_bar=-8352376.5
321 k+1=4
321 min_bar=-8435708
210 k+1=3
210 min_bar=-8547532
178 ****
178 1051587
178 min_bar=-8091453
285 k+1=5
285 min_bar=-8273638
331 k+1=2
331 min_bar=-8289099
190 ****
190 1141587
190 min_bar=-8537612
57 ****
57 45587
57 min_bar=-8616466
162 k+1=2
162 min_bar=-8332924.5
229 k+1=4
229 min_bar=-8415122
73 k+1=4
73 min_bar=-9356634
239 ****
239 1520587
239 min_bar=-8788831
137 k+1=4
137 min_bar=-8513400
353 k+1=3
353 min_bar=-8378461
369 k+1=2
369 min_bar=-8482372
21 k+1=5
21 min_bar=-8341441
270 ****
270 1759587
270 min_bar=-8935024
389 k+1=5
389 min_bar=-8437655
8 k+1=2
8 min_bar=-8087008.5
294 k+1=4
294 min_bar=-7795335
57 k+1=2
57 min_bar=-8616466
73 k+1=5
73 min_bar=-9356634
93 k+1=5
93 min_bar=-8659889
379 k+1=2
379 min_bar=-8500013
190 k+1=2
190 min_bar=-8537612
107 ****
107 556587
107 min_bar=-8513487
344 k+1=5
344 min_bar=-8333418
126 k+1=5
126 min_bar=-8352376.5
210 k+1=4
210 min_bar=-8547532
331 k+1=3
331 min_bar=-8365634
178 k+1=2
178 min_bar=-8133609
321 k+1=5
321 min_bar=-8435708
137 k+1=5
137 min_bar=-8513400
284 ****
284 1860587
284 min_bar=-8301788
162 k+1=3
162 min_bar=-8332924.5
239 k+1=2
239 min_bar=-8788831
229 k+1=5
229 min_bar=-8415122
353 k+1=4
353 min_bar=-8378461
125 ****
125 78587
125 min_bar=9007199254740992
369 k+1=3
369 min_bar=-8482372
72 ****
72 440587
72 min_bar=-8389868
190 k+1=3
190 min_bar=-8537612
20 ****
20 25587
20 min_bar=-8775935
57 k+1=3
57 min_bar=-8639878
270 k+1=2
270 min_bar=-8960543
294 k+1=5
294 min_bar=-7860640.5
92 ****
92 517587
92 min_bar=9007199254740992
343 ****
343 2355587
343 min_bar=-8347791
228 ****
228 1424587
228 min_bar=9007199254740992
8 k+1=3
8 min_bar=-8087008.5
320 ****
320 2228587
320 min_bar=-8521215
331 k+1=4
331 min_bar=-8365634
107 k+1=2
107 min_bar=-8513487
379 k+1=3
379 min_bar=-8622023
353 k+1=5
353 min_bar=-8389437
284 k+1=2
284 min_bar=-8301788
190 k+1=4
190 min_bar=-8537612
210 k+1=5
210 min_bar=-8547532
72 k+1=2
72 min_bar=-8395014
239 k+1=3
239 min_bar=-8811728
369 k+1=4
369 min_bar=-8482372
91 ****
91 516587
91 min_bar=-8820569
57 k+1=4
57 min_bar=-8701955
388 ****
388 2753587
388 min_bar=-8022973
162 k+1=4
162 min_bar=-8332924.5
293 ****
293 1936587
293 min_bar=-8392652
178 k+1=3
178 min_bar=-8291197
20 k+1=2
20 min_bar=-8817027
124 ****
124 663587
124 min_bar=-8459668
343 k+1=2
343 min_bar=-8367919
398 ****
398 2842587
398 min_bar=-8342949
379 k+1=4
379 min_bar=-8622023
331 k+1=5
331 min_bar=-8365634
270 k+1=3
270 min_bar=-9008896
320 k+1=2
320 min_bar=-8521215
190 k+1=5
190 min_bar=-8537612
72 k+1=3
72 min_bar=-8418076
209 ****
209 1259587
209 min_bar=-8492870
57 k+1=5
57 min_bar=-8701955
369 k+1=5
369 min_bar=-8482372
162 k+1=5
162 min_bar=-8332924.5
352 ****
352 2439587
352 min_bar=-7683757.5
91 k+1=2
91 min_bar=-8820569
8 k+1=4
8 min_bar=-8087008.5
284 k+1=3
284 min_bar=-8347382
107 k+1=3
107 min_bar=-8513487
227 ****
227 1422587
227 min_bar=-8330744
293 k+1=2
293 min_bar=-8392652
379 k+1=5
379 min_bar=-8622023
343 k+1=3
343 min_bar=-8395424
239 k+1=4
239 min_bar=-8811728
20 k+1=3
20 min_bar=-8817027
56 ****
56 359587
56 min_bar=9007199254740992
388 k+1=2
388 min_bar=-8022973
330 ****
330 2253587
330 min_bar=-8067273.5
189 ****
189 1138587
189 min_bar=-8242282
124 k+1=2
124 min_bar=-8482247
209 k+1=2
209 min_bar=-8492870
352 k+1=2
352 min_bar=-7815510
72 k+1=4
72 min_bar=-8418076
270 k+1=4
270 min_bar=-9008896
91 k+1=3
91 min_bar=-8820569
178 k+1=4
178 min_bar=-8291197
320 k+1=3
320 min_bar=-8521215
398 k+1=2
398 min_bar=-8342949
107 k+1=4
107 min_bar=-8513487
368 ****
368 2561587
368 min_bar=-8213068.5
284 k+1=4
284 min_bar=-8347382
293 k+1=3
293 min_bar=-8469870
343 k+1=4
343 min_bar=-8395424
161 ****
161 935587
161 min_bar=-8180318
189 k+1=2
189 min_bar=-8242282
330 k+1=2
330 min_bar=-8091656
227 k+1=2
227 min_bar=-8330744
124 k+1=3
124 min_bar=-8482247
8 k+1=5
8 min_bar=-8087008.5
239 k+1=5
239 min_bar=-8811728
378 ****
378 2649587
378 min_bar=9007199254740992
20 k+1=4
20 min_bar=-8817027
72 k+1=5
72 min_bar=-8428157
91 k+1=4
91 min_bar=-8820569
55 ****
55 351587
55 min_bar=-8490366
270 k+1=5
270 min_bar=-9008896
352 k+1=3
352 min_bar=-7909401.5
209 k+1=3
209 min_bar=-8492870
320 k+1=4
320 min_bar=-8521215
388 k+1=3
388 min_bar=-8022973
398 k+1=3
398 min_bar=-8342949
178 k+1=5
178 min_bar=-8291197
330 k+1=3
330 min_bar=-8127609
343 k+1=5
343 min_bar=-8433232
293 k+1=4
293 min_bar=-8469870
107 k+1=5
107 min_bar=-8513487
284 k+1=5
284 min_bar=-8347382
71 ****
71 438587
71 min_bar=-8395757
377 ****
377 2648587
377 min_bar=9007199254740992
368 k+1=2
368 min_bar=-8288137.5
227 k+1=3
227 min_bar=-8330744
161 k+1=2
161 min_bar=-8181440.5
20 k+1=5
20 min_bar=-8817027
91 k+1=5
91 min_bar=-8820569
238 ****
238 1517587
238 min_bar=-8262396
189 k+1=3
189 min_bar=-8408857
320 k+1=5
320 min_bar=-8521215
124 k+1=4
124 min_bar=-8482247
209 k+1=4
209 min_bar=-8492870
7 ****
7 132587
7 min_bar=-8069279.5
352 k+1=4
352 min_bar=-7909401.5
55 k+1=2
55 min_bar=-8490366
71 k+1=2
71 min_bar=-8395757
330 k+1=4
330 min_bar=-8127609
269 ****
269 1757587
269 min_bar=9007199254740992
19 ****
19 24587
19 min_bar=9007199254740992
293 k+1=5
293 min_bar=-8469870
342 ****
342 2353587
342 min_bar=-8014790
283 ****
283 1858587
283 min_bar=-8244469
398 k+1=4
398 min_bar=-8342949
177 ****
177 1048587
177 min_bar=-8018743.5
376 ****
376 2645587
376 min_bar=-8198629
388 k+1=4
388 min_bar=-8022973
90 ****
90 515587
90 min_bar=-8785891
368 k+1=3
368 min_bar=-8309874
161 k+1=3
161 min_bar=-8183611
106 ****
106 553587
106 min_bar=9007199254740992
71 k+1=3
71 min_bar=-8395757
319 ****
319 2224587
319 min_bar=-8314686
227 k+1=4
227 min_bar=-8330744
209 k+1=5
209 min_bar=-8492870
238 k+1=2
238 min_bar=-8345990
189 k+1=4
189 min_bar=-8408857
330 k+1=5
330 min_bar=-8127609
352 k+1=5
352 min_bar=-7909401.5
7 k+1=2
7 min_bar=-8218663
18 ****
18 23587
18 min_bar=9007199254740992
55 k+1=3
55 min_bar=-8524475
124 k+1=5
124 min_bar=-8552791
342 k+1=2
342 min_bar=-8014790
368 k+1=4
368 min_bar=-8309874
90 k+1=2
90 min_bar=-8896435
283 k+1=2
283 min_bar=-8244469
406 ****
406 2858587
406 min_bar=-8253079
398 k+1=5
398 min_bar=-8363172
71 k+1=4
71 min_bar=-8395757
268 ****
268 1756587
268 min_bar=-8382225.5
161 k+1=4
161 min_bar=-8219358
238 k+1=3
238 min_bar=-8345990
376 k+1=2
376 min_bar=-8198629
208 ****
208 1257587
208 min_bar=-8496329
319 k+1=2
319 min_bar=-8368464.5
55 k+1=4
55 min_bar=-8524475
177 k+1=2
177 min_bar=-8244634
414 ****
414 2937587
414 min_bar=9007199254740992
422 ****
422 2958587
422 min_bar=-8274513
189 k+1=5
189 min_bar=-8459925
227 k+1=5
227 min_bar=-8393820
105 ****
105 551587
105 min_bar=-8518501
90 k+1=3
90 min_bar=-8896435
342 k+1=3
342 min_bar=-8014790
429 ****
429 3048587
429 min_bar=-8191471
7 k+1=3
7 min_bar=-8218663
388 k+1=5
388 min_bar=-8022973
123 ****
123 662587
123 min_bar=-8095677
319 k+1=3
319 min_bar=-8368464.5
71 k+1=5
71 min_bar=-8395757
406 k+1=2
406 min_bar=-8253079
283 k+1=3
283 min_bar=-8244469
413 ****
413 2935587
413 min_bar=-8438506
188 ****
188 1130587
188 min_bar=-8941222
368 k+1=5
368 min_bar=-8309874
208 k+1=2
208 min_bar=-8578276
226 ****
226 1419587
226 min_bar=9007199254740992
238 k+1=4
238 min_bar=-8345990
268 k+1=2
268 min_bar=-8490610
177 k+1=3
177 min_bar=-8244634
422 k+1=2
422 min_bar=-8389406
376 k+1=3
376 min_bar=-8234551.5
342 k+1=4
342 min_bar=-8014790
105 k+1=2
105 min_bar=-8577938
161 k+1=5
161 min_bar=-8219358
55 k+1=5
55 min_bar=-8524475
123 k+1=2
123 min_bar=-8095677
90 k+1=4
90 min_bar=-8896435
397 ****
397 2839587
397 min_bar=-7795230
429 k+1=2
429 min_bar=-8191471
70 ****
70 430587
70 min_bar=-8821305
387 ****
387 2752587
387 min_bar=-7729521
188 k+1=2
188 min_bar=-8941222
367 ****
367 2555587
367 min_bar=-8382250
319 k+1=4
319 min_bar=-8431987
406 k+1=3
406 min_bar=-8253079
283 k+1=4
283 min_bar=-8244469
413 k+1=2
413 min_bar=-8438506
7 k+1=4
7 min_bar=-8218663
54 ****
54 344587
54 min_bar=-8882956
208 k+1=3
208 min_bar=-8578276
225 ****
225 1418587
225 min_bar=-8242640.5
238 k+1=5
238 min_bar=-8345990
376 k+1=4
376 min_bar=-8234551.5
90 k+1=5
90 min_bar=-8896435
342 k+1=5
342 min_bar=-8014790
177 k+1=4
177 min_bar=-8244634
429 k+1=3
429 min_bar=-8191471
70 k+1=2
70 min_bar=-8863061
188 k+1=3
188 min_bar=-8941222
422 k+1=3
422 min_bar=-8389406
268 k+1=3
268 min_bar=-8496936
283 k+1=5
283 min_bar=-8244469
123 k+1=3
123 min_bar=-8095677
160 ****
160 932587
160 min_bar=-8240709
367 k+1=2
367 min_bar=-8405136
413 k+1=3
413 min_bar=-8478377
105 k+1=3
105 min_bar=-8577938
319 k+1=5
319 min_bar=-8431987
376 k+1=5
376 min_bar=-8234551.5
70 k+1=3
70 min_bar=-8863061
54 k+1=2
54 min_bar=-8882956
406 k+1=4
406 min_bar=-8253079
397 k+1=2
397 min_bar=-7795230
387 k+1=2
387 min_bar=-7729521
208 k+1=4
208 min_bar=-8578276
188 k+1=4
188 min_bar=-8941222
237 ****
237 1455587
237 min_bar=-8260263
341 ****
341 2347587
341 min_bar=-8266971.5
89 ****
89 513587
89 min_bar=-8639995
422 k+1=4
422 min_bar=-8389406
225 k+1=2
225 min_bar=-8363585
367 k+1=3
367 min_bar=-8405136
429 k+1=4
429 min_bar=-8191471
413 k+1=4
413 min_bar=-8495866
123 k+1=4
123 min_bar=-8191008
70 k+1=4
70 min_bar=-8863061
7 k+1=5
7 min_bar=-8218663
318 ****
318 2223587
318 min_bar=-8344874
282 ****
282 1855587
282 min_bar=-8275860.5
375 ****
375 2644587
375 min_bar=-8916029
188 k+1=5
188 min_bar=-8941222
268 k+1=4
268 min_bar=-8496936
177 k+1=5
177 min_bar=-8245178
54 k+1=3
54 min_bar=-8932750
160 k+1=2
160 min_bar=-8240709
105 k+1=4
105 min_bar=-8630942
89 k+1=2
89 min_bar=-8639995
406 k+1=5
406 min_bar=-8253079
237 k+1=2
237 min_bar=-8260263
208 k+1=5
208 min_bar=-8578276
367 k+1=4
367 min_bar=-8418034
341 k+1=2
341 min_bar=-8266971.5
413 k+1=5
413 min_bar=-8495866
429 k+1=5
429 min_bar=-8191471
422 k+1=5
422 min_bar=-8389406
375 k+1=2
375 min_bar=-8916029
318 k+1=2
318 min_bar=-8394260
70 k+1=5
70 min_bar=-8863061
397 k+1=3
397 min_bar=-7891269
282 k+1=2
282 min_bar=-8275860.5
225 k+1=3
225 min_bar=-8363585
54 k+1=4
54 min_bar=-8932750
176 ****
176 1041587
176 min_bar=9007199254740992
387 k+1=3
387 min_bar=-7729521
123 k+1=5
123 min_bar=-8353322
89 k+1=3
89 min_bar=-8639995
105 k+1=5
105 min_bar=-8630942
436 ****
436 3136587
436 min_bar=-8177588
6 ****
6 131587
6 min_bar=-7991580.5
268 k+1=5
268 min_bar=-8496936
405 ****
405 2855587
405 min_bar=-8332462
428 ****
428 3045587
428 min_bar=9007199254740992
412 ****
412 2934587
412 min_bar=-8265265.5
367 k+1=5
367 min_bar=-8430678
341 k+1=3
341 min_bar=-8266971.5
375 k+1=3
375 min_bar=-8916029
237 k+1=3
237 min_bar=-8260263
69 ****
69 426587
69 min_bar=-8547643
421 ****
421 2953587
421 min_bar=-7968348
54 k+1=5
54 min_bar=-8932750
318 k+1=3
318 min_bar=-8407084
427 ****
427 3044587
427 min_bar=9007199254740992
160 k+1=3
160 min_bar=-8240709
207 ****
207 1249587
207 min_bar=-8191147
175 ****
175 1040587
175 min_bar=-8235187
89 k+1=4
89 min_bar=-8656420
282 k+1=3
282 min_bar=-8275860.5
225 k+1=4
225 min_bar=-8363585
436 k+1=2
436 min_bar=-8259658
122 ****
122 657587
122 min_bar=-8456052
104 ****
104 550587
104 min_bar=-8056752
53 ****
53 341587
53 min_bar=9007199254740992
267 ****
267 1749587
267 min_bar=9007199254740992
375 k+1=4
375 min_bar=-8916029
405 k+1=2
405 min_bar=-8332462
412 k+1=2
412 min_bar=-8360271
341 k+1=4
341 min_bar=-8266971.5
366 ****
366 2554587
366 min_bar=-8275274
397 k+1=4
397 min_bar=-7891269
6 k+1=2
6 min_bar=-8023262.5
69 k+1=2
69 min_bar=-8547643
318 k+1=4
318 min_bar=-8407084
426 ****
426 3041587
426 min_bar=-8864264
175 k+1=2
175 min_bar=-8235187
237 k+1=4
237 min_bar=-8260263
89 k+1=5
89 min_bar=-8656420
421 k+1=2
421 min_bar=-8085371.5
387 k+1=4
387 min_bar=-8086333
207 k+1=2
207 min_bar=-8455356
412 k+1=3
412 min_bar=-8360271
160 k+1=4
160 min_bar=-8244284
104 k+1=2
104 min_bar=-8056752
375 k+1=5
375 min_bar=-8916029
436 k+1=3
436 min_bar=-8379890
52 ****
52 338587
52 min_bar=-8350915
282 k+1=4
282 min_bar=-8275860.5
426 k+1=2
426 min_bar=-8864264
122 k+1=2
122 min_bar=-8456052
405 k+1=3
405 min_bar=-8381439
266 ****
266 1748587
266 min_bar=-8355478.5
318 k+1=5
318 min_bar=-8407084
69 k+1=3
69 min_bar=-8588450
341 k+1=5
341 min_bar=-8266971.5
366 k+1=2
366 min_bar=-8289553
225 k+1=5
225 min_bar=-8363585
88 ****
88 512587
88 min_bar=-8347524.5
6 k+1=3
6 min_bar=-8023262.5
397 k+1=5
397 min_bar=-7891269
412 k+1=4
412 min_bar=-8360271
69 k+1=4
69 min_bar=-8588450
237 k+1=5
237 min_bar=-8274544
421 k+1=3
421 min_bar=-8085371.5
426 k+1=3
426 min_bar=-8864264
175 k+1=3
175 min_bar=-8235187
374 ****
374 2643587
374 min_bar=-8738897
52 k+1=2
52 min_bar=-8350915
436 k+1=4
436 min_bar=-8379890
122 k+1=3
122 min_bar=-8456052
104 k+1=3
104 min_bar=-8056752
282 k+1=5
282 min_bar=-8275860.5
88 k+1=2
88 min_bar=-8347524.5
443 ****
443 3233587
443 min_bar=-8346145.5
207 k+1=3
207 min_bar=-8521925
266 k+1=2
266 min_bar=-8355478.5
387 k+1=5
387 min_bar=-8086333
405 k+1=4
405 min_bar=-8381439
160 k+1=5
160 min_bar=-8244284
426 k+1=4
426 min_bar=-8864264
366 k+1=3
366 min_bar=-8335238.5
69 k+1=5
69 min_bar=-8614173
224 ****
224 1363587
224 min_bar=-8559216
449 ****
449 3264587
449 min_bar=-8366897
412 k+1=5
412 min_bar=-8360271
374 k+1=2
374 min_bar=-8738897
421 k+1=4
421 min_bar=-8085371.5
6 k+1=4
6 min_bar=-8023262.5
52 k+1=3
52 min_bar=-8350915
88 k+1=3
88 min_bar=-8347524.5
396 ****
396 2837587
396 min_bar=-7764825
175 k+1=4
175 min_bar=-8235187
455 ****
455 3347587
455 min_bar=-8242727
436 k+1=5
436 min_bar=-8379890
449 k+1=2
449 min_bar=-8366897
104 k+1=4
104 min_bar=-8070289
224 k+1=2
224 min_bar=-8559216
281 ****
281 1854587
281 min_bar=-8296361
122 k+1=4
122 min_bar=-8473855
426 k+1=5
426 min_bar=-8876960
159 ****
159 929587
159 min_bar=-8253723.5
461 ****
461 3364587
461 min_bar=-8400804
411 ****
411 2933587
411 min_bar=-8299143.5
366 k+1=4
366 min_bar=-8335238.5
386 ****
386 2750587
386 min_bar=-8149572
443 k+1=2
443 min_bar=-8346145.5
207 k+1=4
207 min_bar=-8566008
405 k+1=5
405 min_bar=-8381439
266 k+1=3
266 min_bar=-8355478.5
396 k+1=2
396 min_bar=-7806216
421 k+1=5
421 min_bar=-8085371.5
374 k+1=3
374 min_bar=-8773881
435 ****
435 3135587
435 min_bar=-8435497
88 k+1=4
88 min_bar=-8359625.5
52 k+1=4
52 min_bar=-8350915
175 k+1=5
175 min_bar=-8304325
6 k+1=5
6 min_bar=-8023262.5
104 k+1=5
104 min_bar=-8070289
461 k+1=2
461 min_bar=-8400804
425 ****
425 3038587
425 min_bar=-8360894
122 k+1=5
122 min_bar=-8473855
281 k+1=2
281 min_bar=-8306889
443 k+1=3
443 min_bar=-8346145.5
411 k+1=2
411 min_bar=-8299143.5
224 k+1=3
224 min_bar=-8559216
366 k+1=5
366 min_bar=-8335238.5
449 k+1=3
449 min_bar=-8366897
455 k+1=2
455 min_bar=-8242727
266 k+1=4
266 min_bar=-8355478.5
404 ****
404 2854587
404 min_bar=-8183654
374 k+1=4
374 min_bar=-8773881
159 k+1=2
159 min_bar=-8301037
420 ****
420 2952587
420 min_bar=-8066324
88 k+1=5
88 min_bar=-8359625.5
207 k+1=5
207 min_bar=-8574562
435 k+1=2
435 min_bar=-8435497
386 k+1=2
386 min_bar=-8149572
52 k+1=5
52 min_bar=-8350915
396 k+1=3
396 min_bar=-7901596
425 k+1=2
425 min_bar=-8360894
461 k+1=3
461 min_bar=-8400804
411 k+1=3
411 min_bar=-8299143.5
174 ****
174 1034587
174 min_bar=9007199254740992
224 k+1=4
224 min_bar=-8559216
103 ****
103 549587
103 min_bar=9007199254740992
404 k+1=2
404 min_bar=-8276038
281 k+1=3
281 min_bar=-8359401
443 k+1=4
443 min_bar=-8346145.5
121 ****
121 652587
121 min_bar=-7833404
206 ****
206 1244587
206 min_bar=-8524358
5 ****
5 129587
5 min_bar=-8002106
374 k+1=5
374 min_bar=-8773881
365 ****
365 2551587
365 min_bar=9007199254740992
87 ****
87 511587
87 min_bar=-8822563
266 k+1=5
266 min_bar=-8355478.5
455 k+1=3
455 min_bar=-8242727
159 k+1=3
159 min_bar=-8301037
449 k+1=4
449 min_bar=-8366897
425 k+1=3
425 min_bar=-8360894
420 k+1=2
420 min_bar=-8066324
467 ****
467 3464587
467 min_bar=-8170143
411 k+1=4
411 min_bar=-8299143.5
435 k+1=3
435 min_bar=-8482546
461 k+1=4
461 min_bar=-8400804
373 ****
373 2641587
373 min_bar=9007199254740992
173 ****
173 1026587
173 min_bar=-8029695.5
206 k+1=2
206 min_bar=-8614100
443 k+1=5
443 min_bar=-8346145.5
224 k+1=5
224 min_bar=-8559216
121 k+1=2
121 min_bar=-7833404
411 k+1=5
411 min_bar=-8299143.5
396 k+1=4
396 min_bar=-7901596
449 k+1=5
449 min_bar=-8366897
472 ****
472 3550587
472 min_bar=-8236307
281 k+1=4
281 min_bar=-8359401
404 k+1=3
404 min_bar=-8276038
386 k+1=3
386 min_bar=-8161348
372 ****
372 2640587
372 min_bar=9007199254740992
467 k+1=2
467 min_bar=-8170143
87 k+1=2
87 min_bar=-8822563
425 k+1=4
425 min_bar=-8360894
223 ****
223 1359587
223 min_bar=9007199254740992
364 ****
364 2542587
364 min_bar=-8420070
435 k+1=4
435 min_bar=-8486742
442 ****
442 3164587
442 min_bar=-8345693
420 k+1=3
420 min_bar=-8066324
5 k+1=2
5 min_bar=-8002106
477 ****
477 3561587
477 min_bar=-8201174
455 k+1=4
455 min_bar=-8242727
461 k+1=5
461 min_bar=-8400804
173 k+1=2
173 min_bar=-8029695.5
206 k+1=3
206 min_bar=-8614100
159 k+1=4
159 min_bar=-8301037
472 k+1=2
472 min_bar=-8236307
448 ****
448 3260587
448 min_bar=-8420400
467 k+1=3
467 min_bar=-8170143
87 k+1=3
87 min_bar=-8822563
404 k+1=4
404 min_bar=-8276038
121 k+1=3
121 min_bar=-7833404
396 k+1=5
396 min_bar=-7901596
206 k+1=4
206 min_bar=-8614100
173 k+1=3
173 min_bar=-8029695.5
410 ****
410 2932587
410 min_bar=-8296503
281 k+1=5
281 min_bar=-8359401
420 k+1=4
420 min_bar=-8066324
425 k+1=5
425 min_bar=-8360894
442 k+1=2
442 min_bar=-8465840
482 ****
482 3658587
482 min_bar=-8113444
222 ****
222 1356587
222 min_bar=-8463552
435 k+1=5
435 min_bar=-8486742
364 k+1=2
364 min_bar=-8420070
455 k+1=5
455 min_bar=-8276322
460 ****
460 3358587
460 min_bar=-8358505
159 k+1=5
159 min_bar=-8309413
386 k+1=4
386 min_bar=-8161348
5 k+1=3
5 min_bar=-8269537.5
173 k+1=4
173 min_bar=-8029695.5
477 k+1=2
477 min_bar=-8260494
206 k+1=5
206 min_bar=-8614100
87 k+1=4
87 min_bar=-8822563
424 ****
424 2964587
424 min_bar=-8171816
442 k+1=3
442 min_bar=-8465840
410 k+1=2
410 min_bar=-8296503
448 k+1=2
448 min_bar=-8420400
404 k+1=5
404 min_bar=-8276038
472 k+1=3
472 min_bar=-8236307
420 k+1=5
420 min_bar=-8066324
467 k+1=4
467 min_bar=-8186061
222 k+1=2
222 min_bar=-8463552
482 k+1=2
482 min_bar=-8308672
434 ****
434 3133587
434 min_bar=-8281766
460 k+1=2
460 min_bar=-8358505
121 k+1=4
121 min_bar=-7899704.5
280 ****
280 1852587
280 min_bar=-7846461.5
454 ****
454 3342587
454 min_bar=-8353366
395 ****
395 2836587
395 min_bar=-8323992.5
205 ****
205 1241587
205 min_bar=9007199254740992
364 k+1=3
364 min_bar=-8420070
87 k+1=5
87 min_bar=-8884104
158 ****
158 928587
158 min_bar=-8230441
5 k+1=4
5 min_bar=-8269537.5
442 k+1=4
442 min_bar=-8465840
222 k+1=3
222 min_bar=-8463552
410 k+1=3
410 min_bar=-8296503
424 k+1=2
424 min_bar=-8290665.5
419 ****
419 2950587
419 min_bar=-7798947
386 k+1=5
386 min_bar=-8161348
460 k+1=3
460 min_bar=-8358505
121 k+1=5
121 min_bar=-7899704.5
482 k+1=3
482 min_bar=-8308672
86 ****
86 510587
86 min_bar=9007199254740992
467 k+1=5
467 min_bar=-8203433
448 k+1=3
448 min_bar=-8448670
477 k+1=3
477 min_bar=-8260494
173 k+1=5
173 min_bar=-8233904.5
472 k+1=4
472 min_bar=-8236307
434 k+1=2
434 min_bar=-8281766
403 ****
403 2853587
403 min_bar=-8026921
487 ****
487 3753587
487 min_bar=-7822818
364 k+1=4
364 min_bar=-8420070
454 k+1=2
454 min_bar=-8353366
492 ****
492 3841587
492 min_bar=9007199254740992
395 k+1=2
395 min_bar=-8323992.5
424 k+1=3
424 min_bar=-8290665.5
5 k+1=5
5 min_bar=-8269537.5
442 k+1=5
442 min_bar=-8478978
280 k+1=2
280 min_bar=-7846461.5
410 k+1=4
410 min_bar=-8299874.5
158 k+1=2
158 min_bar=-8230441
448 k+1=4
448 min_bar=-8448670
172 ****
172 1021587
172 min_bar=9007199254740992
222 k+1=4
222 min_bar=-8463552
466 ****
466 3461587
466 min_bar=-8193137
419 k+1=2
419 min_bar=-8157664
460 k+1=4
460 min_bar=-8418324
482 k+1=4
482 min_bar=-8308672
120 ****
120 649587
120 min_bar=-8350389
487 k+1=2
487 min_bar=-7822818
434 k+1=3
434 min_bar=-8281766
472 k+1=5
472 min_bar=-8236307
454 k+1=3
454 min_bar=-8353366
385 ****
385 2739587
385 min_bar=-7860765
403 k+1=2
403 min_bar=-8051163
364 k+1=5
364 min_bar=-8420070
477 k+1=4
477 min_bar=-8279576
424 k+1=4
424 min_bar=-8303540.5
491 ****
491 3840587
491 min_bar=-8067716
410 k+1=5
410 min_bar=-8299874.5
4 ****
4 128587
4 min_bar=9007199254740992
441 ****
441 3161587
441 min_bar=-8398681
222 k+1=5
222 min_bar=-8463552
466 k+1=2
466 min_bar=-8193137
460 k+1=5
460 min_bar=-8418324
471 ****
471 3547587
471 min_bar=-8191756.5
158 k+1=3
158 min_bar=-8321342
482 k+1=5
482 min_bar=-8308672
419 k+1=3
419 min_bar=-8182813
171 ****
171 1020587
171 min_bar=-8169733.5
448 k+1=5
448 min_bar=-8448670
120 k+1=2
120 min_bar=-8350389
395 k+1=3
395 min_bar=-8408432
280 k+1=3
280 min_bar=-7857119
487 k+1=3
487 min_bar=-7850291
434 k+1=4
434 min_bar=-8281766
424 k+1=5
424 min_bar=-8375623.5
454 k+1=4
454 min_bar=-8353366
363 ****
363 2536587
363 min_bar=-8261203.5
471 k+1=2
471 min_bar=-8191756.5
403 k+1=3
403 min_bar=-8069625
409 ****
409 2931587
409 min_bar=-8336902
441 k+1=2
441 min_bar=-8398681
459 ****
459 3355587
459 min_bar=-8281341.5
491 k+1=2
491 min_bar=-8231954
487 k+1=4
487 min_bar=-7850291
466 k+1=3
466 min_bar=-8221631
385 k+1=2
385 min_bar=-7860765
481 ****
481 3655587
481 min_bar=-8312035
477 k+1=5
477 min_bar=-8279576
158 k+1=4
158 min_bar=-8321342
447 ****
447 3255587
447 min_bar=-8334581
471 k+1=3
471 min_bar=-8248906.5
3 ****
3 127587
3 min_bar=-7975634
221 ****
221 1351587
221 min_bar=-8426018
434 k+1=5
434 min_bar=-8281766
419 k+1=4
419 min_bar=-8196737
423 ****
423 2960587
423 min_bar=-8393867
120 k+1=3
120 min_bar=-8350389
395 k+1=4
395 min_bar=-8408432
363 k+1=2
363 min_bar=-8332352
466 k+1=4
466 min_bar=-8221631
280 k+1=4
280 min_bar=-8041636
454 k+1=5
454 min_bar=-8353366
491 k+1=3
491 min_bar=-8231954
459 k+1=2
459 min_bar=-8405780
487 k+1=5
487 min_bar=-7850291
409 k+1=2
409 min_bar=-8397921
403 k+1=4
403 min_bar=-8069625
171 k+1=2
171 min_bar=-8206073
471 k+1=4
471 min_bar=-8298129.5
441 k+1=3
441 min_bar=-8398681
481 k+1=2
481 min_bar=-8312551
3 k+1=2
3 min_bar=-7975634
158 k+1=5
158 min_bar=-8321342
385 k+1=3
385 min_bar=-7860765
447 k+1=2
447 min_bar=-8345805.5
476 ****
476 3560587
476 min_bar=-8354771
419 k+1=5
419 min_bar=-8196737
423 k+1=2
423 min_bar=-8441564
491 k+1=4
491 min_bar=-8248925
433 ****
433 3132587
433 min_bar=-8325735.5
459 k+1=3
459 min_bar=-8405780
466 k+1=5
466 min_bar=-8221631
221 k+1=2
221 min_bar=-8538730
363 k+1=3
363 min_bar=-8332352
120 k+1=4
120 min_bar=-8350389
453 ****
453 3337587
453 min_bar=-7741403.5
471 k+1=5
471 min_bar=-8298129.5
486 ****
486 3752587
486 min_bar=-7932050
409 k+1=3
409 min_bar=-8397921
3 k+1=3
3 min_bar=-7975634
280 k+1=5
280 min_bar=-8041636
441 k+1=4
441 min_bar=-8398681
395 k+1=5
395 min_bar=-8408432
403 k+1=5
403 min_bar=-8069625
481 k+1=3
481 min_bar=-8317297
418 ****
418 2947587
418 min_bar=-8251384.5
157 ****
157 927587
157 min_bar=-8301374
447 k+1=3
447 min_bar=-8345805.5
459 k+1=4
459 min_bar=-8405780
171 k+1=3
171 min_bar=-8206073
423 k+1=3
423 min_bar=-8447623
221 k+1=3
221 min_bar=-8538730
476 k+1=2
476 min_bar=-8368436
453 k+1=2
453 min_bar=-7741403.5
465 ****
465 3458587
465 min_bar=-8247399
491 k+1=5
491 min_bar=-8248925
486 k+1=2
486 min_bar=-7932050
363 k+1=4
363 min_bar=-8332352
120 k+1=5
120 min_bar=-8350389
409 k+1=4
409 min_bar=-8397921
470 ****
470 3546587
470 min_bar=-8184227
433 k+1=2
433 min_bar=-8363892
496 ****
496 3851587
496 min_bar=-7986516
385 k+1=4
385 min_bar=-7860765
3 k+1=4
3 min_bar=-7975634
418 k+1=2
418 min_bar=-8252883
157 k+1=2
157 min_bar=-8301374
171 k+1=4
171 min_bar=-8206073
459 k+1=5
459 min_bar=-8405780
441 k+1=5
441 min_bar=-8398681
481 k+1=4
481 min_bar=-8348378.5
447 k+1=4
447 min_bar=-8345805.5
394 ****
394 2835587
394 min_bar=-8268069
402 ****
402 2852587
402 min_bar=-8012022
418 k+1=3
418 min_bar=-8252883
423 k+1=4
423 min_bar=-8464563
486 k+1=3
486 min_bar=-7939384
363 k+1=5
363 min_bar=-8332352
496 k+1=2
496 min_bar=-8080127
500 ****
500 3942587
500 min_bar=-7853408
490 ****
490 3761587
490 min_bar=-7748379
453 k+1=3
453 min_bar=-7741403.5
409 k+1=5
409 min_bar=-8397921
433 k+1=3
433 min_bar=-8363892
221 k+1=4
221 min_bar=-8538730
465 k+1=2
465 min_bar=-8247910
476 k+1=3
476 min_bar=-8386232
470 k+1=2
470 min_bar=-8218324
157 k+1=3
157 min_bar=-8319381
458 ****
458 3354587
458 min_bar=-8265764
171 k+1=5
171 min_bar=-8206073
447 k+1=5
447 min_bar=-8345805.5
440 ****
440 3155587
440 min_bar=-8499135
481 k+1=5
481 min_bar=-8348378.5
418 k+1=4
418 min_bar=-8262581
3 k+1=5
3 min_bar=-7975634
408 ****
408 2864587
408 min_bar=-8337791.5
385 k+1=5
385 min_bar=-7860765
500 k+1=2
500 min_bar=-7853408
394 k+1=2
394 min_bar=-8268069
496 k+1=3
496 min_bar=-8080127
486 k+1=4
486 min_bar=-7939384
453 k+1=4
453 min_bar=-7741403.5
423 k+1=5
423 min_bar=-8469446
490 k+1=2
490 min_bar=-7834662.5
402 k+1=2
402 min_bar=-8012022
362 ****
362 2534587
362 min_bar=-8264237
458 k+1=2
458 min_bar=-8265764
418 k+1=5
418 min_bar=-8262581
465 k+1=3
465 min_bar=-8309731
470 k+1=3
470 min_bar=-8218324
446 ****
446 3239587
446 min_bar=-7809580
440 k+1=2
440 min_bar=-8499135
157 k+1=4
157 min_bar=-8319381
433 k+1=4
433 min_bar=-8363892
476 k+1=4
476 min_bar=-8386232
2 ****
2 125587
2 min_bar=9007199254740992
480 ****
480 3652587
480 min_bar=9007199254740992
221 k+1=5
221 min_bar=-8538730
504 ****
504 3961587
504 min_bar=-7876474
486 k+1=5
486 min_bar=-7939384
500 k+1=3
500 min_bar=-7853408
408 k+1=2
408 min_bar=-8422285
417 ****
417 2946587
417 min_bar=-8177232.5
508 ****
508 4049587
508 min_bar=-7977789
384 ****
384 2735587
384 min_bar=-8527507
490 k+1=3
490 min_bar=-7834662.5
453 k+1=5
453 min_bar=-7741403.5
362 k+1=2
362 min_bar=-8264237
458 k+1=3
458 min_bar=-8265764
394 k+1=3
394 min_bar=-8313818
512 ****
512 4144587
512 min_bar=9007199254740992
402 k+1=3
402 min_bar=-8033082
465 k+1=4
465 min_bar=-8309731
440 k+1=3
440 min_bar=-8518595
496 k+1=4
496 min_bar=-8106194
470 k+1=4
470 min_bar=-8294617
408 k+1=3
408 min_bar=-8422285
485 ****
485 3746587
485 min_bar=9007199254740992
157 k+1=5
157 min_bar=-8321406
446 k+1=2
446 min_bar=-7896887
479 ****
479 3642587
479 min_bar=-8352884
433 k+1=5
433 min_bar=-8363892
500 k+1=4
500 min_bar=-7853408
417 k+1=2
417 min_bar=-8289957
490 k+1=4
490 min_bar=-7834662.5
384 k+1=2
384 min_bar=-8595590
452 ****
452 3336587
452 min_bar=-8322369
476 k+1=5
476 min_bar=-8386232
465 k+1=5
465 min_bar=-8309731
511 ****
511 4143587
511 min_bar=-9148743
458 k+1=4
458 min_bar=-8265764
504 k+1=2
504 min_bar=-7890788
1 ****
1 114587
1 min_bar=-8014632.5
362 k+1=3
362 min_bar=-8264237
440 k+1=4
440 min_bar=-8518595
508 k+1=2
508 min_bar=-8051739
432 ****
432 3059587
432 min_bar=9007199254740992
408 k+1=4
408 min_bar=-8422285
484 ****
484 3742587
484 min_bar=-7762326.5
446 k+1=3
446 min_bar=-7896887
496 k+1=5
496 min_bar=-8224495
394 k+1=4
394 min_bar=-8335921
470 k+1=5
470 min_bar=-8294617
156 ****
156 925587
156 min_bar=-8231974
479 k+1=2
479 min_bar=-8352884
402 k+1=4
402 min_bar=-8033082
511 k+1=2
511 min_bar=-9148743
500 k+1=5
500 min_bar=-7924465
417 k+1=3
417 min_bar=-8289957
452 k+1=2
452 min_bar=-8322369
408 k+1=5
408 min_bar=-8422285
458 k+1=5
458 min_bar=-8265764
490 k+1=5
490 min_bar=-7834662.5
384 k+1=3
384 min_bar=-8595590
440 k+1=5
440 min_bar=-8518595
431 ****
431 3057587
431 min_bar=9007199254740992
484 k+1=2
484 min_bar=-7762326.5
464 ****
464 3454587
464 min_bar=-8218927
362 k+1=4
362 min_bar=-8264237
1 k+1=2
1 min_bar=-8014632.5
504 k+1=3
504 min_bar=-7890788
475 ****
475 3558587
475 min_bar=-8441427
511 k+1=3
511 min_bar=-9148743
489 ****
489 3760587
489 min_bar=-7772662
508 k+1=3
508 min_bar=-8108811
495 ****
495 3849587
495 min_bar=-8027782
402 k+1=5
402 min_bar=-8033082
457 ****
457 3353587
457 min_bar=-7901833
394 k+1=5
394 min_bar=-8335921
469 ****
469 3537587
469 min_bar=9007199254740992
156 k+1=2
156 min_bar=-8231974
452 k+1=3
452 min_bar=-8322369
407 ****
407 2861587
407 min_bar=-8460992
446 k+1=4
446 min_bar=-7896887
499 ****
499 3862587
499 min_bar=-8091639
417 k+1=4
417 min_bar=-8314429
479 k+1=3
479 min_bar=-8371527
384 k+1=4
384 min_bar=-8595590
430 ****
430 3056587
430 min_bar=-8646225
511 k+1=4
511 min_bar=-9219867
495 k+1=2
495 min_bar=-8027782
484 k+1=3
484 min_bar=-7762326.5
464 k+1=2
464 min_bar=-8218927
489 k+1=2
489 min_bar=-7772662
439 ****
439 3154587
439 min_bar=-8418040
499 k+1=2
499 min_bar=-8091639
452 k+1=4
452 min_bar=-8322369
362 k+1=5
362 min_bar=-8353426
457 k+1=2
457 min_bar=-7957717
417 k+1=5
417 min_bar=-8314429
508 k+1=4
508 min_bar=-8108811
401 ****
401 2850587
401 min_bar=-8196654
504 k+1=4
504 min_bar=-7890788
407 k+1=2
407 min_bar=-8460992
1 k+1=3
1 min_bar=-8044558
479 k+1=4
479 min_bar=-8371527
511 k+1=5
511 min_bar=-9219867
495 k+1=3
495 min_bar=-8027782
489 k+1=3
489 min_bar=-7772662
156 k+1=3
156 min_bar=-8231974
475 k+1=2
475 min_bar=-8488307
468 ****
468 3536587
468 min_bar=-8185275
430 k+1=2
430 min_bar=-8646225
384 k+1=5
384 min_bar=-8595590
393 ****
393 2834587
393 min_bar=-8389238
484 k+1=4
484 min_bar=-7762326.5
499 k+1=3
499 min_bar=-8091639
446 k+1=5
446 min_bar=-7896887
452 k+1=5
452 min_bar=-8322369
464 k+1=3
464 min_bar=-8286686
516 ****
516 4159587
516 min_bar=-8961359
416 ****
416 2942587
416 min_bar=-8261045
439 k+1=2
439 min_bar=-8418040
508 k+1=5
508 min_bar=-8108811
401 k+1=2
401 min_bar=-8214366
457 k+1=3
457 min_bar=-7957717
489 k+1=4
489 min_bar=-7772662
407 k+1=3
407 min_bar=-8534011
495 k+1=4
495 min_bar=-8113808.5
499 k+1=4
499 min_bar=-8091639
479 k+1=5
479 min_bar=-8371527
504 k+1=5
504 min_bar=-7890788
430 k+1=3
430 min_bar=-8646225
156 k+1=4
156 min_bar=-8231974
383 ****
383 2731587
383 min_bar=-8212412.5
451 ****
451 3335587
451 min_bar=-8034334
468 k+1=2
468 min_bar=-8256648
510 ****
510 4057587
510 min_bar=-8367820
484 k+1=5
484 min_bar=-7762326.5
1 k+1=4
1 min_bar=-8046983.5
516 k+1=2
516 min_bar=-8961359
499 k+1=5
499 min_bar=-8091639
416 k+1=2
416 min_bar=-8261045
401 k+1=3
401 min_bar=-8222368
495 k+1=5
495 min_bar=-8113808.5
475 k+1=3
475 min_bar=-8488307
439 k+1=3
439 min_bar=-8418040
464 k+1=4
464 min_bar=-8286686
489 k+1=5
489 min_bar=-7772662
393 k+1=2
393 min_bar=-8389238
457 k+1=4
457 min_bar=-7957717
445 ****
445 3237587
445 min_bar=-7695890.5
507 ****
507 4048587
507 min_bar=-8364358
407 k+1=4
407 min_bar=-8561934
478 ****
478 3564587
478 min_bar=-8433256
430 k+1=4
430 min_bar=-8646225
516 k+1=3
516 min_bar=-8961359
483 ****
483 3661587
483 min_bar=-8322927.5
156 k+1=5
156 min_bar=-8295642
451 k+1=2
451 min_bar=-8136772
416 k+1=3
416 min_bar=-8261045
498 ****
498 3857587
498 min_bar=-8222184
503 ****
503 3960587
503 min_bar=-7919837.5
468 k+1=3
468 min_bar=-8286237.5
494 ****
494 3845587
494 min_bar=-8328595
510 k+1=2
510 min_bar=-8367820
401 k+1=4
401 min_bar=-8222368
383 k+1=2
383 min_bar=-8347710
488 ****
488 3755587
488 min_bar=-7740976
407 k+1=5
407 min_bar=-8561934
457 k+1=5
457 min_bar=-7989160
464 k+1=5
464 min_bar=-8289510
1 k+1=5
1 min_bar=-8046983.5
439 k+1=4
439 min_bar=-8418040
516 k+1=4
516 min_bar=-8961359
475 k+1=4
475 min_bar=-8488307
507 k+1=2
507 min_bar=-8364358
430 k+1=5
430 min_bar=-8646225
478 k+1=2
478 min_bar=-8467409
393 k+1=3
393 min_bar=-8389238
498 k+1=2
498 min_bar=-8316639
445 k+1=2
445 min_bar=-7695890.5
483 k+1=2
483 min_bar=-8322927.5
416 k+1=4
416 min_bar=-8261045
494 k+1=2
494 min_bar=-8328595
155 ****
155 924587
155 min_bar=-8252990
468 k+1=4
468 min_bar=-8286237.5
510 k+1=3
510 min_bar=-8367820
401 k+1=5
401 min_bar=-8222368
488 k+1=2
488 min_bar=-7740976
451 k+1=3
451 min_bar=-8220080
516 k+1=5
516 min_bar=-8961359
456 ****
456 3352587
456 min_bar=-7877329
519 ****
519 4250587
519 min_bar=-8161567
463 ****
463 3453587
463 min_bar=-7965419
522 ****
522 4260587
522 min_bar=-8208371
507 k+1=3
507 min_bar=-8364358
525 ****
525 4344587
525 min_bar=-8804804
503 k+1=2
503 min_bar=-7919837.5
478 k+1=3
478 min_bar=-8467409
498 k+1=3
498 min_bar=-8316639
439 k+1=5
439 min_bar=-8418040
416 k+1=5
416 min_bar=-8261045
393 k+1=4
393 min_bar=-8411678
494 k+1=3
494 min_bar=-8328595
383 k+1=3
383 min_bar=-8347710
483 k+1=3
483 min_bar=-8371527
475 k+1=5
475 min_bar=-8488307
400 ****
400 2847587
400 min_bar=-8115032.5
445 k+1=3
445 min_bar=-7695890.5
525 k+1=2
525 min_bar=-8804804
468 k+1=5
468 min_bar=-8286237.5
155 k+1=2
155 min_bar=-8273315.5
451 k+1=4
451 min_bar=-8220080
456 k+1=2
456 min_bar=-7994905
488 k+1=3
488 min_bar=-7787818.5
515 ****
515 4156587
515 min_bar=9007199254740992
519 k+1=2
519 min_bar=-8161567
478 k+1=4
478 min_bar=-8467409
507 k+1=4
507 min_bar=-8364358
510 k+1=4
510 min_bar=-8434455
522 k+1=2
522 min_bar=-8214131
438 ****
438 3147587
438 min_bar=-8192884
383 k+1=4
383 min_bar=-8347710
525 k+1=3
525 min_bar=-8804804
498 k+1=4
498 min_bar=-8316639
463 k+1=2
463 min_bar=-7984614
456 k+1=3
456 min_bar=-7994905
445 k+1=4
445 min_bar=-7695890.5
494 k+1=4
494 min_bar=-8350340
400 k+1=2
400 min_bar=-8115032.5
503 k+1=3
503 min_bar=-7919837.5
393 k+1=5
393 min_bar=-8411678
483 k+1=4
483 min_bar=-8381364
514 ****
514 4149587
514 min_bar=9007199254740992
415 ****
415 2939587
415 min_bar=-7938467
474 ****
474 3555587
474 min_bar=-8530454
488 k+1=4
488 min_bar=-7787818.5
507 k+1=5
507 min_bar=-8364358
528 ****
528 4356587
528 min_bar=-8348589.5
155 k+1=3
155 min_bar=-8273315.5
478 k+1=5
478 min_bar=-8467409
451 k+1=5
451 min_bar=-8220080
519 k+1=3
519 min_bar=-8184762
522 k+1=3
522 min_bar=-8217588
513 ****
513 4148587
513 min_bar=9007199254740992
525 k+1=4
525 min_bar=-8804804
498 k+1=5
498 min_bar=-8316639
510 k+1=5
510 min_bar=-8434455
400 k+1=3
400 min_bar=-8158758.5
438 k+1=2
438 min_bar=-8238050
456 k+1=4
456 min_bar=-7994905
494 k+1=5
494 min_bar=-8350340
483 k+1=5
483 min_bar=-8381364
463 k+1=3
463 min_bar=-7984614
392 ****
392 2831587
392 min_bar=-8404618
383 k+1=5
383 min_bar=-8347710
415 k+1=2
415 min_bar=-7938467
474 k+1=2
474 min_bar=-8549152
528 k+1=2
528 min_bar=-8348589.5
155 k+1=4
155 min_bar=-8273315.5
488 k+1=5
488 min_bar=-7787818.5
445 k+1=5
445 min_bar=-7743969
503 k+1=4
503 min_bar=-7919837.5
450 ****
450 3334587
450 min_bar=-8460553
506 ****
506 4044587
506 min_bar=9007199254740992
525 k+1=5
525 min_bar=-8804804
522 k+1=4
522 min_bar=-8217588
519 k+1=4
519 min_bar=-8184762
531 ****
531 4362587
531 min_bar=-8326462
534 ****
534 4451587
534 min_bar=9007199254740992
400 k+1=4
400 min_bar=-8158758.5
456 k+1=5
456 min_bar=-8006450
528 k+1=3
528 min_bar=-8348589.5
438 k+1=3
438 min_bar=-8238050
509 ****
509 4054587
509 min_bar=9007199254740992
493 ****
493 3843587
493 min_bar=-8396558
415 k+1=3
415 min_bar=-7938467
540 ****
540 4556587
540 min_bar=9007199254740992
537 ****
537 4463587
537 min_bar=-8697286
392 k+1=2
392 min_bar=-8481894
450 k+1=2
450 min_bar=-8508622
497 ****
497 3856587
497 min_bar=-8250356
505 ****
505 4043587
505 min_bar=9007199254740992
463 k+1=4
463 min_bar=-7984614
155 k+1=5
155 min_bar=-8340421
474 k+1=3
474 min_bar=-8549152
400 k+1=5
400 min_bar=-8203440
524 ****
524 4264587
524 min_bar=-8340976.5
382 ****
382 2729587
382 min_bar=-8424743
444 ****
444 3234587
444 min_bar=-8104142
522 k+1=5
522 min_bar=-8292884
503 k+1=5
503 min_bar=-7919837.5
519 k+1=5
519 min_bar=-8184762
531 k+1=2
531 min_bar=-8326462
546 ****
546 4664587
546 min_bar=-8257064
533 ****
533 4450587
533 min_bar=9007199254740992
543 ****
543 4650587
543 min_bar=-8193827
438 k+1=4
438 min_bar=-8307811.5
528 k+1=4
528 min_bar=-8362870.5
524 k+1=2
524 min_bar=-8340976.5
450 k+1=3
450 min_bar=-8508622
415 k+1=4
415 min_bar=-7938467
493 k+1=2
493 min_bar=-8396558
537 k+1=2
537 min_bar=-8697286
521 ****
521 4255587
521 min_bar=-8369849
497 k+1=2
497 min_bar=-8259661
474 k+1=4
474 min_bar=-8549152
539 ****
539 4551587
539 min_bar=-8562116
502 ****
502 3952587
502 min_bar=-7744848.5
392 k+1=3
392 min_bar=-8481894
546 k+1=2
546 min_bar=-8257064
524 k+1=3
524 min_bar=-8373560.5
518 ****
518 4247587
518 min_bar=-8203891
549 ****
549 4753587
549 min_bar=-7951590.5
399 ****
399 2846587
399 min_bar=-8367759
463 k+1=5
463 min_bar=-7984614
528 k+1=5
528 min_bar=-8362870.5
444 k+1=2
444 min_bar=-8176900
531 k+1=3
531 min_bar=-8326462
154 ****
154 919587
154 min_bar=-8401157
382 k+1=2
382 min_bar=-8424743
543 k+1=2
543 min_bar=-8193827
450 k+1=4
450 min_bar=-8530725
438 k+1=5
438 min_bar=-8307811.5
474 k+1=5
474 min_bar=-8549152
532 ****
532 4363587
532 min_bar=9007199254740992
493 k+1=3
493 min_bar=-8494493
415 k+1=5
415 min_bar=-7938467
539 k+1=2
539 min_bar=-8562116
521 k+1=2
521 min_bar=-8369849
537 k+1=3
537 min_bar=-8697286
531 k+1=4
531 min_bar=-8326462
543 k+1=3
543 min_bar=-8193827
497 k+1=3
497 min_bar=-8259661
502 k+1=2
502 min_bar=-7805542
518 k+1=2
518 min_bar=-8203891
546 k+1=3
546 min_bar=-8257064
524 k+1=4
524 min_bar=-8373560.5
392 k+1=4
392 min_bar=-8481894
527 ****
527 4351587
527 min_bar=-8583258
399 k+1=2
399 min_bar=-8408663
450 k+1=5
450 min_bar=-8530725
549 k+1=2
549 min_bar=-8022964
462 ****
462 3452587
462 min_bar=-7960000
444 k+1=3
444 min_bar=-8203637
154 k+1=2
154 min_bar=-8401157
552 ****
552 4758587
552 min_bar=-8025301
539 k+1=3
539 min_bar=-8562116
382 k+1=3
382 min_bar=-8427027
437 ****
437 3146587
437 min_bar=-8078414
555 ****
555 4857587
555 min_bar=-8363121
493 k+1=4
493 min_bar=-8512064
521 k+1=3
521 min_bar=-8369849
473 ****
473 3554587
473 min_bar=-8414102
518 k+1=3
518 min_bar=-8203891
527 k+1=2
527 min_bar=-8616833
524 k+1=5
524 min_bar=-8373560.5
531 k+1=5
531 min_bar=-8335682.5
537 k+1=4
537 min_bar=-8697286
399 k+1=3
399 min_bar=-8408663
543 k+1=4
543 min_bar=-8203702
392 k+1=5
392 min_bar=-8481894
558 ****
558 4957587
558 min_bar=-8089821.5
546 k+1=4
546 min_bar=-8257064
497 k+1=4
497 min_bar=-8259661
502 k+1=3
502 min_bar=-7805542
539 k+1=4
539 min_bar=-8562116
549 k+1=3
549 min_bar=-8022964
154 k+1=3
154 min_bar=-8401157
555 k+1=2
555 min_bar=-8389361
552 k+1=2
552 min_bar=-8177780
444 k+1=4
444 min_bar=-8203637
527 k+1=3
527 min_bar=-8623312
530 ****
530 4359587
530 min_bar=9007199254740992
537 k+1=5
537 min_bar=-8697286
462 k+1=2
462 min_bar=-7960000
518 k+1=4
518 min_bar=-8203891
523 ****
523 4261587
523 min_bar=-8368916
493 k+1=5
493 min_bar=-8548528
473 k+1=2
473 min_bar=-8414102
437 k+1=2
437 min_bar=-8297002.5
521 k+1=4
521 min_bar=-8369849
399 k+1=4
399 min_bar=-8414377
382 k+1=4
382 min_bar=-8427027
539 k+1=5
539 min_bar=-8562116
391 ****
391 2760587
391 min_bar=-8175666
543 k+1=5
543 min_bar=-8203702
497 k+1=5
497 min_bar=-8259661
546 k+1=5
546 min_bar=-8257064
558 k+1=2
558 min_bar=-8089821.5
527 k+1=4
527 min_bar=-8623312
529 ****
529 4357587
529 min_bar=9007199254740992
502 k+1=4
502 min_bar=-7834459.5
552 k+1=3
552 min_bar=-8177780
549 k+1=4
549 min_bar=-8042039
555 k+1=3
555 min_bar=-8417364
154 k+1=4
154 min_bar=-8401157
536 ****
536 4462587
536 min_bar=9007199254740992
518 k+1=5
518 min_bar=-8203891
444 k+1=5
444 min_bar=-8203637
535 ****
535 4457587
535 min_bar=9007199254740992
437 k+1=3
437 min_bar=-8297002.5
564 ****
564 5063587
564 min_bar=9007199254740992
527 k+1=5
527 min_bar=-8623312
523 k+1=2
523 min_bar=-8399093
558 k+1=3
558 min_bar=-8089821.5
462 k+1=3
462 min_bar=-8000468
561 ****
561 5054587
561 min_bar=-8154520
473 k+1=3
473 min_bar=-8432460
521 k+1=5
521 min_bar=-8369849
399 k+1=5
399 min_bar=-8414377
555 k+1=4
555 min_bar=-8417364
545 ****
545 4663587
545 min_bar=-7800010
382 k+1=5
382 min_bar=-8427027
542 ****
542 4563587
542 min_bar=-8323607
391 k+1=2
391 min_bar=-8175666
517 ****
517 4246587
517 min_bar=-8260920
552 k+1=4
552 min_bar=-8177780
502 k+1=5
502 min_bar=-7834459.5
538 ****
538 4550587
538 min_bar=-7954740
570 ****
570 5261587
570 min_bar=9007199254740992
549 k+1=5
549 min_bar=-8042039
567 ****
567 5162587
567 min_bar=-8442227
154 k+1=5
154 min_bar=-8401157
573 ****
573 5361587
573 min_bar=-7983257
558 k+1=4
558 min_bar=-8089821.5
563 ****
563 5060587
563 min_bar=-8020350
526 ****
526 4349587
526 min_bar=9007199254740992
555 k+1=5
555 min_bar=-8468598
523 k+1=3
523 min_bar=-8421163
576 ****
576 5458587
576 min_bar=-8282107
381 ****
381 2659587
381 min_bar=9007199254740992
520 ****
520 4252587
520 min_bar=-8052690
437 k+1=4
437 min_bar=-8297002.5
517 k+1=2
517 min_bar=-8260920
545 k+1=2
545 min_bar=-7800010
542 k+1=2
542 min_bar=-8375045
462 k+1=4
462 min_bar=-8000468
579 ****
579 5564587
579 min_bar=-8537672
391 k+1=3
391 min_bar=-8273419
561 k+1=2
561 min_bar=-8154520
548 ****
548 4752587
548 min_bar=-7879089
473 k+1=4
473 min_bar=-8436903
573 k+1=2
573 min_bar=-8020595
569 ****
569 5253587
569 min_bar=-7869660
501 ****
501 3946587
501 min_bar=-7919903
552 k+1=5
552 min_bar=-8177780
558 k+1=5
558 min_bar=-8089821.5
567 k+1=2
567 min_bar=-8442227
538 k+1=2
538 min_bar=-8110309
563 k+1=2
563 min_bar=-8166111
582 ****
582 5762587
582 min_bar=9007199254740992
517 k+1=3
517 min_bar=-8260920
579 k+1=2
579 min_bar=-8544974
437 k+1=5
437 min_bar=-8297002.5
576 k+1=2
576 min_bar=-8282107
523 k+1=4
523 min_bar=-8421163
554 ****
554 4856587
554 min_bar=-8331411
520 k+1=2
520 min_bar=-8052690
545 k+1=3
545 min_bar=-7800010
585 ****
585 6064587
585 min_bar=-8167163
542 k+1=3
542 min_bar=-8375045
391 k+1=4
391 min_bar=-8273419
551 ****
551 4755587
551 min_bar=9007199254740992
473 k+1=5
473 min_bar=-8436903
548 k+1=2
548 min_bar=-7879089
573 k+1=3
573 min_bar=-8020595
561 k+1=3
561 min_bar=-8154520
557 ****
557 4951587
557 min_bar=-8306018
569 k+1=2
569 min_bar=-7869660
462 k+1=5
462 min_bar=-8072852
501 k+1=2
501 min_bar=-7919903
567 k+1=3
567 min_bar=-8471609
579 k+1=3
579 min_bar=-8544974
538 k+1=3
538 min_bar=-8110309
563 k+1=3
563 min_bar=-8166111
581 ****
581 5663587
581 min_bar=-8346680
517 k+1=4
517 min_bar=-8264070
554 k+1=2
554 min_bar=-8331411
542 k+1=4
542 min_bar=-8375045
576 k+1=3
576 min_bar=-8282107
545 k+1=4
545 min_bar=-7800010
523 k+1=5
523 min_bar=-8421163
587 ****
587 6263587
587 min_bar=9007199254740992
391 k+1=5
391 min_bar=-8273419
520 k+1=3
520 min_bar=-8087032
573 k+1=4
573 min_bar=-8020595
557 k+1=2
557 min_bar=-8306018
567 k+1=4
567 min_bar=-8471609
579 k+1=4
579 min_bar=-8544974
517 k+1=5
517 min_bar=-8319055
585 k+1=2
585 min_bar=-8215576
548 k+1=3
548 min_bar=-7970014
569 k+1=3
569 min_bar=-7896875
550 ****
550 4754587
550 min_bar=-8234760
561 k+1=4
561 min_bar=-8154520
581 k+1=2
581 min_bar=-8346680
563 k+1=4
563 min_bar=-8229456
501 k+1=3
501 min_bar=-7933645.5
538 k+1=4
538 min_bar=-8110309
542 k+1=5
542 min_bar=-8375045
554 k+1=3
554 min_bar=-8331411
579 k+1=5
579 min_bar=-8544974
557 k+1=3
557 min_bar=-8306018
545 k+1=5
545 min_bar=-7800010
576 k+1=4
576 min_bar=-8354066
573 k+1=5
573 min_bar=-8020595
569 k+1=4
569 min_bar=-7896875
520 k+1=4
520 min_bar=-8087032
390 ****
390 2758587
390 min_bar=-8443741
567 k+1=5
567 min_bar=-8497983
548 k+1=4
548 min_bar=-7970014
581 k+1=3
581 min_bar=-8390516
550 k+1=2
550 min_bar=-8234760
561 k+1=5
561 min_bar=-8154520
586 ****
586 6164587
586 min_bar=-8273695.5
585 k+1=3
585 min_bar=-8224373
563 k+1=5
563 min_bar=-8229456
501 k+1=4
501 min_bar=-7933645.5
586 k+1=2
586 min_bar=-8273695.5
541 ****
541 4557587
541 min_bar=-8130297
569 k+1=5
569 min_bar=-7896875
554 k+1=4
554 min_bar=-8331411
557 k+1=4
557 min_bar=-8461071
581 k+1=4
581 min_bar=-8399301
538 k+1=5
538 min_bar=-8110309
390 k+1=2
390 min_bar=-8443741
578 ****
578 5558587
578 min_bar=-8304324
544 ****
544 4652587
544 min_bar=-7981321
576 k+1=5
576 min_bar=-8354066
550 k+1=3
550 min_bar=-8234760
572 ****
572 5360587
572 min_bar=-7961727
520 k+1=5
520 min_bar=-8087032
562 ****
562 5058587
562 min_bar=-8188529
560 ****
560 5051587
560 min_bar=-7837917
566 ****
566 5156587
566 min_bar=-8531298
585 k+1=4
585 min_bar=-8224373
501 k+1=5
501 min_bar=-7933645.5
548 k+1=5
548 min_bar=-8065263
541 k+1=2
541 min_bar=-8144441
581 k+1=5
581 min_bar=-8416234
575 ****
575 5455587
575 min_bar=-8329862.5
568 ****
568 5163587
568 min_bar=-8709470
586 k+1=3
586 min_bar=-8273695.5
554 k+1=5
554 min_bar=-8331411
390 k+1=3
390 min_bar=-8443741
578 k+1=2
578 min_bar=-8334454
572 k+1=2
572 min_bar=-8059273
550 k+1=4
550 min_bar=-8275012.5
557 k+1=5
557 min_bar=-8461071
541 k+1=3
541 min_bar=-8208944
544 k+1=2
544 min_bar=-7981321
562 k+1=2
562 min_bar=-8188529
560 k+1=2
560 min_bar=-7994889
580 ****
580 5659587
580 min_bar=-8511379
585 k+1=5
585 min_bar=-8224373
575 k+1=2
575 min_bar=-8329862.5
566 k+1=2
566 min_bar=-8531298
547 ****
547 4750587
547 min_bar=-8102064
556 ****
556 4859587
556 min_bar=9007199254740992
553 ****
553 4764587
553 min_bar=9007199254740992
541 k+1=4
541 min_bar=-8287767
568 k+1=2
568 min_bar=-8709470
578 k+1=3
578 min_bar=-8421822
562 k+1=3
562 min_bar=-8188529
390 k+1=4
390 min_bar=-8443741
586 k+1=4
586 min_bar=-8273695.5
580 k+1=2
580 min_bar=-8511379
572 k+1=3
572 min_bar=-8059273
550 k+1=5
550 min_bar=-8275012.5
560 k+1=3
560 min_bar=-7994889
584 ****
584 5864587
584 min_bar=-8301227
575 k+1=3
575 min_bar=-8393804
544 k+1=3
544 min_bar=-7981321
547 k+1=2
547 min_bar=-8124023.5
566 k+1=3
566 min_bar=-8531298
541 k+1=5
541 min_bar=-8287767
580 k+1=3
580 min_bar=-8511379
568 k+1=3
568 min_bar=-8715823
586 k+1=5
586 min_bar=-8273695.5
390 k+1=5
390 min_bar=-8443741
562 k+1=4
562 min_bar=-8188529
547 k+1=3
547 min_bar=-8124023.5
572 k+1=4
572 min_bar=-8059273
578 k+1=4
578 min_bar=-8421822
575 k+1=4
575 min_bar=-8446250
584 k+1=2
584 min_bar=-8329225.5
560 k+1=4
560 min_bar=-8129333
580 k+1=4
580 min_bar=-8511379
544 k+1=4
544 min_bar=-7981321
575 k+1=5
575 min_bar=-8446250
568 k+1=4
568 min_bar=-8715823
578 k+1=5
578 min_bar=-8421822
566 k+1=4
566 min_bar=-8531298
547 k+1=4
547 min_bar=-8124023.5
562 k+1=5
562 min_bar=-8188529
572 k+1=5
572 min_bar=-8059273
560 k+1=5
560 min_bar=-8129333
580 k+1=5
580 min_bar=-8511379
584 k+1=3
584 min_bar=-8344326
577 ****
577 5464587
577 min_bar=-8319474.5
568 k+1=5
568 min_bar=-8715823
544 k+1=5
544 min_bar=-7981321
559 ****
559 4962587
559 min_bar=-8965735
547 k+1=5
547 min_bar=-8129361
566 k+1=5
566 min_bar=-8531298
574 ****
574 5363587
574 min_bar=-7790921
584 k+1=4
584 min_bar=-8344326
571 ****
571 5358587
571 min_bar=-8043240
559 k+1=2
559 min_bar=-8965735
577 k+1=2
577 min_bar=-8377971.5
559 k+1=3
559 min_bar=-8965735
584 k+1=5
584 min_bar=-8373966.5
565 ****
565 5064587
565 min_bar=-8109287
571 k+1=2
571 min_bar=-8043240
574 k+1=2
574 min_bar=-7859311.5
559 k+1=4
559 min_bar=-8965735
577 k+1=3
577 min_bar=-8377971.5
583 ****
583 5860587
583 min_bar=-8175442
565 k+1=2
565 min_bar=-8188113
571 k+1=3
571 min_bar=-8096984
559 k+1=5
559 min_bar=-8995471
574 k+1=3
574 min_bar=-7859311.5
577 k+1=4
577 min_bar=-8377971.5
583 k+1=2
583 min_bar=-8271446
571 k+1=4
571 min_bar=-8096984
565 k+1=3
565 min_bar=-8192335
577 k+1=5
577 min_bar=-8390276
583 k+1=3
583 min_bar=-8271446
571 k+1=5
571 min_bar=-8096984
574 k+1=4
574 min_bar=-7933989.5
565 k+1=4
565 min_bar=-8192335
574 k+1=5
574 min_bar=-7935944
565 k+1=5
565 min_bar=-8192335
583 k+1=4
583 min_bar=-8271446
583 k+1=5
583 min_bar=-8271446
get_barrier_mat_quick -> par = 587, parfor toc = 3331.6467, max toc = 241.0086
Parallel pool using the 'comet1' profile is shutting down.
Total Experiment Time:    0 hours 57.24 minutes 
>> 