
                            < M A T L A B (R) >
                  Copyright 1984-2017 The MathWorks, Inc.
                   R2017a (9.2.0.538062) 64-bit (glnxa64)
                             February 23, 2017

 
For online documentation, see http://www.mathworks.com/support
For product information, visit www.mathworks.com.
 
  CUDADevice with properties:

                      Name: 'Tesla K80'
                     Index: 1
         ComputeCapability: '3.7'
            SupportsDouble: 1
             DriverVersion: 8
            ToolkitVersion: 8
        MaxThreadsPerBlock: 1024
          MaxShmemPerBlock: 49152
        MaxThreadBlockSize: [1024 1024 64]
               MaxGridSize: [2.1475e+09 65535 65535]
                 SIMDWidth: 32
               TotalMemory: 1.1996e+10
           AvailableMemory: 1.1860e+10
       MultiprocessorCount: 13
              ClockRateKHz: 823500
               ComputeMode: 'Default'
      GPUOverlapsTransfers: 1
    KernelExecutionTimeout: 0
          CanMapHostMemory: 1
           DeviceSupported: 1
            DeviceSelected: 1

367.48
/home/enijkamp/matlab2017a/sys/opengl/lib/glnxa64:/home/enijkamp/matlab2017a/sys/os/glnxa64:/home/enijkamp/matlab2017a/bin/glnxa64:/home/enijkamp/matlab2017a/extern/lib/glnxa64:/home/enijkamp/matlab2017a/runtime/glnxa64:/home/enijkamp/matlab2017a/sys/java/jre/glnxa64/jre/lib/amd64/native_threads:/home/enijkamp/matlab2017a/sys/java/jre/glnxa64/jre/lib/amd64/server:/home/enijkamp/cudnn-3.0/lib64:/opt/gnu/gcc/lib64:/opt/gnu/gmp/lib:/opt/gnu/mpfr/lib:/opt/gnu/mpc/lib:/opt/gnu/lib:/opt/gnu/lib64:/opt/mvapich2/intel/ib/lib:/opt/intel/composer_xe_2013_sp1.2.144/compiler/lib/intel64:/opt/intel/composer_xe_2013_sp1.2.144/mpirt/lib/intel64:/opt/intel/composer_xe_2013_sp1.2.144/ipp/../compiler/lib/intel64:/opt/intel/composer_xe_2013_sp1.2.144/ipp/lib/intel64:/opt/intel/composer_xe_2013_sp1.2.144/compiler/lib/intel64:/opt/intel/composer_xe_2013_sp1.2.144/mkl/lib/intel64:/opt/intel/composer_xe_2013_sp1.2.144/tbb/lib/intel64/gcc4.4:/opt/sdsc/lib
### 1/1 ###
{Error using figure
This functionality is no longer supported under the -nojvm startup option. For
more information, see "Changes to -nojvm Startup Option" in the MATLAB Release
Notes. To view the release note in your system browser, run
web('http://www.mathworks.com/help/matlab/release-notes.html#btsurqv-6',
'-browser').

Error in experiment_learn_escher_31 (line 106)
h1 = figure; plot(config.Gammas1);
} 
>> 