
                            < M A T L A B (R) >
                  Copyright 1984-2017 The MathWorks, Inc.
                   R2017a (9.2.0.538062) 64-bit (glnxa64)
                             February 23, 2017

 
To get started, type one of these: helpwin, helpdesk, or demo.
For product information, visit www.mathworks.com.
 
  CUDADevice with properties:

                      Name: 'Tesla K80'
                     Index: 1
         ComputeCapability: '3.7'
            SupportsDouble: 1
             DriverVersion: 8
            ToolkitVersion: 8
        MaxThreadsPerBlock: 1024
          MaxShmemPerBlock: 49152
        MaxThreadBlockSize: [1024 1024 64]
               MaxGridSize: [2.1475e+09 65535 65535]
                 SIMDWidth: 32
               TotalMemory: 1.1996e+10
           AvailableMemory: 1.1860e+10
       MultiprocessorCount: 13
              ClockRateKHz: 823500
               ComputeMode: 'Default'
      GPUOverlapsTransfers: 1
    KernelExecutionTimeout: 0
          CanMapHostMemory: 1
           DeviceSupported: 1
            DeviceSelected: 1

367.48
/home/enijkamp/matlab2017a/sys/opengl/lib/glnxa64:/home/enijkamp/matlab2017a/sys/os/glnxa64:/home/enijkamp/matlab2017a/bin/glnxa64:/home/enijkamp/matlab2017a/extern/lib/glnxa64:/home/enijkamp/matlab2017a/runtime/glnxa64:/home/enijkamp/matlab2017a/sys/java/jre/glnxa64/jre/lib/amd64/native_threads:/home/enijkamp/matlab2017a/sys/java/jre/glnxa64/jre/lib/amd64/server:/home/enijkamp/cudnn-3.0/lib64:/opt/gnu/gcc/lib64:/opt/gnu/gmp/lib:/opt/gnu/mpfr/lib:/opt/gnu/mpc/lib:/opt/gnu/lib:/opt/gnu/lib64:/opt/mvapich2/intel/ib/lib:/opt/intel/composer_xe_2013_sp1.2.144/compiler/lib/intel64:/opt/intel/composer_xe_2013_sp1.2.144/mpirt/lib/intel64:/opt/intel/composer_xe_2013_sp1.2.144/ipp/../compiler/lib/intel64:/opt/intel/composer_xe_2013_sp1.2.144/ipp/lib/intel64:/opt/intel/composer_xe_2013_sp1.2.144/compiler/lib/intel64:/opt/intel/composer_xe_2013_sp1.2.144/mkl/lib/intel64:/opt/intel/composer_xe_2013_sp1.2.144/tbb/lib/intel64/gcc4.4:/opt/sdsc/lib
### 1/1 ###
Learning category: escher
{Error using vl_nnbnorm
nnbnorm_forward: : cuda error [cuda: nnbnorm_*_forward: invalid device
function]

Error in vl_gan (line 64)
                res(i+1).x = vl_nnbnorm(res(i).x, l.weights{1}, l.weights{2}) ;

Error in learn_dualNets_config (line 36)
res = vl_gan(net2, gpuArray(z));

Error in experiment_learn_escher_31 (line 125)
learn_dualNets_config('escher', exp_type, config);
} 
>> 